Using pre-set license
Built from '2022.3/staging' branch; Version is '2022.3.59f1 (630718f645a5) revision 6489880'; Using compiler version '192829333'; Build Type 'Release'
OS: 'Windows 11  (10.0.26100) 64bit Professional' Language: 'en' Physical Memory: 32482 MB
BatchMode: 1, IsHumanControllingUs: 0, StartBugReporterOnCrash: 0, Is64bit: 1, IsPro: 1

COMMAND LINE ARGUMENTS:
C:\Program Files\Unity\Hub\Editor\2022.3.59f1\Editor\Unity.exe
-adb2
-batchMode
-noUpm
-name
AssetImportWorker19
-projectPath
C:/Users/Silvers/finalprojectrepo/finalproject_ls
-logFile
Logs/AssetImportWorker19.log
-srvPort
57990
Successfully changed project path to: C:/Users/Silvers/finalprojectrepo/finalproject_ls
C:/Users/Silvers/finalprojectrepo/finalproject_ls
[UnityMemory] Configuration Parameters - Can be set up in boot.config
    "memorysetup-bucket-allocator-granularity=16"
    "memorysetup-bucket-allocator-bucket-count=8"
    "memorysetup-bucket-allocator-block-size=33554432"
    "memorysetup-bucket-allocator-block-count=8"
    "memorysetup-main-allocator-block-size=16777216"
    "memorysetup-thread-allocator-block-size=16777216"
    "memorysetup-gfx-main-allocator-block-size=16777216"
    "memorysetup-gfx-thread-allocator-block-size=16777216"
    "memorysetup-cache-allocator-block-size=4194304"
    "memorysetup-typetree-allocator-block-size=2097152"
    "memorysetup-profiler-bucket-allocator-granularity=16"
    "memorysetup-profiler-bucket-allocator-bucket-count=8"
    "memorysetup-profiler-bucket-allocator-block-size=33554432"
    "memorysetup-profiler-bucket-allocator-block-count=8"
    "memorysetup-profiler-allocator-block-size=16777216"
    "memorysetup-profiler-editor-allocator-block-size=1048576"
    "memorysetup-temp-allocator-size-main=16777216"
    "memorysetup-job-temp-allocator-block-size=2097152"
    "memorysetup-job-temp-allocator-block-size-background=1048576"
    "memorysetup-job-temp-allocator-reduction-small-platforms=262144"
    "memorysetup-allocator-temp-initial-block-size-main=262144"
    "memorysetup-allocator-temp-initial-block-size-worker=262144"
    "memorysetup-temp-allocator-size-background-worker=32768"
    "memorysetup-temp-allocator-size-job-worker=262144"
    "memorysetup-temp-allocator-size-preload-manager=33554432"
    "memorysetup-temp-allocator-size-nav-mesh-worker=65536"
    "memorysetup-temp-allocator-size-audio-worker=65536"
    "memorysetup-temp-allocator-size-cloud-worker=32768"
    "memorysetup-temp-allocator-size-gi-baking-worker=262144"
    "memorysetup-temp-allocator-size-gfx=262144"
Player connection [31948]  Target information:

Player connection [31948]  * "[IP] 172.23.17.57 [Port] 0 [Flags] 2 [Guid] 330878048 [EditorId] 330878048 [Version] 1048832 [Id] WindowsEditor(7,916-dsg-147-02a) [Debug] 1 [PackageName] WindowsEditor [ProjectName] Editor" 

Player connection [31948] Host joined multi-casting on [225.0.0.222:54997]...
Player connection [31948] Host joined alternative multi-casting on [225.0.0.222:34997]...
Input System module state changed to: Initialized.
[PhysX] Initialized MultithreadedTaskDispatcher with 20 workers.
Refreshing native plugins compatible for Editor in 8.35 ms, found 3 plugins.
Preloading 0 native plugins for Editor in 0.00 ms.
Initialize engine version: 2022.3.59f1 (630718f645a5)
[Subsystems] Discovering subsystems at path C:/Program Files/Unity/Hub/Editor/2022.3.59f1/Editor/Data/Resources/UnitySubsystems
[Subsystems] Discovering subsystems at path C:/Users/Silvers/finalprojectrepo/finalproject_ls/Assets
GfxDevice: creating device client; threaded=0; jobified=0
Direct3D:
    Version:  Direct3D 11.0 [level 11.1]
    Renderer: NVIDIA GeForce RTX 3060 (ID=0x2504)
    Vendor:   NVIDIA
    VRAM:     12129 MB
    Driver:   31.0.15.4665
Initialize mono
Mono path[0] = 'C:/Program Files/Unity/Hub/Editor/2022.3.59f1/Editor/Data/Managed'
Mono path[1] = 'C:/Program Files/Unity/Hub/Editor/2022.3.59f1/Editor/Data/MonoBleedingEdge/lib/mono/unityjit-win32'
Mono config path = 'C:/Program Files/Unity/Hub/Editor/2022.3.59f1/Editor/Data/MonoBleedingEdge/etc'
Using monoOptions --debugger-agent=transport=dt_socket,embedding=1,server=y,suspend=n,address=127.0.0.1:56944
Begin MonoManager ReloadAssembly
Registering precompiled unity dll's ...
Register platform support module: C:/Program Files/Unity/Hub/Editor/2022.3.59f1/Editor/Data/PlaybackEngines/WindowsStandaloneSupport/UnityEditor.WindowsStandalone.Extensions.dll
Registered in 0.004073 seconds.
- Loaded All Assemblies, in  0.263 seconds
Native extension for WindowsStandalone target not found
Mono: successfully reloaded assembly
- Finished resetting the current domain, in  0.203 seconds
Domain Reload Profiling: 464ms
	BeginReloadAssembly (84ms)
		ExecutionOrderSort (0ms)
		DisableScriptedObjects (0ms)
		BackupInstance (0ms)
		ReleaseScriptingObjects (0ms)
		CreateAndSetChildDomain (1ms)
	RebuildCommonClasses (27ms)
	RebuildNativeTypeToScriptingClass (7ms)
	initialDomainReloadingComplete (43ms)
	LoadAllAssembliesAndSetupDomain (100ms)
		LoadAssemblies (83ms)
		RebuildTransferFunctionScriptingTraits (0ms)
		AnalyzeDomain (98ms)
			TypeCache.Refresh (97ms)
				TypeCache.ScanAssembly (87ms)
			ScanForSourceGeneratedMonoScriptInfo (0ms)
			ResolveRequiredComponents (0ms)
	FinalizeReload (204ms)
		ReleaseScriptCaches (0ms)
		RebuildScriptCaches (0ms)
		SetupLoadedEditorAssemblies (170ms)
			LogAssemblyErrors (0ms)
			InitializePlatformSupportModulesInManaged (8ms)
			SetLoadedEditorAssemblies (6ms)
			RefreshPlugins (0ms)
			BeforeProcessingInitializeOnLoad (2ms)
			ProcessInitializeOnLoadAttributes (118ms)
			ProcessInitializeOnLoadMethodAttributes (37ms)
			AfterProcessingInitializeOnLoad (0ms)
			EditorAssembliesLoaded (0ms)
		ExecutionOrderSort2 (0ms)
		AwakeInstancesAfterBackupRestoration (0ms)
========================================================================
Worker process is ready to serve import requests
Caller must complete domain reload
Begin MonoManager ReloadAssembly
- Loaded All Assemblies, in  0.491 seconds
Native extension for WindowsStandalone target not found
Mono: successfully reloaded assembly
- Finished resetting the current domain, in  0.451 seconds
Domain Reload Profiling: 940ms
	BeginReloadAssembly (109ms)
		ExecutionOrderSort (0ms)
		DisableScriptedObjects (4ms)
		BackupInstance (0ms)
		ReleaseScriptingObjects (0ms)
		CreateAndSetChildDomain (15ms)
	RebuildCommonClasses (23ms)
	RebuildNativeTypeToScriptingClass (7ms)
	initialDomainReloadingComplete (33ms)
	LoadAllAssembliesAndSetupDomain (316ms)
		LoadAssemblies (242ms)
		RebuildTransferFunctionScriptingTraits (0ms)
		AnalyzeDomain (139ms)
			TypeCache.Refresh (115ms)
				TypeCache.ScanAssembly (103ms)
			ScanForSourceGeneratedMonoScriptInfo (16ms)
			ResolveRequiredComponents (7ms)
	FinalizeReload (451ms)
		ReleaseScriptCaches (0ms)
		RebuildScriptCaches (0ms)
		SetupLoadedEditorAssemblies (351ms)
			LogAssemblyErrors (0ms)
			InitializePlatformSupportModulesInManaged (5ms)
			SetLoadedEditorAssemblies (2ms)
			RefreshPlugins (0ms)
			BeforeProcessingInitializeOnLoad (49ms)
			ProcessInitializeOnLoadAttributes (237ms)
			ProcessInitializeOnLoadMethodAttributes (55ms)
			AfterProcessingInitializeOnLoad (4ms)
			EditorAssembliesLoaded (0ms)
		ExecutionOrderSort2 (0ms)
		AwakeInstancesAfterBackupRestoration (6ms)
Launched and connected shader compiler UnityShaderCompiler.exe after 0.06 seconds
Refreshing native plugins compatible for Editor in 4.38 ms, found 3 plugins.
Preloading 0 native plugins for Editor in 0.00 ms.
Unloading 4889 Unused Serialized files (Serialized files now loaded: 0)
Unloading 24 unused Assets / (347.1 KB). Loaded Objects now: 5353.
Memory consumption went from 198.1 MB to 197.8 MB.
Total: 2.649100 ms (FindLiveObjects: 0.239800 ms CreateObjectMapping: 0.123800 ms MarkObjects: 2.157900 ms  DeleteObjects: 0.126400 ms)

AssetImportParameters requested are different than current active one (requested -> active):
  custom:container-demuxer-ogg: 62fdf1f143b41e24485cea50d1cbac27 -> 
  custom:video-codec-MediaFoundation-h265: 746d11721c4dcdbdad8f713fa42b33f4 -> 
  custom:video-decoder-ogg-theora: a1e56fd34408186e4bbccfd4996cb3dc -> 
  custom:framework-win-MediaFoundation: 216162199b28c13a410421893ffa2e32 -> 
  custom:CustomObjectIndexerAttribute: 72b91833f83ae208fae7752999fa3104 -> 
  custom:container-demuxer-webm: 4f35f7cbe854078d1ac9338744f61a02 -> 
  custom:container-muxer-webm: aa71ff27fc2769a1b78a27578f13a17b -> 
  custom:video-decoder-webm-vp8: 9c59270c3fd7afecdb556c50c9e8de78 -> 
  custom:SearchIndexIgnoredProperties: e643bd26f0fe6173181afceb89e7c659 -> 
  custom:AudioImporter_EditorPlatform: d09bf68614088b80899f8185d706f6e7 -> 
  custom:video-encoder-webm-vp8: eb34c28f22e8b96e1ab97ce403110664 -> 
  custom:audio-decoder-ogg-vorbis: bf7c407c2cedff20999df2af8eb42d56 -> 
  custom:audio-encoder-webm-vorbis: bf7c407c2cedff20999df2af8eb42d56 -> 
========================================================================
Received Prepare
Caller must complete domain reload
Begin MonoManager ReloadAssembly
- Loaded All Assemblies, in  0.423 seconds
Native extension for WindowsStandalone target not found
Mono: successfully reloaded assembly
- Finished resetting the current domain, in  1.141 seconds
Domain Reload Profiling: 1562ms
	BeginReloadAssembly (145ms)
		ExecutionOrderSort (0ms)
		DisableScriptedObjects (4ms)
		BackupInstance (0ms)
		ReleaseScriptingObjects (0ms)
		CreateAndSetChildDomain (34ms)
	RebuildCommonClasses (28ms)
	RebuildNativeTypeToScriptingClass (7ms)
	initialDomainReloadingComplete (26ms)
	LoadAllAssembliesAndSetupDomain (216ms)
		LoadAssemblies (258ms)
		RebuildTransferFunctionScriptingTraits (0ms)
		AnalyzeDomain (35ms)
			TypeCache.Refresh (7ms)
				TypeCache.ScanAssembly (0ms)
			ScanForSourceGeneratedMonoScriptInfo (20ms)
			ResolveRequiredComponents (8ms)
	FinalizeReload (1141ms)
		ReleaseScriptCaches (0ms)
		RebuildScriptCaches (0ms)
		SetupLoadedEditorAssemblies (354ms)
			LogAssemblyErrors (0ms)
			InitializePlatformSupportModulesInManaged (6ms)
			SetLoadedEditorAssemblies (2ms)
			RefreshPlugins (0ms)
			BeforeProcessingInitializeOnLoad (52ms)
			ProcessInitializeOnLoadAttributes (230ms)
			ProcessInitializeOnLoadMethodAttributes (58ms)
			AfterProcessingInitializeOnLoad (4ms)
			EditorAssembliesLoaded (0ms)
		ExecutionOrderSort2 (0ms)
		AwakeInstancesAfterBackupRestoration (14ms)
Refreshing native plugins compatible for Editor in 7.64 ms, found 3 plugins.
Preloading 0 native plugins for Editor in 0.00 ms.
Unloading 4733 Unused Serialized files (Serialized files now loaded: 0)
Unloading 21 unused Assets / (316.9 KB). Loaded Objects now: 5355.
Memory consumption went from 171.8 MB to 171.5 MB.
Total: 2.577000 ms (FindLiveObjects: 0.254500 ms CreateObjectMapping: 0.276400 ms MarkObjects: 1.967300 ms  DeleteObjects: 0.078000 ms)

Prepare: number of updated asset objects reloaded= 2
AssetImportParameters requested are different than current active one (requested -> active):
  custom:container-demuxer-ogg: 62fdf1f143b41e24485cea50d1cbac27 -> 
  custom:video-codec-MediaFoundation-h265: 746d11721c4dcdbdad8f713fa42b33f4 -> 
  custom:video-decoder-ogg-theora: a1e56fd34408186e4bbccfd4996cb3dc -> 
  custom:framework-win-MediaFoundation: 216162199b28c13a410421893ffa2e32 -> 
  custom:CustomObjectIndexerAttribute: 72b91833f83ae208fae7752999fa3104 -> 
  custom:container-demuxer-webm: 4f35f7cbe854078d1ac9338744f61a02 -> 
  custom:container-muxer-webm: aa71ff27fc2769a1b78a27578f13a17b -> 
  custom:video-decoder-webm-vp8: 9c59270c3fd7afecdb556c50c9e8de78 -> 
  custom:SearchIndexIgnoredProperties: e643bd26f0fe6173181afceb89e7c659 -> 
  custom:AudioImporter_EditorPlatform: d09bf68614088b80899f8185d706f6e7 -> 
  custom:video-encoder-webm-vp8: eb34c28f22e8b96e1ab97ce403110664 -> 
  custom:audio-decoder-ogg-vorbis: bf7c407c2cedff20999df2af8eb42d56 -> 
  custom:audio-encoder-webm-vorbis: bf7c407c2cedff20999df2af8eb42d56 -> 
  custom:scripting/precompiled-assembly-types:Assembly-CSharp: 20cdaaa988618e7c32f4baf96f88c255 -> 4086284210e2530e6bf01253b321fcd7
========================================================================
Received Prepare
Caller must complete domain reload
Begin MonoManager ReloadAssembly
- Loaded All Assemblies, in  0.635 seconds
Native extension for WindowsStandalone target not found
Mono: successfully reloaded assembly
- Finished resetting the current domain, in  1.196 seconds
Domain Reload Profiling: 1828ms
	BeginReloadAssembly (186ms)
		ExecutionOrderSort (0ms)
		DisableScriptedObjects (4ms)
		BackupInstance (0ms)
		ReleaseScriptingObjects (0ms)
		CreateAndSetChildDomain (42ms)
	RebuildCommonClasses (43ms)
	RebuildNativeTypeToScriptingClass (12ms)
	initialDomainReloadingComplete (52ms)
	LoadAllAssembliesAndSetupDomain (340ms)
		LoadAssemblies (397ms)
		RebuildTransferFunctionScriptingTraits (0ms)
		AnalyzeDomain (51ms)
			TypeCache.Refresh (8ms)
				TypeCache.ScanAssembly (1ms)
			ScanForSourceGeneratedMonoScriptInfo (25ms)
			ResolveRequiredComponents (15ms)
	FinalizeReload (1196ms)
		ReleaseScriptCaches (0ms)
		RebuildScriptCaches (0ms)
		SetupLoadedEditorAssemblies (367ms)
			LogAssemblyErrors (0ms)
			InitializePlatformSupportModulesInManaged (5ms)
			SetLoadedEditorAssemblies (3ms)
			RefreshPlugins (0ms)
			BeforeProcessingInitializeOnLoad (55ms)
			ProcessInitializeOnLoadAttributes (248ms)
			ProcessInitializeOnLoadMethodAttributes (52ms)
			AfterProcessingInitializeOnLoad (4ms)
			EditorAssembliesLoaded (0ms)
		ExecutionOrderSort2 (0ms)
		AwakeInstancesAfterBackupRestoration (13ms)
Shader 'Hidden/FXAA Preset 2': fallback shader 'Hidden/FXAA II' not found
Shader 'Hidden/FXAA Preset 3': fallback shader 'Hidden/FXAA II' not found
Refreshing native plugins compatible for Editor in 5.00 ms, found 3 plugins.
Preloading 0 native plugins for Editor in 0.00 ms.
Unloading 4872 Unused Serialized files (Serialized files now loaded: 0)
Unloading 98 unused Assets / (7.4 MB). Loaded Objects now: 5417.
Memory consumption went from 199.0 MB to 191.6 MB.
Total: 4.015400 ms (FindLiveObjects: 0.256300 ms CreateObjectMapping: 0.271500 ms MarkObjects: 1.970200 ms  DeleteObjects: 1.516200 ms)

Prepare: number of updated asset objects reloaded= 0
AssetImportParameters requested are different than current active one (requested -> active):
  custom:scripting/monoscript/fileName/DepthOfFieldDeprecated.cs: 8700a90d2d763e9c01f08a0cd128cca8 -> 
  custom:scripting/monoscript/fileName/Water.cs: 47d36fddd9c06776acd1b9d4bad18ce4 -> 
  custom:scripting/monoscript/fileName/CameraMotionBlur.cs: 458c2b6f90eeea041921d89083a79e55 -> 
  custom:scripting/monoscript/fileName/ColorCorrectionLookupEditor.cs: a2fb9e7138550e9aa0e0de2d21737d42 -> 
  custom:scripting/monoscript/fileName/TiltShift.cs: 13ff1d7342528fc14a2e194c2bdc09fb -> 
  custom:container-demuxer-ogg: 62fdf1f143b41e24485cea50d1cbac27 -> 
  custom:scripting/monoscript/fileName/Shark.cs: bce900cb6dd21dc95e33ee895dac9111 -> 
  custom:scripting/monoscript/fileName/DynamicSkyLite.cs: aa0e61d359d2ba455f6428ab30beb0f6 -> 
  custom:scripting/monoscript/fileName/ScreenSpaceAmbientOcclusion.cs: 597da6591e83bcb812de1b1c7974e24c -> 33f9af9068ffa81990363827ca878328
  custom:scripting/monoscript/fileName/DepthOfFieldEditor.cs: afdb086c58e4730575be2d74adf0cde9 -> 26654c26a7156e810e0df5cec6a81a0b
  custom:video-codec-MediaFoundation-h265: 746d11721c4dcdbdad8f713fa42b33f4 -> 
  custom:scripting/monoscript/fileName/NoiseAndGrainEditor.cs: 0276e69b6de7374aa913d893485a004e -> 
  custom:video-decoder-ogg-theora: a1e56fd34408186e4bbccfd4996cb3dc -> 
  custom:scripting/monoscript/fileName/SunShafts.cs: abee30526487200fa16387df850e7daf -> 
  custom:scripting/monoscript/fileName/MotionBlur.cs: 7c08944a921e9450090c5ed82a14e94b -> 0510d1054bff2c6f48c06a45cbe6a2f3
  custom:framework-win-MediaFoundation: 216162199b28c13a410421893ffa2e32 -> 
  custom:scripting/monoscript/fileName/Grayscale.cs: 87671e23fd2948061f63e16eb704f3a3 -> 
  custom:scripting/monoscript/fileName/BlurOptimized.cs: a99dff34286593c12b0fab92e7c0da68 -> 
  custom:scripting/monoscript/fileName/CameraMotionBlurEditor.cs: 7c502cd6630e6f5609abadb3991d9ab2 -> 
  custom:scripting/monoscript/fileName/Quads.cs: 2f24050aded65dda899533ba7849a43c -> 
  custom:scripting/monoscript/fileName/Blur.cs: 16b33e375f19895ec61239c77165934f -> 
  custom:scripting/monoscript/fileName/DepthOfFieldDeprecatedEditor.cs: 9c0d6ba6950f727fa7ed1bfef973ec32 -> 
  custom:scripting/monoscript/fileName/ImageEffects.cs: fc49fae855f2f50655b411c31423a73d -> 
  custom:scripting/monoscript/fileName/PostEffectsBase.cs: 6aabc5a6e1a831a9196622d2796540be -> 
  custom:CustomObjectIndexerAttribute: 72b91833f83ae208fae7752999fa3104 -> 
  custom:scripting/monoscript/fileName/Underwater.cs: fd492f5c29afa1e12600d7905912f5cf -> 
  custom:scripting/monoscript/fileName/ColorCorrectionLookup.cs: cdade6b297f1c116727fa6035591313f -> 
  custom:container-demuxer-webm: 4f35f7cbe854078d1ac9338744f61a02 -> 
  custom:scripting/monoscript/fileName/Triangles.cs: 64f7a3839fbac059155d5ec1d8597e9c -> 
  custom:scripting/monoscript/fileName/SunShaftsEditor.cs: 14ff19bb08f48e5592630a8ef09a85a4 -> 
  custom:scripting/monoscript/fileName/ContrastStretch.cs: 606dc0496a32ea6e71f97dc962793c28 -> 
  custom:scripting/monoscript/fileName/EdgeDetectionEditor.cs: 4cca3302e9c064dba4f706ba0e5d7102 -> 
  custom:scripting/monoscript/fileName/SlowMo.cs: a40d7f38ab004ad43224284cfd4b2c44 -> 
  custom:container-muxer-webm: aa71ff27fc2769a1b78a27578f13a17b -> 
  custom:scripting/monoscript/fileName/ContrastEnhance.cs: 25207a33818c5454fd86fad73189b2cd -> 
  custom:video-decoder-webm-vp8: 9c59270c3fd7afecdb556c50c9e8de78 -> 
  custom:scripting/monoscript/fileName/PostEffectsHelper.cs: 5b0aade5ee85030099a328bfa56e17eb -> 
  custom:SearchIndexIgnoredProperties: e643bd26f0fe6173181afceb89e7c659 -> 
  custom:AudioImporter_EditorPlatform: d09bf68614088b80899f8185d706f6e7 -> 
  custom:scripting/monoscript/fileName/CreaseShading.cs: 5b17bf81bff982a9605309492401c574 -> 
  custom:scripting/monoscript/fileName/AntialiasingEditor.cs: cd1db322c4d4bac3e0fdd7740cc772c6 -> 
  custom:scripting/monoscript/fileName/Antialiasing.cs: bec6c7367bf7f3b527b25907b25d4102 -> 
  custom:scripting/monoscript/fileName/SepiaTone.cs: 67c7b044a145b042dba91a1a8d54f9f4 -> 
  custom:scripting/monoscript/fileName/ImageEffectBase.cs: 6d460e3d17a4175e44411c6923e62aed -> 
  custom:scripting/monoscript/fileName/NoiseAndGrain.cs: f4f7112c95c7474ffaf494b422803169 -> 
  custom:scripting/monoscript/fileName/NVBoids.cs: b0ecee322a46c18b0785b13bc2f1ab77 -> 
  custom:scripting/monoscript/fileName/BloomAndFlaresEditor.cs: 1f9e796d927ffcd86ccbfad6ec7007d5 -> 
  custom:scripting/monoscript/fileName/ScreenSpaceAmbientObscurance.cs: 958d0bf4e6842d24e3147fb5da01010e -> 
  custom:scripting/monoscript/fileName/CreaseShadingEditor.cs: 10fe90e5375fc621d9f19b702723dc86 -> 
  custom:scripting/monoscript/fileName/TDControl.cs: f9f8951539c227b89501fef2e0706678 -> 
  custom:scripting/monoscript/fileName/Fisheye.cs: ad168996bfc8fa7824e22ed9b5548fe9 -> 
  custom:scripting/monoscript/fileName/Twirl.cs: 13260c2451d9e72af8c2f232859ba959 -> 
  custom:scripting/monoscript/fileName/FPSCounter.cs: f21f76370cfea080d4f1b2c4fd940607 -> 
  custom:scripting/monoscript/fileName/ScreenOverlay.cs: 8b6e368a4e3d0df848783015d0ee2b1e -> 
  custom:video-encoder-webm-vp8: eb34c28f22e8b96e1ab97ce403110664 -> 
  custom:scripting/monoscript/fileName/Bloom.cs: 963f8a11fa40ad749c2a7d6dce819fb3 -> e051d0d488dd04170db16f16dbc31846
  custom:audio-decoder-ogg-vorbis: bf7c407c2cedff20999df2af8eb42d56 -> 
  custom:scripting/monoscript/fileName/Vortex.cs: d2f7738ed789b7a977f000ffd0cf8890 -> 
  custom:scripting/monoscript/fileName/ColorCorrectionCurvesEditor.cs: ba8c98b45b2e94f575e6b8aff77cc447 -> 
  custom:scripting/monoscript/fileName/TonemappingEditor.cs: f95f08c4bc54b3d10856c2857541288e -> 19bddbd2baf9da83bd2a2065ad30260b
  custom:scripting/monoscript/fileName/DepthOfField.cs: 6fe7922acbdfac6bb52d4558d209fb7f -> e4cc19d3cd3652f165b28c767b2a5d66
  custom:scripting/monoscript/fileName/BloomEditor.cs: ca4fa35a6309dea7d9ebfafe8a93e57f -> 94b80d370f2c498e587690092eb47271
  custom:scripting/monoscript/fileName/VignetteAndChromaticAberrationEditor.cs: de7480822b02f6e7bbb6e752b450d6c9 -> 
  custom:scripting/monoscript/fileName/BloomOptimized.cs: deef391a4062215fa64b13290b34b1e5 -> 
  custom:scripting/monoscript/fileName/BloomAndFlares.cs: 8afb5ea14b913734370925506b923fb7 -> 
  custom:scripting/monoscript/fileName/VignetteAndChromaticAberration.cs: 6f7816e6c6a96eb38e8b34a3171a3d7a -> 
  custom:scripting/monoscript/fileName/GlobalFog.cs: cec4a166fe83b304dd694da080c37c22 -> 
  custom:audio-encoder-webm-vorbis: bf7c407c2cedff20999df2af8eb42d56 -> 
  custom:scripting/monoscript/fileName/Tonemapping.cs: 41a0a170491c7bb7b7a0cf9dfd96c714 -> 76494f9ce26e8f71dc81043a2b004ff0
  custom:scripting/precompiled-assembly-types:Assembly-CSharp-Editor: ad05dede46220d909c7351d9315a3489 -> aca7125a3389c5f4127a11b74e5e93cb
  custom:scripting/monoscript/fileName/EdgeDetection.cs: 7e270773de6bd808e57f1eb909c3207a -> 
  custom:scripting/monoscript/fileName/ColorCorrectionCurves.cs: 0fe9ce599982e40ac8aba010733d7bdc -> 
  custom:scripting/precompiled-assembly-types:Assembly-CSharp: 1c4670024369f7464554302e24b03338 -> 4086284210e2530e6bf01253b321fcd7
  custom:scripting/monoscript/fileName/ColorCorrectionRamp.cs: a7e8fab02fd9ee3f41f3660b4752114a -> 
  custom:scripting/monoscript/fileName/NoiseAndScratches.cs: e0c1886d5a6b335ec4861c2068c91d03 -> 
========================================================================
Received Import Request.
  Time since last request: 8924.394125 seconds.
  path: Assets/#NVJOB Boids/Example Scenes
  artifactKey: Guid(6393a17045589ba488be9266b711d4f2) Importer(815301076,1909f56bfc062723c751e8b465ee728b)
Start importing Assets/#NVJOB Boids/Example Scenes using Guid(6393a17045589ba488be9266b711d4f2) Importer(815301076,1909f56bfc062723c751e8b465ee728b) [PhysX] Initialized MultithreadedTaskDispatcher with 20 workers.
 -> (artifact id: '97cb56ab090a4a2e715f76fa7894ee54') in 0.010967 seconds
Number of updated asset objects reloaded before import = 0
Number of asset objects unloaded after import = 0
========================================================================
Received Import Request.
  Time since last request: 0.932985 seconds.
  path: Assets/#NVJOB Boids/Simple Boids
  artifactKey: Guid(0e5f1f7c5cc40874087c46d83c57955c) Importer(815301076,1909f56bfc062723c751e8b465ee728b)
Start importing Assets/#NVJOB Boids/Simple Boids using Guid(0e5f1f7c5cc40874087c46d83c57955c) Importer(815301076,1909f56bfc062723c751e8b465ee728b) [PhysX] Initialized MultithreadedTaskDispatcher with 20 workers.
 -> (artifact id: '279a76acfb8ea13fb7cb8bd8aa559b16') in 0.000581 seconds
Number of updated asset objects reloaded before import = 0
Number of asset objects unloaded after import = 0
========================================================================
Received Import Request.
  Time since last request: 1.797458 seconds.
  path: Assets/#NVJOB Boids/Simple Boids/Materials
  artifactKey: Guid(86fcbfc4fb18be24a81f55e8e8a7aed8) Importer(815301076,1909f56bfc062723c751e8b465ee728b)
Start importing Assets/#NVJOB Boids/Simple Boids/Materials using Guid(86fcbfc4fb18be24a81f55e8e8a7aed8) Importer(815301076,1909f56bfc062723c751e8b465ee728b) [PhysX] Initialized MultithreadedTaskDispatcher with 20 workers.
 -> (artifact id: 'c587e080eb17456853dafc50004b4f4d') in 0.000497 seconds
Number of updated asset objects reloaded before import = 0
Number of asset objects unloaded after import = 0
========================================================================
Received Import Request.
  Time since last request: 1.933716 seconds.
  path: Assets/#NVJOB Boids/Simple Boids/Materials/Fish 1
  artifactKey: Guid(8387aa9f850f9a34e8b6dbc3ced194fe) Importer(815301076,1909f56bfc062723c751e8b465ee728b)
Start importing Assets/#NVJOB Boids/Simple Boids/Materials/Fish 1 using Guid(8387aa9f850f9a34e8b6dbc3ced194fe) Importer(815301076,1909f56bfc062723c751e8b465ee728b) [PhysX] Initialized MultithreadedTaskDispatcher with 20 workers.
 -> (artifact id: '7a23eb125aa7aece2c06dfe909eafdae') in 0.000449 seconds
Number of updated asset objects reloaded before import = 0
Number of asset objects unloaded after import = 0
========================================================================
Received Import Request.
  Time since last request: 0.095282 seconds.
  path: Assets/#NVJOB Boids/Simple Boids/Materials/Fish 1/Fish 1.mat
  artifactKey: Guid(aa0b6a8130497fc49a9839ddeda9afbe) Importer(815301076,1909f56bfc062723c751e8b465ee728b)
Start importing Assets/#NVJOB Boids/Simple Boids/Materials/Fish 1/Fish 1.mat using Guid(aa0b6a8130497fc49a9839ddeda9afbe) Importer(815301076,1909f56bfc062723c751e8b465ee728b) [PhysX] Initialized MultithreadedTaskDispatcher with 20 workers.
[PhysX] Initialized MultithreadedTaskDispatcher with 20 workers.
 -> (artifact id: 'caf3fcd60e0fbe957f44037f61cb784b') in 0.271191 seconds
Number of updated asset objects reloaded before import = 0
Number of asset objects unloaded after import = 28
========================================================================
Received Import Request.
  Time since last request: 24.814925 seconds.
  path: Assets/#NVJOB Boids/Example Scenes/Standard Assets/Effects/ImageEffects/Shaders/_BloomAndFlares/SeparableBlurPlus.shader
  artifactKey: Guid(a9df009a214e24a5ebbf271595f8d5b6) Importer(2089858483,0ecaa5967403d082aa24f35e1b516d23)
Start importing Assets/#NVJOB Boids/Example Scenes/Standard Assets/Effects/ImageEffects/Shaders/_BloomAndFlares/SeparableBlurPlus.shader using Guid(a9df009a214e24a5ebbf271595f8d5b6) Importer(2089858483,0ecaa5967403d082aa24f35e1b516d23) [PhysX] Initialized MultithreadedTaskDispatcher with 20 workers.
 -> (artifact id: '5298933c455b90ef18533b71b73cc601') in 0.178732 seconds
Number of updated asset objects reloaded before import = 0
Number of asset objects unloaded after import = 1
========================================================================
Received Import Request.
  Time since last request: 0.007073 seconds.
  path: Assets/#NVJOB Boids/Example Scenes/Standard Assets/Effects/ImageEffects/Shaders/frag_ao.cginc
  artifactKey: Guid(51ae11a5cd82fda468a85179946d672a) Importer(2089858483,0ecaa5967403d082aa24f35e1b516d23)
Start importing Assets/#NVJOB Boids/Example Scenes/Standard Assets/Effects/ImageEffects/Shaders/frag_ao.cginc using Guid(51ae11a5cd82fda468a85179946d672a) Importer(2089858483,0ecaa5967403d082aa24f35e1b516d23) [PhysX] Initialized MultithreadedTaskDispatcher with 20 workers.
 -> (artifact id: 'd27123663b672eced9b7060cedf0f09e') in 0.006286 seconds
Number of updated asset objects reloaded before import = 0
Number of asset objects unloaded after import = 1
========================================================================
Received Import Request.
  Time since last request: 0.008019 seconds.
  path: Assets/#NVJOB Boids/Example Scenes/Standard Assets/Effects/ImageEffects/Shaders/RadialBlur.shader
  artifactKey: Guid(f58445347fe2e4b8396487ed2bfa02ad) Importer(2089858483,0ecaa5967403d082aa24f35e1b516d23)
Start importing Assets/#NVJOB Boids/Example Scenes/Standard Assets/Effects/ImageEffects/Shaders/RadialBlur.shader using Guid(f58445347fe2e4b8396487ed2bfa02ad) Importer(2089858483,0ecaa5967403d082aa24f35e1b516d23) [PhysX] Initialized MultithreadedTaskDispatcher with 20 workers.
 -> (artifact id: '8eae37275cbfe500777eda35de112859') in 0.008501 seconds
Number of updated asset objects reloaded before import = 0
Number of asset objects unloaded after import = 1
========================================================================
Received Import Request.
  Time since last request: 0.007485 seconds.
  path: Assets/#NVJOB Boids/Example Scenes/Standard Assets/Effects/ImageEffects/Shaders/Contrast Stretch/Apply.shader
  artifactKey: Guid(f4901f25d4e1542589348bbb89563d8e) Importer(2089858483,0ecaa5967403d082aa24f35e1b516d23)
Start importing Assets/#NVJOB Boids/Example Scenes/Standard Assets/Effects/ImageEffects/Shaders/Contrast Stretch/Apply.shader using Guid(f4901f25d4e1542589348bbb89563d8e) Importer(2089858483,0ecaa5967403d082aa24f35e1b516d23) [PhysX] Initialized MultithreadedTaskDispatcher with 20 workers.
 -> (artifact id: '087c4dab255f6a0df4a6c9119366abfa') in 0.008540 seconds
Number of updated asset objects reloaded before import = 0
Number of asset objects unloaded after import = 1
========================================================================
Received Import Request.
  Time since last request: 0.000032 seconds.
  path: Assets/#NVJOB Boids/Simple Boids/Prefabs/Fish/NVBoids Fish.prefab
  artifactKey: Guid(189bfce550a467b4d9b998c857a3e26b) Importer(2089858483,3d70f49cd1c2eb9ae422958d1c652c6b)
Start importing Assets/#NVJOB Boids/Simple Boids/Prefabs/Fish/NVBoids Fish.prefab using Guid(189bfce550a467b4d9b998c857a3e26b) Importer(2089858483,3d70f49cd1c2eb9ae422958d1c652c6b) [PhysX] Initialized MultithreadedTaskDispatcher with 20 workers.
 -> (artifact id: 'bdf2c0e569560238b0282232a611a036') in 0.016128 seconds
Number of updated asset objects reloaded before import = 0
Number of asset objects unloaded after import = 11
========================================================================
Received Import Request.
  Time since last request: 0.000029 seconds.
  path: Assets/#NVJOB Boids/Example Scenes/Standard Assets/Effects/ImageEffects/Scripts/ContrastStretch.cs
  artifactKey: Guid(ec92b071d2d424aecb3e46f28eb63174) Importer(2089858483,0ecaa5967403d082aa24f35e1b516d23)
Start importing Assets/#NVJOB Boids/Example Scenes/Standard Assets/Effects/ImageEffects/Scripts/ContrastStretch.cs using Guid(ec92b071d2d424aecb3e46f28eb63174) Importer(2089858483,0ecaa5967403d082aa24f35e1b516d23) [PhysX] Initialized MultithreadedTaskDispatcher with 20 workers.
 -> (artifact id: 'd3b811c5f23e1e3d4a4f38e18b1df8bd') in 0.014508 seconds
Number of updated asset objects reloaded before import = 0
Number of asset objects unloaded after import = 1
========================================================================
Received Import Request.
  Time since last request: 0.000028 seconds.
  path: Assets/#NVJOB Boids/Example Scenes/Scenes/Fish and Bird Boids.unity
  artifactKey: Guid(b96972b97e8309842ae1b0648abdd9fd) Importer(2089858483,0ecaa5967403d082aa24f35e1b516d23)
Start importing Assets/#NVJOB Boids/Example Scenes/Scenes/Fish and Bird Boids.unity using Guid(b96972b97e8309842ae1b0648abdd9fd) Importer(2089858483,0ecaa5967403d082aa24f35e1b516d23) [PhysX] Initialized MultithreadedTaskDispatcher with 20 workers.
 -> (artifact id: '9730955471f909279dcc33331c4930b0') in 0.004979 seconds
Number of updated asset objects reloaded before import = 0
Number of asset objects unloaded after import = 1
========================================================================
Received Import Request.
  Time since last request: 0.000025 seconds.
  path: Assets/#NVJOB Boids/Example Scenes/Standard Assets/Effects/ImageEffects/Shaders/_Antialiasing/FXAAPreset3.shader
  artifactKey: Guid(c182fa94a5a0a4c02870641efcd38cd5) Importer(2089858483,0ecaa5967403d082aa24f35e1b516d23)
Start importing Assets/#NVJOB Boids/Example Scenes/Standard Assets/Effects/ImageEffects/Shaders/_Antialiasing/FXAAPreset3.shader using Guid(c182fa94a5a0a4c02870641efcd38cd5) Importer(2089858483,0ecaa5967403d082aa24f35e1b516d23) [PhysX] Initialized MultithreadedTaskDispatcher with 20 workers.
 -> (artifact id: '8fea77908b81219397d6ee1bb25e75c2') in 0.009108 seconds
Number of updated asset objects reloaded before import = 0
Number of asset objects unloaded after import = 2
========================================================================
Received Import Request.
  Time since last request: 0.000021 seconds.
  path: Assets/#NVJOB Boids/Simple Boids/Materials/Bird/Bird s.png
  artifactKey: Guid(455660fcdc0c9e24ab37aa233275085a) Importer(2089858483,0ecaa5967403d082aa24f35e1b516d23)
Start importing Assets/#NVJOB Boids/Simple Boids/Materials/Bird/Bird s.png using Guid(455660fcdc0c9e24ab37aa233275085a) Importer(2089858483,0ecaa5967403d082aa24f35e1b516d23) [PhysX] Initialized MultithreadedTaskDispatcher with 20 workers.
 -> (artifact id: '966d1c7bf307778fcc7e1fae506ed61e') in 0.035727 seconds
Number of updated asset objects reloaded before import = 0
Number of asset objects unloaded after import = 1
========================================================================
Received Import Request.
  Time since last request: 0.000021 seconds.
  path: Assets/#NVJOB Boids/Example Scenes/Standard Assets/Effects/ImageEffects/Textures/MotionBlurJitter.png
  artifactKey: Guid(31f5a8611c4ed1245b18456206e798dc) Importer(2089858483,0ecaa5967403d082aa24f35e1b516d23)
Start importing Assets/#NVJOB Boids/Example Scenes/Standard Assets/Effects/ImageEffects/Textures/MotionBlurJitter.png using Guid(31f5a8611c4ed1245b18456206e798dc) Importer(2089858483,0ecaa5967403d082aa24f35e1b516d23) [PhysX] Initialized MultithreadedTaskDispatcher with 20 workers.
 -> (artifact id: 'a5fae78855899603bf91b21552b105eb') in 0.012824 seconds
Number of updated asset objects reloaded before import = 0
Number of asset objects unloaded after import = 1
========================================================================
Received Import Request.
  Time since last request: 0.000023 seconds.
  path: Assets/#NVJOB Boids/Simple Boids/Materials/Fish 0/Fish 0 N2.png
  artifactKey: Guid(01015e4bbde80a44cb151bc3c32bfb87) Importer(2089858483,0ecaa5967403d082aa24f35e1b516d23)
Start importing Assets/#NVJOB Boids/Simple Boids/Materials/Fish 0/Fish 0 N2.png using Guid(01015e4bbde80a44cb151bc3c32bfb87) Importer(2089858483,0ecaa5967403d082aa24f35e1b516d23) [PhysX] Initialized MultithreadedTaskDispatcher with 20 workers.
 -> (artifact id: '7f1fc3d9dd09aa9fa065c957cd3c2174') in 0.011037 seconds
Number of updated asset objects reloaded before import = 0
Number of asset objects unloaded after import = 1
========================================================================
Received Import Request.
  Time since last request: 0.000028 seconds.
  path: Assets/#NVJOB Boids/Example Scenes/NVJOB Assets/Dynamic Sky Lite/Prefabs
  artifactKey: Guid(8b9a91dfd5a7e034888c4034f5328521) Importer(2089858483,0ecaa5967403d082aa24f35e1b516d23)
Start importing Assets/#NVJOB Boids/Example Scenes/NVJOB Assets/Dynamic Sky Lite/Prefabs using Guid(8b9a91dfd5a7e034888c4034f5328521) Importer(2089858483,0ecaa5967403d082aa24f35e1b516d23) [PhysX] Initialized MultithreadedTaskDispatcher with 20 workers.
 -> (artifact id: '5835cf92f47b34c510acd43086d37bc8') in 0.003785 seconds
Number of updated asset objects reloaded before import = 0
Number of asset objects unloaded after import = 1
========================================================================
Received Import Request.
  Time since last request: 0.000031 seconds.
  path: Assets/#NVJOB Boids/Example Scenes/Other/Sand/Prefabs/Sand 0.prefab
  artifactKey: Guid(caed3e9458583244596c5bd13b33c569) Importer(2089858483,3d70f49cd1c2eb9ae422958d1c652c6b)
Start importing Assets/#NVJOB Boids/Example Scenes/Other/Sand/Prefabs/Sand 0.prefab using Guid(caed3e9458583244596c5bd13b33c569) Importer(2089858483,3d70f49cd1c2eb9ae422958d1c652c6b) [PhysX] Initialized MultithreadedTaskDispatcher with 20 workers.
 -> (artifact id: '506a930952a324e59906836c74b7c29d') in 0.008328 seconds
Number of updated asset objects reloaded before import = 0
Number of asset objects unloaded after import = 9
========================================================================
Received Import Request.
  Time since last request: 0.000018 seconds.
  path: Assets/#NVJOB Boids/Example Scenes/NVJOB Assets
  artifactKey: Guid(307ea202b0a99ba44a86deb37732ed39) Importer(2089858483,0ecaa5967403d082aa24f35e1b516d23)
Start importing Assets/#NVJOB Boids/Example Scenes/NVJOB Assets using Guid(307ea202b0a99ba44a86deb37732ed39) Importer(2089858483,0ecaa5967403d082aa24f35e1b516d23) [PhysX] Initialized MultithreadedTaskDispatcher with 20 workers.
 -> (artifact id: '85a45523cfe9ea7bea054a270e1edc8e') in 0.004132 seconds
Number of updated asset objects reloaded before import = 0
Number of asset objects unloaded after import = 1
========================================================================
Received Import Request.
  Time since last request: 0.000020 seconds.
  path: Assets/#NVJOB Boids/Example Scenes/Other/Shark/Materials/Shark.mat
  artifactKey: Guid(3bfe11c511ffb984da89fea8e2997ab1) Importer(2089858483,0ecaa5967403d082aa24f35e1b516d23)
Start importing Assets/#NVJOB Boids/Example Scenes/Other/Shark/Materials/Shark.mat using Guid(3bfe11c511ffb984da89fea8e2997ab1) Importer(2089858483,0ecaa5967403d082aa24f35e1b516d23) [PhysX] Initialized MultithreadedTaskDispatcher with 20 workers.
 -> (artifact id: '9a93ee98269bacc724915e5cd22c048b') in 0.014632 seconds
Number of updated asset objects reloaded before import = 0
Number of asset objects unloaded after import = 7
========================================================================
Received Import Request.
  Time since last request: 0.000027 seconds.
  path: Assets/#NVJOB Boids/Simple Boids/Materials/Fish 0/Fish 0 A1.png
  artifactKey: Guid(89e36889c9721a64c9264af238b276ae) Importer(2089858483,0ecaa5967403d082aa24f35e1b516d23)
Start importing Assets/#NVJOB Boids/Simple Boids/Materials/Fish 0/Fish 0 A1.png using Guid(89e36889c9721a64c9264af238b276ae) Importer(2089858483,0ecaa5967403d082aa24f35e1b516d23) [PhysX] Initialized MultithreadedTaskDispatcher with 20 workers.
 -> (artifact id: '1603a7b6e4c81b507def3e78dc95e537') in 0.012680 seconds
Number of updated asset objects reloaded before import = 0
Number of asset objects unloaded after import = 1
========================================================================
Received Import Request.
  Time since last request: 0.000023 seconds.
  path: Assets/#NVJOB Boids/Example Scenes/Standard Assets/Effects/ImageEffects/Scripts/ImageEffectBase.cs
  artifactKey: Guid(f6469eb0ad1119d6d00011d98d76c639) Importer(2089858483,0ecaa5967403d082aa24f35e1b516d23)
Start importing Assets/#NVJOB Boids/Example Scenes/Standard Assets/Effects/ImageEffects/Scripts/ImageEffectBase.cs using Guid(f6469eb0ad1119d6d00011d98d76c639) Importer(2089858483,0ecaa5967403d082aa24f35e1b516d23) [PhysX] Initialized MultithreadedTaskDispatcher with 20 workers.
 -> (artifact id: 'd02041724299af774a32e44721bc3d10') in 0.004658 seconds
Number of updated asset objects reloaded before import = 0
Number of asset objects unloaded after import = 1
========================================================================
Received Import Request.
  Time since last request: 0.000023 seconds.
  path: Assets/#NVJOB Boids/Example Scenes/NVJOB Assets/Dynamic Sky Lite/Prefabs/Dynamic Sky.prefab
  artifactKey: Guid(8a12c745772ba924e85f705bd8ba1b74) Importer(2089858483,3d70f49cd1c2eb9ae422958d1c652c6b)
Start importing Assets/#NVJOB Boids/Example Scenes/NVJOB Assets/Dynamic Sky Lite/Prefabs/Dynamic Sky.prefab using Guid(8a12c745772ba924e85f705bd8ba1b74) Importer(2089858483,3d70f49cd1c2eb9ae422958d1c652c6b) [PhysX] Initialized MultithreadedTaskDispatcher with 20 workers.
 -> (artifact id: 'b3ef3e91ed6ca70057b8d5910ad1d93e') in 0.010519 seconds
Number of updated asset objects reloaded before import = 0
Number of asset objects unloaded after import = 22
========================================================================
Received Import Request.
  Time since last request: 0.000021 seconds.
  path: Assets/Scenes/SampleScene.unity
  artifactKey: Guid(99c9720ab356a0642a771bea13969a05) Importer(2089858483,3d70f49cd1c2eb9ae422958d1c652c6b)
Start importing Assets/Scenes/SampleScene.unity using Guid(99c9720ab356a0642a771bea13969a05) Importer(2089858483,3d70f49cd1c2eb9ae422958d1c652c6b) [PhysX] Initialized MultithreadedTaskDispatcher with 20 workers.
Opening scene 'Assets/Scenes/SampleScene.unity additively'
Loaded scene 'Assets/Scenes/SampleScene.unity'
	Deserialize:            3.870 ms
	Integration:            3.853 ms
	Integration of assets:  0.662 ms
	Thread Wait Time:       0.027 ms
	Total Operation Time:   8.412 ms
 -> (artifact id: 'a1d045a8efc4e680183dec80e7f917d2') in 0.026728 seconds
Number of updated asset objects reloaded before import = 0
Number of asset objects unloaded after import = 7
========================================================================
Received Import Request.
  Time since last request: 0.000032 seconds.
  path: Assets/#NVJOB Boids/Example Scenes/Scenes/Fish Boids.unity
  artifactKey: Guid(32a17a59e28be644cbfabd316e9d3fe3) Importer(2089858483,3d70f49cd1c2eb9ae422958d1c652c6b)
Start importing Assets/#NVJOB Boids/Example Scenes/Scenes/Fish Boids.unity using Guid(32a17a59e28be644cbfabd316e9d3fe3) Importer(2089858483,3d70f49cd1c2eb9ae422958d1c652c6b) [PhysX] Initialized MultithreadedTaskDispatcher with 20 workers.
Opening scene 'Assets/#NVJOB Boids/Example Scenes/Scenes/Fish Boids.unity additively'
Loaded scene 'Assets/#NVJOB Boids/Example Scenes/Scenes/Fish Boids.unity'
	Deserialize:            21.941 ms
	Integration:            36.312 ms
	Integration of assets:  2.319 ms
	Thread Wait Time:       -0.320 ms
	Total Operation Time:   60.252 ms
 -> (artifact id: 'e05a8b93d9005fc52b57a0fc3838f058') in 0.121391 seconds
Number of updated asset objects reloaded before import = 0
Number of asset objects unloaded after import = 127
Editor requested this worker to shutdown with reason: balancing worker count downwards
TcpMessagingSession - receive error: operation aborted. errorcode: 995, details: The I/O operation has been aborted because of either a thread exit or an application request.
AssetImportWorker is now disconnected from the server
Process exiting
Exiting without the bug reporter. Application will terminate with return code 0