Using pre-set license
Built from '2022.3/staging' branch; Version is '2022.3.59f1 (630718f645a5) revision 6489880'; Using compiler version '192829333'; Build Type 'Release'
OS: 'Windows 11  (10.0.26100) 64bit Professional' Language: 'en' Physical Memory: 32482 MB
BatchMode: 1, IsHumanControllingUs: 0, StartBugReporterOnCrash: 0, Is64bit: 1, IsPro: 1

COMMAND LINE ARGUMENTS:
C:\Program Files\Unity\Hub\Editor\2022.3.59f1\Editor\Unity.exe
-adb2
-batchMode
-noUpm
-name
AssetImportWorker20
-projectPath
C:/Users/Silvers/finalprojectrepo/finalproject_ls
-logFile
Logs/AssetImportWorker20.log
-srvPort
57990
Successfully changed project path to: C:/Users/Silvers/finalprojectrepo/finalproject_ls
C:/Users/Silvers/finalprojectrepo/finalproject_ls
[UnityMemory] Configuration Parameters - Can be set up in boot.config
    "memorysetup-bucket-allocator-granularity=16"
    "memorysetup-bucket-allocator-bucket-count=8"
    "memorysetup-bucket-allocator-block-size=33554432"
    "memorysetup-bucket-allocator-block-count=8"
    "memorysetup-main-allocator-block-size=16777216"
    "memorysetup-thread-allocator-block-size=16777216"
    "memorysetup-gfx-main-allocator-block-size=16777216"
    "memorysetup-gfx-thread-allocator-block-size=16777216"
    "memorysetup-cache-allocator-block-size=4194304"
    "memorysetup-typetree-allocator-block-size=2097152"
    "memorysetup-profiler-bucket-allocator-granularity=16"
    "memorysetup-profiler-bucket-allocator-bucket-count=8"
    "memorysetup-profiler-bucket-allocator-block-size=33554432"
    "memorysetup-profiler-bucket-allocator-block-count=8"
    "memorysetup-profiler-allocator-block-size=16777216"
    "memorysetup-profiler-editor-allocator-block-size=1048576"
    "memorysetup-temp-allocator-size-main=16777216"
    "memorysetup-job-temp-allocator-block-size=2097152"
    "memorysetup-job-temp-allocator-block-size-background=1048576"
    "memorysetup-job-temp-allocator-reduction-small-platforms=262144"
    "memorysetup-allocator-temp-initial-block-size-main=262144"
    "memorysetup-allocator-temp-initial-block-size-worker=262144"
    "memorysetup-temp-allocator-size-background-worker=32768"
    "memorysetup-temp-allocator-size-job-worker=262144"
    "memorysetup-temp-allocator-size-preload-manager=33554432"
    "memorysetup-temp-allocator-size-nav-mesh-worker=65536"
    "memorysetup-temp-allocator-size-audio-worker=65536"
    "memorysetup-temp-allocator-size-cloud-worker=32768"
    "memorysetup-temp-allocator-size-gi-baking-worker=262144"
    "memorysetup-temp-allocator-size-gfx=262144"
Player connection [30832]  Target information:

Player connection [30832]  * "[IP] 172.23.17.57 [Port] 0 [Flags] 2 [Guid] 706987695 [EditorId] 706987695 [Version] 1048832 [Id] WindowsEditor(7,916-dsg-147-02a) [Debug] 1 [PackageName] WindowsEditor [ProjectName] Editor" 

Player connection [30832] Host joined multi-casting on [225.0.0.222:54997]...
Player connection [30832] Host joined alternative multi-casting on [225.0.0.222:34997]...
Input System module state changed to: Initialized.
[PhysX] Initialized MultithreadedTaskDispatcher with 20 workers.
Refreshing native plugins compatible for Editor in 9.33 ms, found 3 plugins.
Preloading 0 native plugins for Editor in 0.00 ms.
Initialize engine version: 2022.3.59f1 (630718f645a5)
[Subsystems] Discovering subsystems at path C:/Program Files/Unity/Hub/Editor/2022.3.59f1/Editor/Data/Resources/UnitySubsystems
[Subsystems] Discovering subsystems at path C:/Users/Silvers/finalprojectrepo/finalproject_ls/Assets
GfxDevice: creating device client; threaded=0; jobified=0
Direct3D:
    Version:  Direct3D 11.0 [level 11.1]
    Renderer: NVIDIA GeForce RTX 3060 (ID=0x2504)
    Vendor:   NVIDIA
    VRAM:     12129 MB
    Driver:   31.0.15.4665
Initialize mono
Mono path[0] = 'C:/Program Files/Unity/Hub/Editor/2022.3.59f1/Editor/Data/Managed'
Mono path[1] = 'C:/Program Files/Unity/Hub/Editor/2022.3.59f1/Editor/Data/MonoBleedingEdge/lib/mono/unityjit-win32'
Mono config path = 'C:/Program Files/Unity/Hub/Editor/2022.3.59f1/Editor/Data/MonoBleedingEdge/etc'
Using monoOptions --debugger-agent=transport=dt_socket,embedding=1,server=y,suspend=n,address=127.0.0.1:56876
Begin MonoManager ReloadAssembly
Registering precompiled unity dll's ...
Register platform support module: C:/Program Files/Unity/Hub/Editor/2022.3.59f1/Editor/Data/PlaybackEngines/WindowsStandaloneSupport/UnityEditor.WindowsStandalone.Extensions.dll
Registered in 0.004038 seconds.
- Loaded All Assemblies, in  0.243 seconds
Native extension for WindowsStandalone target not found
Mono: successfully reloaded assembly
- Finished resetting the current domain, in  0.190 seconds
Domain Reload Profiling: 432ms
	BeginReloadAssembly (79ms)
		ExecutionOrderSort (0ms)
		DisableScriptedObjects (0ms)
		BackupInstance (0ms)
		ReleaseScriptingObjects (0ms)
		CreateAndSetChildDomain (1ms)
	RebuildCommonClasses (23ms)
	RebuildNativeTypeToScriptingClass (7ms)
	initialDomainReloadingComplete (39ms)
	LoadAllAssembliesAndSetupDomain (92ms)
		LoadAssemblies (79ms)
		RebuildTransferFunctionScriptingTraits (0ms)
		AnalyzeDomain (91ms)
			TypeCache.Refresh (89ms)
				TypeCache.ScanAssembly (80ms)
			ScanForSourceGeneratedMonoScriptInfo (0ms)
			ResolveRequiredComponents (0ms)
	FinalizeReload (191ms)
		ReleaseScriptCaches (0ms)
		RebuildScriptCaches (0ms)
		SetupLoadedEditorAssemblies (159ms)
			LogAssemblyErrors (0ms)
			InitializePlatformSupportModulesInManaged (7ms)
			SetLoadedEditorAssemblies (6ms)
			RefreshPlugins (0ms)
			BeforeProcessingInitializeOnLoad (2ms)
			ProcessInitializeOnLoadAttributes (109ms)
			ProcessInitializeOnLoadMethodAttributes (35ms)
			AfterProcessingInitializeOnLoad (0ms)
			EditorAssembliesLoaded (0ms)
		ExecutionOrderSort2 (0ms)
		AwakeInstancesAfterBackupRestoration (0ms)
========================================================================
Worker process is ready to serve import requests
Caller must complete domain reload
Begin MonoManager ReloadAssembly
- Loaded All Assemblies, in  0.455 seconds
Native extension for WindowsStandalone target not found
Mono: successfully reloaded assembly
- Finished resetting the current domain, in  0.447 seconds
Domain Reload Profiling: 900ms
	BeginReloadAssembly (104ms)
		ExecutionOrderSort (0ms)
		DisableScriptedObjects (3ms)
		BackupInstance (0ms)
		ReleaseScriptingObjects (0ms)
		CreateAndSetChildDomain (14ms)
	RebuildCommonClasses (23ms)
	RebuildNativeTypeToScriptingClass (6ms)
	initialDomainReloadingComplete (31ms)
	LoadAllAssembliesAndSetupDomain (289ms)
		LoadAssemblies (227ms)
		RebuildTransferFunctionScriptingTraits (0ms)
		AnalyzeDomain (124ms)
			TypeCache.Refresh (100ms)
				TypeCache.ScanAssembly (89ms)
			ScanForSourceGeneratedMonoScriptInfo (15ms)
			ResolveRequiredComponents (7ms)
	FinalizeReload (447ms)
		ReleaseScriptCaches (0ms)
		RebuildScriptCaches (0ms)
		SetupLoadedEditorAssemblies (346ms)
			LogAssemblyErrors (0ms)
			InitializePlatformSupportModulesInManaged (5ms)
			SetLoadedEditorAssemblies (2ms)
			RefreshPlugins (0ms)
			BeforeProcessingInitializeOnLoad (46ms)
			ProcessInitializeOnLoadAttributes (233ms)
			ProcessInitializeOnLoadMethodAttributes (55ms)
			AfterProcessingInitializeOnLoad (4ms)
			EditorAssembliesLoaded (0ms)
		ExecutionOrderSort2 (0ms)
		AwakeInstancesAfterBackupRestoration (6ms)
Launched and connected shader compiler UnityShaderCompiler.exe after 0.05 seconds
Refreshing native plugins compatible for Editor in 4.29 ms, found 3 plugins.
Preloading 0 native plugins for Editor in 0.00 ms.
Unloading 5023 Unused Serialized files (Serialized files now loaded: 0)
Unloading 24 unused Assets / (348.5 KB). Loaded Objects now: 5488.
Memory consumption went from 226.5 MB to 226.2 MB.
Total: 2.742400 ms (FindLiveObjects: 0.251400 ms CreateObjectMapping: 0.154800 ms MarkObjects: 2.207000 ms  DeleteObjects: 0.128700 ms)

AssetImportParameters requested are different than current active one (requested -> active):
  custom:container-demuxer-ogg: 62fdf1f143b41e24485cea50d1cbac27 -> 
  custom:video-codec-MediaFoundation-h265: 746d11721c4dcdbdad8f713fa42b33f4 -> 
  custom:video-decoder-ogg-theora: a1e56fd34408186e4bbccfd4996cb3dc -> 
  custom:framework-win-MediaFoundation: 216162199b28c13a410421893ffa2e32 -> 
  custom:CustomObjectIndexerAttribute: 72b91833f83ae208fae7752999fa3104 -> 
  custom:container-demuxer-webm: 4f35f7cbe854078d1ac9338744f61a02 -> 
  custom:container-muxer-webm: aa71ff27fc2769a1b78a27578f13a17b -> 
  custom:video-decoder-webm-vp8: 9c59270c3fd7afecdb556c50c9e8de78 -> 
  custom:SearchIndexIgnoredProperties: e643bd26f0fe6173181afceb89e7c659 -> 
  custom:AudioImporter_EditorPlatform: d09bf68614088b80899f8185d706f6e7 -> 
  custom:scripting/monoscript/fileName/QuirkySeriesDemo.cs: f8068bd0b8200068f027dfb1007a3918 -> 
  custom:scripting/monoscript/fileName/RotateOnScroll.cs: 3ef7cf6f829c033adfcf5e1b21c9a004 -> 
  custom:video-encoder-webm-vp8: eb34c28f22e8b96e1ab97ce403110664 -> 
  custom:audio-decoder-ogg-vorbis: bf7c407c2cedff20999df2af8eb42d56 -> 
  custom:audio-encoder-webm-vorbis: bf7c407c2cedff20999df2af8eb42d56 -> 
========================================================================
Received Import Request.
  Time since last request: 8954.290828 seconds.
  path: Assets/#NVJOB Boids/Example Scenes/Other/Sounds
  artifactKey: Guid(0a23dc93847301740af772f2572e6504) Importer(2089858483,0ecaa5967403d082aa24f35e1b516d23)
Start importing Assets/#NVJOB Boids/Example Scenes/Other/Sounds using Guid(0a23dc93847301740af772f2572e6504) Importer(2089858483,0ecaa5967403d082aa24f35e1b516d23) [PhysX] Initialized MultithreadedTaskDispatcher with 20 workers.
 -> (artifact id: '5fb35f0cb80465fec5fbef215859745f') in 0.161963 seconds
Number of updated asset objects reloaded before import = 0
Number of asset objects unloaded after import = 1
========================================================================
Received Import Request.
  Time since last request: 0.022663 seconds.
  path: Assets/#NVJOB Boids/Example Scenes/Standard Assets/Effects/ImageEffects/Scripts
  artifactKey: Guid(cd3e1490c3d9a7a498538315414d5129) Importer(2089858483,0ecaa5967403d082aa24f35e1b516d23)
Start importing Assets/#NVJOB Boids/Example Scenes/Standard Assets/Effects/ImageEffects/Scripts using Guid(cd3e1490c3d9a7a498538315414d5129) Importer(2089858483,0ecaa5967403d082aa24f35e1b516d23) [PhysX] Initialized MultithreadedTaskDispatcher with 20 workers.
 -> (artifact id: 'bb1b86bcdbe7711971e74d2058cba725') in 0.006536 seconds
Number of updated asset objects reloaded before import = 0
Number of asset objects unloaded after import = 1
========================================================================
Received Import Request.
  Time since last request: 0.006925 seconds.
  path: Assets/#NVJOB Boids/Example Scenes/NVJOB Assets/SkyBox Two Colors
  artifactKey: Guid(361da41a8f493894cbbd9cf974f2fa90) Importer(2089858483,0ecaa5967403d082aa24f35e1b516d23)
Start importing Assets/#NVJOB Boids/Example Scenes/NVJOB Assets/SkyBox Two Colors using Guid(361da41a8f493894cbbd9cf974f2fa90) Importer(2089858483,0ecaa5967403d082aa24f35e1b516d23) [PhysX] Initialized MultithreadedTaskDispatcher with 20 workers.
 -> (artifact id: '86983aa4ec4bbdefcaab0b17ffdfeabf') in 0.009661 seconds
Number of updated asset objects reloaded before import = 0
Number of asset objects unloaded after import = 1
========================================================================
Received Import Request.
  Time since last request: 0.006716 seconds.
  path: Assets/#NVJOB Boids/Example Scenes/Standard Assets/Effects/ImageEffects/Shaders/FisheyeShader.shader
  artifactKey: Guid(874ceab4425f64bccb1d14032f4452b1) Importer(2089858483,0ecaa5967403d082aa24f35e1b516d23)
Start importing Assets/#NVJOB Boids/Example Scenes/Standard Assets/Effects/ImageEffects/Shaders/FisheyeShader.shader using Guid(874ceab4425f64bccb1d14032f4452b1) Importer(2089858483,0ecaa5967403d082aa24f35e1b516d23) [PhysX] Initialized MultithreadedTaskDispatcher with 20 workers.
 -> (artifact id: '3d645b45db90aa4e2c9d5212d49c8081') in 0.039784 seconds
Number of updated asset objects reloaded before import = 0
Number of asset objects unloaded after import = 1
========================================================================
Received Import Request.
  Time since last request: 0.000026 seconds.
  path: Assets/#NVJOB Boids/Simple Boids/Prefabs/Fish/Fish 2 Pref.prefab
  artifactKey: Guid(4245ff9a4dd9cd24d8b511911616bf71) Importer(2089858483,3d70f49cd1c2eb9ae422958d1c652c6b)
Start importing Assets/#NVJOB Boids/Simple Boids/Prefabs/Fish/Fish 2 Pref.prefab using Guid(4245ff9a4dd9cd24d8b511911616bf71) Importer(2089858483,3d70f49cd1c2eb9ae422958d1c652c6b) [PhysX] Initialized MultithreadedTaskDispatcher with 20 workers.
 -> (artifact id: '6d116a034114a9e2f5a30fab6748dee9') in 0.018154 seconds
Number of updated asset objects reloaded before import = 0
Number of asset objects unloaded after import = 8
========================================================================
Received Import Request.
  Time since last request: 0.000022 seconds.
  path: Assets/#NVJOB Boids/Example Scenes/NVJOB Assets/Water Shader SAF/Prefabs/Water 1.prefab
  artifactKey: Guid(c29c2d9a5d76d014eb04800673f0ce87) Importer(2089858483,0ecaa5967403d082aa24f35e1b516d23)
Start importing Assets/#NVJOB Boids/Example Scenes/NVJOB Assets/Water Shader SAF/Prefabs/Water 1.prefab using Guid(c29c2d9a5d76d014eb04800673f0ce87) Importer(2089858483,0ecaa5967403d082aa24f35e1b516d23) [PhysX] Initialized MultithreadedTaskDispatcher with 20 workers.
 -> (artifact id: 'ab71cfdd2518a7e02b91e78eef1f0f36') in 0.037287 seconds
Number of updated asset objects reloaded before import = 0
Number of asset objects unloaded after import = 7
========================================================================
Received Import Request.
  Time since last request: 0.000019 seconds.
  path: Assets/#NVJOB Boids/Example Scenes/Standard Assets/Effects/ImageEffects/Shaders/_DepthOfField/Bokeh34.shader
  artifactKey: Guid(57cdacf9b217546aaa18edf39a6151c0) Importer(2089858483,0ecaa5967403d082aa24f35e1b516d23)
Start importing Assets/#NVJOB Boids/Example Scenes/Standard Assets/Effects/ImageEffects/Shaders/_DepthOfField/Bokeh34.shader using Guid(57cdacf9b217546aaa18edf39a6151c0) Importer(2089858483,0ecaa5967403d082aa24f35e1b516d23) [PhysX] Initialized MultithreadedTaskDispatcher with 20 workers.
 -> (artifact id: 'e104f6f2ac720154507c5f93d3ace55a') in 0.004975 seconds
Number of updated asset objects reloaded before import = 0
Number of asset objects unloaded after import = 1
========================================================================
Received Import Request.
  Time since last request: 0.000021 seconds.
  path: Assets/#NVJOB Boids/Simple Boids/Prefabs/Bird/NVBoids Bird.prefab
  artifactKey: Guid(b43f2b58a4fa2934b97c7024f3af9e7b) Importer(2089858483,3d70f49cd1c2eb9ae422958d1c652c6b)
Start importing Assets/#NVJOB Boids/Simple Boids/Prefabs/Bird/NVBoids Bird.prefab using Guid(b43f2b58a4fa2934b97c7024f3af9e7b) Importer(2089858483,3d70f49cd1c2eb9ae422958d1c652c6b) [PhysX] Initialized MultithreadedTaskDispatcher with 20 workers.
 -> (artifact id: 'f493524a5a314ac528ff40bc21c9732a') in 0.006697 seconds
Number of updated asset objects reloaded before import = 0
Number of asset objects unloaded after import = 11
========================================================================
Received Import Request.
  Time since last request: 0.000017 seconds.
  path: Assets/#NVJOB Boids/Example Scenes/Scenes
  artifactKey: Guid(d011f7b4d0947c548a996e10dce38d3b) Importer(2089858483,0ecaa5967403d082aa24f35e1b516d23)
Start importing Assets/#NVJOB Boids/Example Scenes/Scenes using Guid(d011f7b4d0947c548a996e10dce38d3b) Importer(2089858483,0ecaa5967403d082aa24f35e1b516d23) [PhysX] Initialized MultithreadedTaskDispatcher with 20 workers.
 -> (artifact id: '4e91660316df167a0ae85df4b320b200') in 0.003575 seconds
Number of updated asset objects reloaded before import = 0
Number of asset objects unloaded after import = 1
========================================================================
Received Import Request.
  Time since last request: 0.000015 seconds.
  path: Assets/#NVJOB Boids/Example Scenes/Other/Particles/Smog tex.png
  artifactKey: Guid(26aa384cac7601547ba0b68492cad047) Importer(2089858483,0ecaa5967403d082aa24f35e1b516d23)
Start importing Assets/#NVJOB Boids/Example Scenes/Other/Particles/Smog tex.png using Guid(26aa384cac7601547ba0b68492cad047) Importer(2089858483,0ecaa5967403d082aa24f35e1b516d23) [PhysX] Initialized MultithreadedTaskDispatcher with 20 workers.
 -> (artifact id: '021d1441fdf6a28509ff3e2750f2e6a8') in 0.036928 seconds
Number of updated asset objects reloaded before import = 0
Number of asset objects unloaded after import = 1
========================================================================
Received Import Request.
  Time since last request: 0.000023 seconds.
  path: Assets/#NVJOB Boids/Example Scenes/Other/Shark/Prefabs/Shark.prefab
  artifactKey: Guid(380e869112d5086468a3a3992e91109d) Importer(2089858483,3d70f49cd1c2eb9ae422958d1c652c6b)
Start importing Assets/#NVJOB Boids/Example Scenes/Other/Shark/Prefabs/Shark.prefab using Guid(380e869112d5086468a3a3992e91109d) Importer(2089858483,3d70f49cd1c2eb9ae422958d1c652c6b) [PhysX] Initialized MultithreadedTaskDispatcher with 20 workers.
 -> (artifact id: '3d578b5b481131830ae6707d5ffb81d1') in 0.006640 seconds
Number of updated asset objects reloaded before import = 0
Number of asset objects unloaded after import = 10
========================================================================
Received Import Request.
  Time since last request: 0.000028 seconds.
  path: Assets/#NVJOB Boids/Example Scenes/Standard Assets/Effects/ImageEffects/Shaders/_BloomAndFlares/BrightPassFilter.shader
  artifactKey: Guid(186c4c0d31e314f049595dcbaf4ca129) Importer(2089858483,0ecaa5967403d082aa24f35e1b516d23)
Start importing Assets/#NVJOB Boids/Example Scenes/Standard Assets/Effects/ImageEffects/Shaders/_BloomAndFlares/BrightPassFilter.shader using Guid(186c4c0d31e314f049595dcbaf4ca129) Importer(2089858483,0ecaa5967403d082aa24f35e1b516d23) [PhysX] Initialized MultithreadedTaskDispatcher with 20 workers.
 -> (artifact id: 'c3d36b6198725a2cf25398a37517cb44') in 0.004640 seconds
Number of updated asset objects reloaded before import = 0
Number of asset objects unloaded after import = 1
========================================================================
Received Import Request.
  Time since last request: 0.000022 seconds.
  path: Assets/#NVJOB Boids/Example Scenes/Standard Assets/Editor/ImageEffects/ColorCorrectionLookupEditor.cs
  artifactKey: Guid(66c17be95fbf398439ea09f8892a8b43) Importer(2089858483,0ecaa5967403d082aa24f35e1b516d23)
Start importing Assets/#NVJOB Boids/Example Scenes/Standard Assets/Editor/ImageEffects/ColorCorrectionLookupEditor.cs using Guid(66c17be95fbf398439ea09f8892a8b43) Importer(2089858483,0ecaa5967403d082aa24f35e1b516d23) [PhysX] Initialized MultithreadedTaskDispatcher with 20 workers.
 -> (artifact id: '66f06a4cbb171e7364a158bb7139f1df') in 0.006209 seconds
Number of updated asset objects reloaded before import = 0
Number of asset objects unloaded after import = 1
========================================================================
Received Import Request.
  Time since last request: 0.000020 seconds.
  path: Assets/#NVJOB Boids/Example Scenes/Standard Assets/Effects/ImageEffects/Scripts/BlurOptimized.cs
  artifactKey: Guid(7fc6bde01469c7b4badee5362f191d96) Importer(2089858483,0ecaa5967403d082aa24f35e1b516d23)
Start importing Assets/#NVJOB Boids/Example Scenes/Standard Assets/Effects/ImageEffects/Scripts/BlurOptimized.cs using Guid(7fc6bde01469c7b4badee5362f191d96) Importer(2089858483,0ecaa5967403d082aa24f35e1b516d23) [PhysX] Initialized MultithreadedTaskDispatcher with 20 workers.
 -> (artifact id: '8007fb8a49edca080f9010c92381a90b') in 0.005444 seconds
Number of updated asset objects reloaded before import = 0
Number of asset objects unloaded after import = 1
========================================================================
Received Import Request.
  Time since last request: 0.000021 seconds.
  path: Assets/#NVJOB Boids/Example Scenes/Standard Assets/Effects/ImageEffects/Shaders/ConvertDepth.shader
  artifactKey: Guid(14768d3865b1342e3a861fbe19ba2db2) Importer(2089858483,0ecaa5967403d082aa24f35e1b516d23)
Start importing Assets/#NVJOB Boids/Example Scenes/Standard Assets/Effects/ImageEffects/Shaders/ConvertDepth.shader using Guid(14768d3865b1342e3a861fbe19ba2db2) Importer(2089858483,0ecaa5967403d082aa24f35e1b516d23) [PhysX] Initialized MultithreadedTaskDispatcher with 20 workers.
 -> (artifact id: 'c2240eecf8d4d6023f86853f70d661ec') in 0.004728 seconds
Number of updated asset objects reloaded before import = 0
Number of asset objects unloaded after import = 1
========================================================================
Received Import Request.
  Time since last request: 0.000023 seconds.
  path: Assets/#NVJOB Boids/Simple Boids/Materials/Bird/Bird a.png
  artifactKey: Guid(55ce03abd2543af4e8d3de832af67e67) Importer(2089858483,0ecaa5967403d082aa24f35e1b516d23)
Start importing Assets/#NVJOB Boids/Simple Boids/Materials/Bird/Bird a.png using Guid(55ce03abd2543af4e8d3de832af67e67) Importer(2089858483,0ecaa5967403d082aa24f35e1b516d23) [PhysX] Initialized MultithreadedTaskDispatcher with 20 workers.
 -> (artifact id: '080c1fc61ee2f16cd0dc9ece74cc3ffb') in 0.010691 seconds
Number of updated asset objects reloaded before import = 0
Number of asset objects unloaded after import = 1
========================================================================
Received Import Request.
  Time since last request: 0.000021 seconds.
  path: Assets/#NVJOB Boids/Example Scenes/NVJOB Assets/SC Shaders (Legacy)/SC Shader (Normalmap, Occlusion, Reflection, Cull Off).shader
  artifactKey: Guid(276179b8b0dc7db4eb29e60ef637b484) Importer(2089858483,0ecaa5967403d082aa24f35e1b516d23)
Start importing Assets/#NVJOB Boids/Example Scenes/NVJOB Assets/SC Shaders (Legacy)/SC Shader (Normalmap, Occlusion, Reflection, Cull Off).shader using Guid(276179b8b0dc7db4eb29e60ef637b484) Importer(2089858483,0ecaa5967403d082aa24f35e1b516d23) [PhysX] Initialized MultithreadedTaskDispatcher with 20 workers.
 -> (artifact id: '39bdb3d22875586dd067b6a69a8c7534') in 0.007378 seconds
Number of updated asset objects reloaded before import = 0
Number of asset objects unloaded after import = 1
========================================================================
Received Import Request.
  Time since last request: 0.000043 seconds.
  path: Assets/#NVJOB Boids/Simple Boids/Materials/Bird/Bird W.mat
  artifactKey: Guid(923ca4506748b01468bcdb55b8bff93a) Importer(2089858483,0ecaa5967403d082aa24f35e1b516d23)
Start importing Assets/#NVJOB Boids/Simple Boids/Materials/Bird/Bird W.mat using Guid(923ca4506748b01468bcdb55b8bff93a) Importer(2089858483,0ecaa5967403d082aa24f35e1b516d23) [PhysX] Initialized MultithreadedTaskDispatcher with 20 workers.
 -> (artifact id: 'e1d3d1b416df4b8effc2e3fce9bb9ca3') in 0.023769 seconds
Number of updated asset objects reloaded before import = 0
Number of asset objects unloaded after import = 5
Editor requested this worker to shutdown with reason: balancing worker count downwards
TcpMessagingSession - receive error: operation aborted. errorcode: 995, details: The I/O operation has been aborted because of either a thread exit or an application request.
AssetImportWorker is now disconnected from the server
Process exiting
Exiting without the bug reporter. Application will terminate with return code 0