Using pre-set license
Built from '2022.3/staging' branch; Version is '2022.3.59f1 (630718f645a5) revision 6489880'; Using compiler version '192829333'; Build Type 'Release'
OS: 'Windows 11  (10.0.26100) 64bit Professional' Language: 'en' Physical Memory: 32482 MB
BatchMode: 1, IsHumanControllingUs: 0, StartBugReporterOnCrash: 0, Is64bit: 1, IsPro: 1

COMMAND LINE ARGUMENTS:
C:\Program Files\Unity\Hub\Editor\2022.3.59f1\Editor\Unity.exe
-adb2
-batchMode
-noUpm
-name
AssetImportWorker30
-projectPath
C:/Users/Silvers/finalprojectrepo/finalproject_ls
-logFile
Logs/AssetImportWorker30.log
-srvPort
57990
Successfully changed project path to: C:/Users/Silvers/finalprojectrepo/finalproject_ls
C:/Users/Silvers/finalprojectrepo/finalproject_ls
[UnityMemory] Configuration Parameters - Can be set up in boot.config
    "memorysetup-bucket-allocator-granularity=16"
    "memorysetup-bucket-allocator-bucket-count=8"
    "memorysetup-bucket-allocator-block-size=33554432"
    "memorysetup-bucket-allocator-block-count=8"
    "memorysetup-main-allocator-block-size=16777216"
    "memorysetup-thread-allocator-block-size=16777216"
    "memorysetup-gfx-main-allocator-block-size=16777216"
    "memorysetup-gfx-thread-allocator-block-size=16777216"
    "memorysetup-cache-allocator-block-size=4194304"
    "memorysetup-typetree-allocator-block-size=2097152"
    "memorysetup-profiler-bucket-allocator-granularity=16"
    "memorysetup-profiler-bucket-allocator-bucket-count=8"
    "memorysetup-profiler-bucket-allocator-block-size=33554432"
    "memorysetup-profiler-bucket-allocator-block-count=8"
    "memorysetup-profiler-allocator-block-size=16777216"
    "memorysetup-profiler-editor-allocator-block-size=1048576"
    "memorysetup-temp-allocator-size-main=16777216"
    "memorysetup-job-temp-allocator-block-size=2097152"
    "memorysetup-job-temp-allocator-block-size-background=1048576"
    "memorysetup-job-temp-allocator-reduction-small-platforms=262144"
    "memorysetup-allocator-temp-initial-block-size-main=262144"
    "memorysetup-allocator-temp-initial-block-size-worker=262144"
    "memorysetup-temp-allocator-size-background-worker=32768"
    "memorysetup-temp-allocator-size-job-worker=262144"
    "memorysetup-temp-allocator-size-preload-manager=33554432"
    "memorysetup-temp-allocator-size-nav-mesh-worker=65536"
    "memorysetup-temp-allocator-size-audio-worker=65536"
    "memorysetup-temp-allocator-size-cloud-worker=32768"
    "memorysetup-temp-allocator-size-gi-baking-worker=262144"
    "memorysetup-temp-allocator-size-gfx=262144"
Player connection [37056]  Target information:

Player connection [37056]  * "[IP] 172.23.17.57 [Port] 0 [Flags] 2 [Guid] 1664776309 [EditorId] 1664776309 [Version] 1048832 [Id] WindowsEditor(7,916-dsg-147-02a) [Debug] 1 [PackageName] WindowsEditor [ProjectName] Editor" 

Player connection [37056] Host joined multi-casting on [225.0.0.222:54997]...
Player connection [37056] Host joined alternative multi-casting on [225.0.0.222:34997]...
Input System module state changed to: Initialized.
[PhysX] Initialized MultithreadedTaskDispatcher with 20 workers.
Refreshing native plugins compatible for Editor in 13.71 ms, found 3 plugins.
Preloading 0 native plugins for Editor in 0.00 ms.
Initialize engine version: 2022.3.59f1 (630718f645a5)
[Subsystems] Discovering subsystems at path C:/Program Files/Unity/Hub/Editor/2022.3.59f1/Editor/Data/Resources/UnitySubsystems
[Subsystems] Discovering subsystems at path C:/Users/Silvers/finalprojectrepo/finalproject_ls/Assets
GfxDevice: creating device client; threaded=0; jobified=0
Direct3D:
    Version:  Direct3D 11.0 [level 11.1]
    Renderer: NVIDIA GeForce RTX 3060 (ID=0x2504)
    Vendor:   NVIDIA
    VRAM:     12129 MB
    Driver:   31.0.15.4665
Initialize mono
Mono path[0] = 'C:/Program Files/Unity/Hub/Editor/2022.3.59f1/Editor/Data/Managed'
Mono path[1] = 'C:/Program Files/Unity/Hub/Editor/2022.3.59f1/Editor/Data/MonoBleedingEdge/lib/mono/unityjit-win32'
Mono config path = 'C:/Program Files/Unity/Hub/Editor/2022.3.59f1/Editor/Data/MonoBleedingEdge/etc'
Using monoOptions --debugger-agent=transport=dt_socket,embedding=1,server=y,suspend=n,address=127.0.0.1:56092
Begin MonoManager ReloadAssembly
Registering precompiled unity dll's ...
Register platform support module: C:/Program Files/Unity/Hub/Editor/2022.3.59f1/Editor/Data/PlaybackEngines/WindowsStandaloneSupport/UnityEditor.WindowsStandalone.Extensions.dll
Registered in 0.006196 seconds.
- Loaded All Assemblies, in  0.340 seconds
Native extension for WindowsStandalone target not found
Mono: successfully reloaded assembly
- Finished resetting the current domain, in  0.279 seconds
Domain Reload Profiling: 619ms
	BeginReloadAssembly (115ms)
		ExecutionOrderSort (0ms)
		DisableScriptedObjects (0ms)
		BackupInstance (0ms)
		ReleaseScriptingObjects (0ms)
		CreateAndSetChildDomain (1ms)
	RebuildCommonClasses (36ms)
	RebuildNativeTypeToScriptingClass (11ms)
	initialDomainReloadingComplete (56ms)
	LoadAllAssembliesAndSetupDomain (122ms)
		LoadAssemblies (114ms)
		RebuildTransferFunctionScriptingTraits (0ms)
		AnalyzeDomain (120ms)
			TypeCache.Refresh (119ms)
				TypeCache.ScanAssembly (105ms)
			ScanForSourceGeneratedMonoScriptInfo (0ms)
			ResolveRequiredComponents (0ms)
	FinalizeReload (280ms)
		ReleaseScriptCaches (0ms)
		RebuildScriptCaches (0ms)
		SetupLoadedEditorAssemblies (235ms)
			LogAssemblyErrors (0ms)
			InitializePlatformSupportModulesInManaged (9ms)
			SetLoadedEditorAssemblies (6ms)
			RefreshPlugins (0ms)
			BeforeProcessingInitializeOnLoad (2ms)
			ProcessInitializeOnLoadAttributes (165ms)
			ProcessInitializeOnLoadMethodAttributes (53ms)
			AfterProcessingInitializeOnLoad (0ms)
			EditorAssembliesLoaded (0ms)
		ExecutionOrderSort2 (0ms)
		AwakeInstancesAfterBackupRestoration (0ms)
========================================================================
Worker process is ready to serve import requests
Caller must complete domain reload
Begin MonoManager ReloadAssembly
- Loaded All Assemblies, in  0.731 seconds
Native extension for WindowsStandalone target not found
Mono: successfully reloaded assembly
- Finished resetting the current domain, in  0.546 seconds
Domain Reload Profiling: 1273ms
	BeginReloadAssembly (193ms)
		ExecutionOrderSort (0ms)
		DisableScriptedObjects (7ms)
		BackupInstance (0ms)
		ReleaseScriptingObjects (0ms)
		CreateAndSetChildDomain (27ms)
	RebuildCommonClasses (41ms)
	RebuildNativeTypeToScriptingClass (12ms)
	initialDomainReloadingComplete (55ms)
	LoadAllAssembliesAndSetupDomain (426ms)
		LoadAssemblies (356ms)
		RebuildTransferFunctionScriptingTraits (0ms)
		AnalyzeDomain (179ms)
			TypeCache.Refresh (143ms)
				TypeCache.ScanAssembly (129ms)
			ScanForSourceGeneratedMonoScriptInfo (19ms)
			ResolveRequiredComponents (15ms)
	FinalizeReload (546ms)
		ReleaseScriptCaches (0ms)
		RebuildScriptCaches (0ms)
		SetupLoadedEditorAssemblies (412ms)
			LogAssemblyErrors (0ms)
			InitializePlatformSupportModulesInManaged (5ms)
			SetLoadedEditorAssemblies (3ms)
			RefreshPlugins (0ms)
			BeforeProcessingInitializeOnLoad (57ms)
			ProcessInitializeOnLoadAttributes (281ms)
			ProcessInitializeOnLoadMethodAttributes (63ms)
			AfterProcessingInitializeOnLoad (4ms)
			EditorAssembliesLoaded (0ms)
		ExecutionOrderSort2 (0ms)
		AwakeInstancesAfterBackupRestoration (6ms)
Launched and connected shader compiler UnityShaderCompiler.exe after 0.07 seconds
Refreshing native plugins compatible for Editor in 6.51 ms, found 3 plugins.
Preloading 0 native plugins for Editor in 0.00 ms.
Unloading 5023 Unused Serialized files (Serialized files now loaded: 0)
Unloading 24 unused Assets / (347.0 KB). Loaded Objects now: 5488.
Memory consumption went from 227.0 MB to 226.6 MB.
Total: 4.021600 ms (FindLiveObjects: 0.396000 ms CreateObjectMapping: 0.306200 ms MarkObjects: 3.113900 ms  DeleteObjects: 0.204100 ms)

AssetImportParameters requested are different than current active one (requested -> active):
  custom:container-demuxer-ogg: 62fdf1f143b41e24485cea50d1cbac27 -> 
  custom:video-codec-MediaFoundation-h265: 746d11721c4dcdbdad8f713fa42b33f4 -> 
  custom:video-decoder-ogg-theora: a1e56fd34408186e4bbccfd4996cb3dc -> 
  custom:framework-win-MediaFoundation: 216162199b28c13a410421893ffa2e32 -> 
  custom:CustomObjectIndexerAttribute: 72b91833f83ae208fae7752999fa3104 -> 
  custom:container-demuxer-webm: 4f35f7cbe854078d1ac9338744f61a02 -> 
  custom:container-muxer-webm: aa71ff27fc2769a1b78a27578f13a17b -> 
  custom:video-decoder-webm-vp8: 9c59270c3fd7afecdb556c50c9e8de78 -> 
  custom:SearchIndexIgnoredProperties: e643bd26f0fe6173181afceb89e7c659 -> 
  custom:AudioImporter_EditorPlatform: d09bf68614088b80899f8185d706f6e7 -> 
  custom:scripting/monoscript/fileName/QuirkySeriesDemo.cs: f8068bd0b8200068f027dfb1007a3918 -> 
  custom:scripting/monoscript/fileName/RotateOnScroll.cs: 3ef7cf6f829c033adfcf5e1b21c9a004 -> 
  custom:video-encoder-webm-vp8: eb34c28f22e8b96e1ab97ce403110664 -> 
  custom:audio-decoder-ogg-vorbis: bf7c407c2cedff20999df2af8eb42d56 -> 
  custom:audio-encoder-webm-vorbis: bf7c407c2cedff20999df2af8eb42d56 -> 
========================================================================
Received Import Request.
  Time since last request: 8961.315356 seconds.
  path: Assets/#NVJOB Boids/Example Scenes/NVJOB Assets/SC Shaders (Legacy)/SC Shader (Normalmap, Reflection, Cull Off).shader
  artifactKey: Guid(0fe2ba0b7389b1b4f8d118666cd4a825) Importer(2089858483,0ecaa5967403d082aa24f35e1b516d23)
Start importing Assets/#NVJOB Boids/Example Scenes/NVJOB Assets/SC Shaders (Legacy)/SC Shader (Normalmap, Reflection, Cull Off).shader using Guid(0fe2ba0b7389b1b4f8d118666cd4a825) Importer(2089858483,0ecaa5967403d082aa24f35e1b516d23) [PhysX] Initialized MultithreadedTaskDispatcher with 20 workers.
 -> (artifact id: 'fc83407454571587fa7fbe211d74eb28') in 0.200630 seconds
Number of updated asset objects reloaded before import = 0
Number of asset objects unloaded after import = 1
========================================================================
Received Import Request.
  Time since last request: 0.000036 seconds.
  path: Assets/#NVJOB Boids/Example Scenes/NVJOB Assets/FPS Counter/FPS Counter.prefab
  artifactKey: Guid(fc243675728653a4093f82ccb2e59921) Importer(2089858483,0ecaa5967403d082aa24f35e1b516d23)
Start importing Assets/#NVJOB Boids/Example Scenes/NVJOB Assets/FPS Counter/FPS Counter.prefab using Guid(fc243675728653a4093f82ccb2e59921) Importer(2089858483,0ecaa5967403d082aa24f35e1b516d23) [PhysX] Initialized MultithreadedTaskDispatcher with 20 workers.
 -> (artifact id: '652be74555367854259db958d3f3b13d') in 0.060220 seconds
Number of updated asset objects reloaded before import = 0
Number of asset objects unloaded after import = 34
========================================================================
Received Import Request.
  Time since last request: 0.000026 seconds.
  path: Assets/#NVJOB Boids/Example Scenes/Standard Assets/Editor/ImageEffects/DepthOfFieldEditor.cs
  artifactKey: Guid(427fdf36119bab44a9131abd19b90f57) Importer(2089858483,0ecaa5967403d082aa24f35e1b516d23)
Start importing Assets/#NVJOB Boids/Example Scenes/Standard Assets/Editor/ImageEffects/DepthOfFieldEditor.cs using Guid(427fdf36119bab44a9131abd19b90f57) Importer(2089858483,0ecaa5967403d082aa24f35e1b516d23) [PhysX] Initialized MultithreadedTaskDispatcher with 20 workers.
 -> (artifact id: 'af8daead0f406539379c3a449f978006') in 0.007586 seconds
Number of updated asset objects reloaded before import = 0
Number of asset objects unloaded after import = 1
========================================================================
Received Import Request.
  Time since last request: 0.000029 seconds.
  path: Assets/#NVJOB Boids/Simple Boids/Materials/Fish 2/Fish 2 N1.png
  artifactKey: Guid(2e2e6d02a0945574eae5c8e2a2885258) Importer(2089858483,0ecaa5967403d082aa24f35e1b516d23)
Start importing Assets/#NVJOB Boids/Simple Boids/Materials/Fish 2/Fish 2 N1.png using Guid(2e2e6d02a0945574eae5c8e2a2885258) Importer(2089858483,0ecaa5967403d082aa24f35e1b516d23) [PhysX] Initialized MultithreadedTaskDispatcher with 20 workers.
 -> (artifact id: 'e8bc9d1b8165bcf4c71ba3da9e61b323') in 0.040245 seconds
Number of updated asset objects reloaded before import = 0
Number of asset objects unloaded after import = 1
========================================================================
Received Import Request.
  Time since last request: 0.000021 seconds.
  path: Assets/#NVJOB Boids/Simple Boids/Mesh
  artifactKey: Guid(865940bac0f611146a5191aa90982ce8) Importer(2089858483,0ecaa5967403d082aa24f35e1b516d23)
Start importing Assets/#NVJOB Boids/Simple Boids/Mesh using Guid(865940bac0f611146a5191aa90982ce8) Importer(2089858483,0ecaa5967403d082aa24f35e1b516d23) [PhysX] Initialized MultithreadedTaskDispatcher with 20 workers.
 -> (artifact id: '2d41cc1d4d88ba1f6b96274be778a313') in 0.003601 seconds
Number of updated asset objects reloaded before import = 0
Number of asset objects unloaded after import = 1
========================================================================
Received Import Request.
  Time since last request: 0.000034 seconds.
  path: Assets/#NVJOB Boids/Example Scenes/Standard Assets/Effects/ImageEffects/Shaders/SepiaToneEffect.shader
  artifactKey: Guid(b6aa781cad112c75d0008dfa8d76c639) Importer(2089858483,0ecaa5967403d082aa24f35e1b516d23)
Start importing Assets/#NVJOB Boids/Example Scenes/Standard Assets/Effects/ImageEffects/Shaders/SepiaToneEffect.shader using Guid(b6aa781cad112c75d0008dfa8d76c639) Importer(2089858483,0ecaa5967403d082aa24f35e1b516d23) [PhysX] Initialized MultithreadedTaskDispatcher with 20 workers.
 -> (artifact id: '6c8b795b46a30335806f012d3f529227') in 0.004592 seconds
Number of updated asset objects reloaded before import = 0
Number of asset objects unloaded after import = 1
========================================================================
Received Import Request.
  Time since last request: 0.000018 seconds.
  path: Assets/#NVJOB Boids/Example Scenes/NVJOB Assets/Dynamic Sky Lite/Materials/Ref d.exr
  artifactKey: Guid(b2edd3146a154b04f920f368b991d659) Importer(2089858483,0ecaa5967403d082aa24f35e1b516d23)
Start importing Assets/#NVJOB Boids/Example Scenes/NVJOB Assets/Dynamic Sky Lite/Materials/Ref d.exr using Guid(b2edd3146a154b04f920f368b991d659) Importer(2089858483,0ecaa5967403d082aa24f35e1b516d23) [PhysX] Initialized MultithreadedTaskDispatcher with 20 workers.
 -> (artifact id: '2fe739b46ca3d70cbeb6e348180b52ab') in 0.010105 seconds
Number of updated asset objects reloaded before import = 0
Number of asset objects unloaded after import = 1
========================================================================
Received Import Request.
  Time since last request: 0.000017 seconds.
  path: Assets/#NVJOB Boids/Example Scenes/Standard Assets/Effects/ImageEffects/Scripts/PostEffectsBase.cs
  artifactKey: Guid(b6f4318ec6c2bf643a0f9edfeeaba0ec) Importer(2089858483,0ecaa5967403d082aa24f35e1b516d23)
Start importing Assets/#NVJOB Boids/Example Scenes/Standard Assets/Effects/ImageEffects/Scripts/PostEffectsBase.cs using Guid(b6f4318ec6c2bf643a0f9edfeeaba0ec) Importer(2089858483,0ecaa5967403d082aa24f35e1b516d23) [PhysX] Initialized MultithreadedTaskDispatcher with 20 workers.
 -> (artifact id: 'b4530bf18f9183465996eca25bcc99eb') in 0.004848 seconds
Number of updated asset objects reloaded before import = 0
Number of asset objects unloaded after import = 1
========================================================================
Received Import Request.
  Time since last request: 0.000018 seconds.
  path: Assets/#NVJOB Boids/Example Scenes/NVJOB Assets/Jelly Sprite/Jelly Sprite.shader
  artifactKey: Guid(403e086db8fc30d4781f20e07ca6527c) Importer(2089858483,0ecaa5967403d082aa24f35e1b516d23)
Start importing Assets/#NVJOB Boids/Example Scenes/NVJOB Assets/Jelly Sprite/Jelly Sprite.shader using Guid(403e086db8fc30d4781f20e07ca6527c) Importer(2089858483,0ecaa5967403d082aa24f35e1b516d23) [PhysX] Initialized MultithreadedTaskDispatcher with 20 workers.
 -> (artifact id: '5c29149b8b546d1e4a1e61310ee6fa9d') in 0.006643 seconds
Number of updated asset objects reloaded before import = 0
Number of asset objects unloaded after import = 1
========================================================================
Received Import Request.
  Time since last request: 0.000027 seconds.
  path: Assets/#NVJOB Boids/Example Scenes/Standard Assets/Effects/ImageEffects/Shaders/_DepthOfField/SeparableWeightedBlurDof34.shader
  artifactKey: Guid(bb4af680337344a4abad65a4e8873c50) Importer(2089858483,0ecaa5967403d082aa24f35e1b516d23)
Start importing Assets/#NVJOB Boids/Example Scenes/Standard Assets/Effects/ImageEffects/Shaders/_DepthOfField/SeparableWeightedBlurDof34.shader using Guid(bb4af680337344a4abad65a4e8873c50) Importer(2089858483,0ecaa5967403d082aa24f35e1b516d23) [PhysX] Initialized MultithreadedTaskDispatcher with 20 workers.
 -> (artifact id: 'aa2222ff992aa8c9959f4885ecf39a36') in 0.008157 seconds
Number of updated asset objects reloaded before import = 0
Number of asset objects unloaded after import = 1
========================================================================
Received Import Request.
  Time since last request: 0.000024 seconds.
  path: Assets/#NVJOB Boids/Example Scenes/NVJOB Assets/Water Shader SAF/Materials/Water.mat
  artifactKey: Guid(fd9a104b89431814b9f312a5527175f2) Importer(2089858483,0ecaa5967403d082aa24f35e1b516d23)
Start importing Assets/#NVJOB Boids/Example Scenes/NVJOB Assets/Water Shader SAF/Materials/Water.mat using Guid(fd9a104b89431814b9f312a5527175f2) Importer(2089858483,0ecaa5967403d082aa24f35e1b516d23) [PhysX] Initialized MultithreadedTaskDispatcher with 20 workers.
 -> (artifact id: '04cfc0c442f34c50da793cab10419516') in 0.016881 seconds
Number of updated asset objects reloaded before import = 0
Number of asset objects unloaded after import = 6
========================================================================
Received Import Request.
  Time since last request: 0.320092 seconds.
  path: Assets/#NVJOB Boids/Simple Boids/Bird NX Shaders.shader
  artifactKey: Guid(0b1fdadd03e8511409522e5965ff678a) Importer(2089858483,0ecaa5967403d082aa24f35e1b516d23)
Start importing Assets/#NVJOB Boids/Simple Boids/Bird NX Shaders.shader using Guid(0b1fdadd03e8511409522e5965ff678a) Importer(2089858483,0ecaa5967403d082aa24f35e1b516d23) [PhysX] Initialized MultithreadedTaskDispatcher with 20 workers.
 -> (artifact id: '31af1e8234adf101aaf991a7250c5130') in 0.004385 seconds
Number of updated asset objects reloaded before import = 0
Number of asset objects unloaded after import = 1
========================================================================
Received Import Request.
  Time since last request: 0.000016 seconds.
  path: Assets/#NVJOB Boids/Example Scenes/NVJOB Assets/Jelly Sprite
  artifactKey: Guid(07de18a68e303154f9cbfcc5e7594095) Importer(2089858483,0ecaa5967403d082aa24f35e1b516d23)
Start importing Assets/#NVJOB Boids/Example Scenes/NVJOB Assets/Jelly Sprite using Guid(07de18a68e303154f9cbfcc5e7594095) Importer(2089858483,0ecaa5967403d082aa24f35e1b516d23) [PhysX] Initialized MultithreadedTaskDispatcher with 20 workers.
 -> (artifact id: '6d33253996a96fcd19f161b2c3fe58b6') in 0.003783 seconds
Number of updated asset objects reloaded before import = 0
Number of asset objects unloaded after import = 1
========================================================================
Received Import Request.
  Time since last request: 0.000074 seconds.
  path: Assets/#NVJOB Boids/Example Scenes/Standard Assets/Effects/ImageEffects/Textures/Noise.png
  artifactKey: Guid(e80c3c84ea861404d8a427db8b7abf04) Importer(2089858483,0ecaa5967403d082aa24f35e1b516d23)
Start importing Assets/#NVJOB Boids/Example Scenes/Standard Assets/Effects/ImageEffects/Textures/Noise.png using Guid(e80c3c84ea861404d8a427db8b7abf04) Importer(2089858483,0ecaa5967403d082aa24f35e1b516d23) [PhysX] Initialized MultithreadedTaskDispatcher with 20 workers.
 -> (artifact id: 'a06fd40cdd789476008440d12391c6cb') in 0.010663 seconds
Number of updated asset objects reloaded before import = 0
Number of asset objects unloaded after import = 1
========================================================================
Received Import Request.
  Time since last request: 0.000020 seconds.
  path: Assets/#NVJOB Boids/Simple Boids/Prefabs/Fish
  artifactKey: Guid(8f84c265f8e343d4193a34bcf9588ebd) Importer(2089858483,0ecaa5967403d082aa24f35e1b516d23)
Start importing Assets/#NVJOB Boids/Simple Boids/Prefabs/Fish using Guid(8f84c265f8e343d4193a34bcf9588ebd) Importer(2089858483,0ecaa5967403d082aa24f35e1b516d23) [PhysX] Initialized MultithreadedTaskDispatcher with 20 workers.
 -> (artifact id: '2572d775fef8cbe52ce57edb15b6e9d7') in 0.003455 seconds
Number of updated asset objects reloaded before import = 0
Number of asset objects unloaded after import = 1
========================================================================
Received Import Request.
  Time since last request: 0.000017 seconds.
  path: Assets/#NVJOB Boids/Example Scenes/NVJOB Assets/Alpha Flashing
  artifactKey: Guid(6a7142c8adc35d34ea3609b7ac4974ce) Importer(2089858483,0ecaa5967403d082aa24f35e1b516d23)
Start importing Assets/#NVJOB Boids/Example Scenes/NVJOB Assets/Alpha Flashing using Guid(6a7142c8adc35d34ea3609b7ac4974ce) Importer(2089858483,0ecaa5967403d082aa24f35e1b516d23) [PhysX] Initialized MultithreadedTaskDispatcher with 20 workers.
 -> (artifact id: '873bede83585c5305780c4dc89f952b7') in 0.004393 seconds
Number of updated asset objects reloaded before import = 0
Number of asset objects unloaded after import = 1
========================================================================
Received Import Request.
  Time since last request: 0.000019 seconds.
  path: Assets/#NVJOB Boids/Example Scenes/Standard Assets/Effects/ImageEffects/Shaders/CameraMotionBlurDX11.shader
  artifactKey: Guid(f1b13d7a80660504a858ea24cfa418c6) Importer(2089858483,0ecaa5967403d082aa24f35e1b516d23)
Start importing Assets/#NVJOB Boids/Example Scenes/Standard Assets/Effects/ImageEffects/Shaders/CameraMotionBlurDX11.shader using Guid(f1b13d7a80660504a858ea24cfa418c6) Importer(2089858483,0ecaa5967403d082aa24f35e1b516d23) [PhysX] Initialized MultithreadedTaskDispatcher with 20 workers.
 -> (artifact id: 'eb38b08243305d3c10874de38a0328c8') in 0.004649 seconds
Number of updated asset objects reloaded before import = 0
Number of asset objects unloaded after import = 1
========================================================================
Received Import Request.
  Time since last request: 0.000018 seconds.
  path: Assets/#NVJOB Boids/Example Scenes/Standard Assets/Effects/ImageEffects/Shaders/GlobalFog.shader
  artifactKey: Guid(70d8568987ac0499f952b54c7c13e265) Importer(2089858483,0ecaa5967403d082aa24f35e1b516d23)
Start importing Assets/#NVJOB Boids/Example Scenes/Standard Assets/Effects/ImageEffects/Shaders/GlobalFog.shader using Guid(70d8568987ac0499f952b54c7c13e265) Importer(2089858483,0ecaa5967403d082aa24f35e1b516d23) [PhysX] Initialized MultithreadedTaskDispatcher with 20 workers.
 -> (artifact id: '0c27ee3be4685d9c3e17f96bc3d424f3') in 0.005807 seconds
Number of updated asset objects reloaded before import = 0
Number of asset objects unloaded after import = 1
========================================================================
Received Import Request.
  Time since last request: 0.000026 seconds.
  path: Assets/#NVJOB Boids/Example Scenes/NVJOB Assets/Dynamic Sky Lite/Materials/Horizen 1.mat
  artifactKey: Guid(bac59abdd06c1b84e8579787671057e3) Importer(2089858483,0ecaa5967403d082aa24f35e1b516d23)
Start importing Assets/#NVJOB Boids/Example Scenes/NVJOB Assets/Dynamic Sky Lite/Materials/Horizen 1.mat using Guid(bac59abdd06c1b84e8579787671057e3) Importer(2089858483,0ecaa5967403d082aa24f35e1b516d23) [PhysX] Initialized MultithreadedTaskDispatcher with 20 workers.
 -> (artifact id: 'fc32468bd75cd06757bb3d878c699f2c') in 0.006497 seconds
Number of updated asset objects reloaded before import = 0
Number of asset objects unloaded after import = 1
========================================================================
Received Import Request.
  Time since last request: 0.000027 seconds.
  path: Assets/#NVJOB Boids/Example Scenes/Standard Assets/Effects/ImageEffects/Textures/RandomVectors.png
  artifactKey: Guid(a181ca8e3c62f3e4b8f183f6c586b032) Importer(2089858483,0ecaa5967403d082aa24f35e1b516d23)
Start importing Assets/#NVJOB Boids/Example Scenes/Standard Assets/Effects/ImageEffects/Textures/RandomVectors.png using Guid(a181ca8e3c62f3e4b8f183f6c586b032) Importer(2089858483,0ecaa5967403d082aa24f35e1b516d23) [PhysX] Initialized MultithreadedTaskDispatcher with 20 workers.
 -> (artifact id: 'c8fa38735eedbd2e9c9e68c3120d0979') in 0.008903 seconds
Number of updated asset objects reloaded before import = 0
Number of asset objects unloaded after import = 1
========================================================================
Received Import Request.
  Time since last request: 0.382439 seconds.
  path: Assets/#NVJOB Boids/Simple Boids/Materials/Fish 1/Fish 1 N1.png
  artifactKey: Guid(4664a5bc91b150c4a8c9e3650d38f2fb) Importer(2089858483,0ecaa5967403d082aa24f35e1b516d23)
Start importing Assets/#NVJOB Boids/Simple Boids/Materials/Fish 1/Fish 1 N1.png using Guid(4664a5bc91b150c4a8c9e3650d38f2fb) Importer(2089858483,0ecaa5967403d082aa24f35e1b516d23) [PhysX] Initialized MultithreadedTaskDispatcher with 20 workers.
 -> (artifact id: 'ae80bde2bb5fc94ec73c361af9900f81') in 0.010564 seconds
Number of updated asset objects reloaded before import = 0
Number of asset objects unloaded after import = 1
========================================================================
Received Import Request.
  Time since last request: 0.000139 seconds.
  path: Assets/#NVJOB Boids/Example Scenes/Other/Scripts
  artifactKey: Guid(8c82b05120991b34eb39c1a3945ea64e) Importer(2089858483,0ecaa5967403d082aa24f35e1b516d23)
Start importing Assets/#NVJOB Boids/Example Scenes/Other/Scripts using Guid(8c82b05120991b34eb39c1a3945ea64e) Importer(2089858483,0ecaa5967403d082aa24f35e1b516d23) [PhysX] Initialized MultithreadedTaskDispatcher with 20 workers.
 -> (artifact id: '028e2255152bf22334923ea60d1642ac') in 0.005877 seconds
Number of updated asset objects reloaded before import = 0
Number of asset objects unloaded after import = 1
========================================================================
Received Import Request.
  Time since last request: 0.000067 seconds.
  path: Assets/#NVJOB Boids/Example Scenes/Other/Scripts/SlowMo.cs
  artifactKey: Guid(be007f533281ee94aa9aa0f14333a9ea) Importer(2089858483,0ecaa5967403d082aa24f35e1b516d23)
Start importing Assets/#NVJOB Boids/Example Scenes/Other/Scripts/SlowMo.cs using Guid(be007f533281ee94aa9aa0f14333a9ea) Importer(2089858483,0ecaa5967403d082aa24f35e1b516d23) [PhysX] Initialized MultithreadedTaskDispatcher with 20 workers.
 -> (artifact id: '1a5228d5ebfd9cc5ade543f4bfaf98b0') in 0.004526 seconds
Number of updated asset objects reloaded before import = 0
Number of asset objects unloaded after import = 1
========================================================================
Received Import Request.
  Time since last request: 0.000017 seconds.
  path: Assets/#NVJOB Boids/Example Scenes/Standard Assets/Effects/ImageEffects/Shaders/TwirlEffect.shader
  artifactKey: Guid(641b781cad112c75d0008dfa8d76c639) Importer(2089858483,0ecaa5967403d082aa24f35e1b516d23)
Start importing Assets/#NVJOB Boids/Example Scenes/Standard Assets/Effects/ImageEffects/Shaders/TwirlEffect.shader using Guid(641b781cad112c75d0008dfa8d76c639) Importer(2089858483,0ecaa5967403d082aa24f35e1b516d23) [PhysX] Initialized MultithreadedTaskDispatcher with 20 workers.
 -> (artifact id: 'ccc77989759b0ec46341ea2e21c02170') in 0.004414 seconds
Number of updated asset objects reloaded before import = 0
Number of asset objects unloaded after import = 1
========================================================================
Received Import Request.
  Time since last request: 0.000016 seconds.
  path: Assets/#NVJOB Boids/Example Scenes/Standard Assets/Effects/ImageEffects/Shaders/NoiseAndGrainDX11.shader
  artifactKey: Guid(8b30686bb4322ab42ad5eb50a0210b58) Importer(2089858483,0ecaa5967403d082aa24f35e1b516d23)
Start importing Assets/#NVJOB Boids/Example Scenes/Standard Assets/Effects/ImageEffects/Shaders/NoiseAndGrainDX11.shader using Guid(8b30686bb4322ab42ad5eb50a0210b58) Importer(2089858483,0ecaa5967403d082aa24f35e1b516d23) [PhysX] Initialized MultithreadedTaskDispatcher with 20 workers.
 -> (artifact id: 'bd1a0a939e026a616fbf00328b8192e6') in 0.004890 seconds
Number of updated asset objects reloaded before import = 0
Number of asset objects unloaded after import = 1
========================================================================
Received Import Request.
  Time since last request: 0.000017 seconds.
  path: Assets/#NVJOB Boids/Example Scenes/Other/Arena/Materials/Flowers a.png
  artifactKey: Guid(eb0881a1a5533e04a99c93ec0edb9916) Importer(2089858483,0ecaa5967403d082aa24f35e1b516d23)
Start importing Assets/#NVJOB Boids/Example Scenes/Other/Arena/Materials/Flowers a.png using Guid(eb0881a1a5533e04a99c93ec0edb9916) Importer(2089858483,0ecaa5967403d082aa24f35e1b516d23) [PhysX] Initialized MultithreadedTaskDispatcher with 20 workers.
 -> (artifact id: 'f08659166a3b62b1b44669cc799afc6b') in 0.008817 seconds
Number of updated asset objects reloaded before import = 0
Number of asset objects unloaded after import = 1
========================================================================
Received Import Request.
  Time since last request: 0.000017 seconds.
  path: Assets/#NVJOB Boids/Example Scenes/Other/Arena/Materials/Arena 1.mat
  artifactKey: Guid(14e3b4e2ab21cfb45ad72fac47aff4cc) Importer(2089858483,0ecaa5967403d082aa24f35e1b516d23)
Start importing Assets/#NVJOB Boids/Example Scenes/Other/Arena/Materials/Arena 1.mat using Guid(14e3b4e2ab21cfb45ad72fac47aff4cc) Importer(2089858483,0ecaa5967403d082aa24f35e1b516d23) [PhysX] Initialized MultithreadedTaskDispatcher with 20 workers.
 -> (artifact id: '99f1cdeeaaebb2020b8ff3f769cd23fe') in 0.007420 seconds
Number of updated asset objects reloaded before import = 0
Number of asset objects unloaded after import = 3
========================================================================
Received Import Request.
  Time since last request: 0.000018 seconds.
  path: Assets/#NVJOB Boids/Example Scenes/Standard Assets/Effects/ImageEffects/Shaders/_Antialiasing/DLAA.shader
  artifactKey: Guid(017ca72b9e8a749058d13ebd527e98fa) Importer(2089858483,0ecaa5967403d082aa24f35e1b516d23)
Start importing Assets/#NVJOB Boids/Example Scenes/Standard Assets/Effects/ImageEffects/Shaders/_Antialiasing/DLAA.shader using Guid(017ca72b9e8a749058d13ebd527e98fa) Importer(2089858483,0ecaa5967403d082aa24f35e1b516d23) [PhysX] Initialized MultithreadedTaskDispatcher with 20 workers.
 -> (artifact id: 'a8d1a65da4c24fd57a111587e54a1824') in 0.005866 seconds
Number of updated asset objects reloaded before import = 0
Number of asset objects unloaded after import = 1
========================================================================
Received Import Request.
  Time since last request: 0.000022 seconds.
  path: Assets/#NVJOB Boids/Example Scenes/Other/Underwater/God rays.mat
  artifactKey: Guid(628246c5aae42c54b88d82b898c170d9) Importer(2089858483,0ecaa5967403d082aa24f35e1b516d23)
Start importing Assets/#NVJOB Boids/Example Scenes/Other/Underwater/God rays.mat using Guid(628246c5aae42c54b88d82b898c170d9) Importer(2089858483,0ecaa5967403d082aa24f35e1b516d23) [PhysX] Initialized MultithreadedTaskDispatcher with 20 workers.
 -> (artifact id: '7af6b53638434c6e32d2f50b7115be32') in 0.022191 seconds
Number of updated asset objects reloaded before import = 0
Number of asset objects unloaded after import = 1
========================================================================
Received Import Request.
  Time since last request: 0.365053 seconds.
  path: Assets/#NVJOB Boids/Example Scenes/Other/Sounds/Sound license.txt
  artifactKey: Guid(cfebe6d029e2c5c47a6fe4325f639169) Importer(2089858483,0ecaa5967403d082aa24f35e1b516d23)
Start importing Assets/#NVJOB Boids/Example Scenes/Other/Sounds/Sound license.txt using Guid(cfebe6d029e2c5c47a6fe4325f639169) Importer(2089858483,0ecaa5967403d082aa24f35e1b516d23) [PhysX] Initialized MultithreadedTaskDispatcher with 20 workers.
 -> (artifact id: '2c96a17417f101c22029d15e3dd6c5d4') in 0.004091 seconds
Number of updated asset objects reloaded before import = 0
Number of asset objects unloaded after import = 1
========================================================================
Received Import Request.
  Time since last request: 0.000016 seconds.
  path: Assets/#NVJOB Boids/Example Scenes/Other/Underwater
  artifactKey: Guid(6231b2de4bf99dc4c855060b69673e04) Importer(2089858483,0ecaa5967403d082aa24f35e1b516d23)
Start importing Assets/#NVJOB Boids/Example Scenes/Other/Underwater using Guid(6231b2de4bf99dc4c855060b69673e04) Importer(2089858483,0ecaa5967403d082aa24f35e1b516d23) [PhysX] Initialized MultithreadedTaskDispatcher with 20 workers.
 -> (artifact id: '888e63c3f2ce238a3ef3adf8d76ee8dd') in 0.004096 seconds
Number of updated asset objects reloaded before import = 0
Number of asset objects unloaded after import = 1
========================================================================
Received Import Request.
  Time since last request: 0.000086 seconds.
  path: Assets/#NVJOB Boids/Simple Boids/Materials/Butterfly/Butterfly a.png
  artifactKey: Guid(b45cbb8162983a643b10804e2feba4ea) Importer(2089858483,0ecaa5967403d082aa24f35e1b516d23)
Start importing Assets/#NVJOB Boids/Simple Boids/Materials/Butterfly/Butterfly a.png using Guid(b45cbb8162983a643b10804e2feba4ea) Importer(2089858483,0ecaa5967403d082aa24f35e1b516d23) [PhysX] Initialized MultithreadedTaskDispatcher with 20 workers.
 -> (artifact id: '7949d0ff3f4cb57f19733fc98a7f9ca1') in 0.009174 seconds
Number of updated asset objects reloaded before import = 0
Number of asset objects unloaded after import = 1
========================================================================
Received Import Request.
  Time since last request: 0.000060 seconds.
  path: Assets/#NVJOB Boids/Example Scenes/NVJOB Assets/SkyBox Two Colors/SkyBox Two Colors.shader
  artifactKey: Guid(f0b793eee99b21343b3dac7a94da6e2e) Importer(2089858483,0ecaa5967403d082aa24f35e1b516d23)
Start importing Assets/#NVJOB Boids/Example Scenes/NVJOB Assets/SkyBox Two Colors/SkyBox Two Colors.shader using Guid(f0b793eee99b21343b3dac7a94da6e2e) Importer(2089858483,0ecaa5967403d082aa24f35e1b516d23) [PhysX] Initialized MultithreadedTaskDispatcher with 20 workers.
 -> (artifact id: 'ff80382fcb0932fc99bd1a9f50f153f6') in 0.004369 seconds
Number of updated asset objects reloaded before import = 0
Number of asset objects unloaded after import = 1
========================================================================
Received Import Request.
  Time since last request: 0.000022 seconds.
  path: Assets/#NVJOB Boids/Example Scenes/Standard Assets/Effects/ImageEffects/Scripts/ImageEffects.cs
  artifactKey: Guid(89a037199d11087f1100e2b844295342) Importer(2089858483,0ecaa5967403d082aa24f35e1b516d23)
Start importing Assets/#NVJOB Boids/Example Scenes/Standard Assets/Effects/ImageEffects/Scripts/ImageEffects.cs using Guid(89a037199d11087f1100e2b844295342) Importer(2089858483,0ecaa5967403d082aa24f35e1b516d23) [PhysX] Initialized MultithreadedTaskDispatcher with 20 workers.
 -> (artifact id: 'd14b565c3cdbf8da4743aa5de3519eea') in 0.005347 seconds
Number of updated asset objects reloaded before import = 0
Number of asset objects unloaded after import = 1
========================================================================
Received Import Request.
  Time since last request: 0.000019 seconds.
  path: Assets/#NVJOB Boids/Example Scenes/Other/Sand/Materials/Sand nm.png
  artifactKey: Guid(48ac312731ee35a4a862a3d6df35c989) Importer(2089858483,0ecaa5967403d082aa24f35e1b516d23)
Start importing Assets/#NVJOB Boids/Example Scenes/Other/Sand/Materials/Sand nm.png using Guid(48ac312731ee35a4a862a3d6df35c989) Importer(2089858483,0ecaa5967403d082aa24f35e1b516d23) [PhysX] Initialized MultithreadedTaskDispatcher with 20 workers.
 -> (artifact id: 'c1bc6356b8223d302028f79072dea58c') in 0.012732 seconds
Number of updated asset objects reloaded before import = 0
Number of asset objects unloaded after import = 1
========================================================================
Received Import Request.
  Time since last request: 0.000017 seconds.
  path: Assets/#NVJOB Boids/Example Scenes/Standard Assets/Effects/ImageEffects/Scripts/Vortex.cs
  artifactKey: Guid(a94b781cad112c75d0008dfa8d76c639) Importer(2089858483,0ecaa5967403d082aa24f35e1b516d23)
Start importing Assets/#NVJOB Boids/Example Scenes/Standard Assets/Effects/ImageEffects/Scripts/Vortex.cs using Guid(a94b781cad112c75d0008dfa8d76c639) Importer(2089858483,0ecaa5967403d082aa24f35e1b516d23) [PhysX] Initialized MultithreadedTaskDispatcher with 20 workers.
 -> (artifact id: '9a629f6c9501666406827400775ac21d') in 0.004790 seconds
Number of updated asset objects reloaded before import = 0
Number of asset objects unloaded after import = 1
========================================================================
Received Import Request.
  Time since last request: 0.000016 seconds.
  path: Assets/#NVJOB Boids/Example Scenes/Other/Sounds/Wind.ogg
  artifactKey: Guid(253fd57714aa92242878101d2fb92e86) Importer(2089858483,0ecaa5967403d082aa24f35e1b516d23)
Start importing Assets/#NVJOB Boids/Example Scenes/Other/Sounds/Wind.ogg using Guid(253fd57714aa92242878101d2fb92e86) Importer(2089858483,0ecaa5967403d082aa24f35e1b516d23) [PhysX] Initialized MultithreadedTaskDispatcher with 20 workers.
 -> (artifact id: '4b6355dc72db0c6622064316335b3972') in 0.023594 seconds
Number of updated asset objects reloaded before import = 0
Number of asset objects unloaded after import = 1
========================================================================
Received Import Request.
  Time since last request: 0.371647 seconds.
  path: Assets/#NVJOB Boids/Example Scenes/Other/Sounds/Sound3.ogg
  artifactKey: Guid(30939228726ee704f98d5a8ecb84106b) Importer(2089858483,0ecaa5967403d082aa24f35e1b516d23)
Start importing Assets/#NVJOB Boids/Example Scenes/Other/Sounds/Sound3.ogg using Guid(30939228726ee704f98d5a8ecb84106b) Importer(2089858483,0ecaa5967403d082aa24f35e1b516d23) [PhysX] Initialized MultithreadedTaskDispatcher with 20 workers.
 -> (artifact id: '1eda474d7c1ef5bfe67551b5ca5d5152') in 0.100466 seconds
Number of updated asset objects reloaded before import = 0
Number of asset objects unloaded after import = 1
========================================================================
Received Import Request.
  Time since last request: 0.000058 seconds.
  path: Assets/#NVJOB Boids/Simple Boids/Materials/Fish 2/Fish 2 E.png
  artifactKey: Guid(3ed655cd206a6174790425ea623b53b0) Importer(2089858483,0ecaa5967403d082aa24f35e1b516d23)
Start importing Assets/#NVJOB Boids/Simple Boids/Materials/Fish 2/Fish 2 E.png using Guid(3ed655cd206a6174790425ea623b53b0) Importer(2089858483,0ecaa5967403d082aa24f35e1b516d23) [PhysX] Initialized MultithreadedTaskDispatcher with 20 workers.
 -> (artifact id: '08786aeacbcdda38d64d0abc4b3ec18f') in 0.008667 seconds
Number of updated asset objects reloaded before import = 0
Number of asset objects unloaded after import = 1
========================================================================
Received Import Request.
  Time since last request: 0.378595 seconds.
  path: Assets/#NVJOB Boids/Example Scenes/Standard Assets/Effects/ImageEffects/Shaders/_Antialiasing/FXAA2.shader
  artifactKey: Guid(cd5b323dcc592457790ff18b528f5e67) Importer(2089858483,0ecaa5967403d082aa24f35e1b516d23)
Start importing Assets/#NVJOB Boids/Example Scenes/Standard Assets/Effects/ImageEffects/Shaders/_Antialiasing/FXAA2.shader using Guid(cd5b323dcc592457790ff18b528f5e67) Importer(2089858483,0ecaa5967403d082aa24f35e1b516d23) [PhysX] Initialized MultithreadedTaskDispatcher with 20 workers.
 -> (artifact id: 'e07537ce29aca99e0bc4edb608a333ea') in 0.005699 seconds
Number of updated asset objects reloaded before import = 0
Number of asset objects unloaded after import = 1
========================================================================
Received Import Request.
  Time since last request: 0.000024 seconds.
  path: Assets/#NVJOB Boids/Example Scenes/Other/Sounds/Underwater.ogg
  artifactKey: Guid(e4a6779c142fa2e4db0b7d93f1dafe10) Importer(2089858483,0ecaa5967403d082aa24f35e1b516d23)
Start importing Assets/#NVJOB Boids/Example Scenes/Other/Sounds/Underwater.ogg using Guid(e4a6779c142fa2e4db0b7d93f1dafe10) Importer(2089858483,0ecaa5967403d082aa24f35e1b516d23) [PhysX] Initialized MultithreadedTaskDispatcher with 20 workers.
 -> (artifact id: 'ca4c1340a31aeb8f812798ec2df68a4f') in 0.055243 seconds
Number of updated asset objects reloaded before import = 0
Number of asset objects unloaded after import = 1
========================================================================
Received Import Request.
  Time since last request: 0.000027 seconds.
  path: Assets/#NVJOB Boids/Example Scenes/Standard Assets/Effects/ImageEffects/Shaders/ColorCorrectionCurvesSimple.shader
  artifactKey: Guid(438ddd58d82c84d9eb1fdc56111702e1) Importer(2089858483,0ecaa5967403d082aa24f35e1b516d23)
Start importing Assets/#NVJOB Boids/Example Scenes/Standard Assets/Effects/ImageEffects/Shaders/ColorCorrectionCurvesSimple.shader using Guid(438ddd58d82c84d9eb1fdc56111702e1) Importer(2089858483,0ecaa5967403d082aa24f35e1b516d23) [PhysX] Initialized MultithreadedTaskDispatcher with 20 workers.
 -> (artifact id: 'ecc64b12d0be51d62578e0000f7114ca') in 0.004582 seconds
Number of updated asset objects reloaded before import = 0
Number of asset objects unloaded after import = 1
========================================================================
Received Import Request.
  Time since last request: 0.413940 seconds.
  path: Assets/#NVJOB Boids/Example Scenes/Standard Assets/Effects/ImageEffects/Scripts/VignetteAndChromaticAberration.cs
  artifactKey: Guid(dd6d4281e5d7cd44d8c6e38bc2c1b8d8) Importer(2089858483,0ecaa5967403d082aa24f35e1b516d23)
Start importing Assets/#NVJOB Boids/Example Scenes/Standard Assets/Effects/ImageEffects/Scripts/VignetteAndChromaticAberration.cs using Guid(dd6d4281e5d7cd44d8c6e38bc2c1b8d8) Importer(2089858483,0ecaa5967403d082aa24f35e1b516d23) [PhysX] Initialized MultithreadedTaskDispatcher with 20 workers.
 -> (artifact id: 'ba041a9c7a60c838f6569bcd570b0de1') in 0.004631 seconds
Number of updated asset objects reloaded before import = 0
Number of asset objects unloaded after import = 1
========================================================================
Received Import Request.
  Time since last request: 0.000047 seconds.
  path: Assets/#NVJOB Boids/Example Scenes/NVJOB Assets/SC Shaders (Legacy)/SC Shader (Cutout. Normalmap, Reflection, Cull Off).shader
  artifactKey: Guid(1053e708819668b49bac5469d906c507) Importer(2089858483,0ecaa5967403d082aa24f35e1b516d23)
Start importing Assets/#NVJOB Boids/Example Scenes/NVJOB Assets/SC Shaders (Legacy)/SC Shader (Cutout. Normalmap, Reflection, Cull Off).shader using Guid(1053e708819668b49bac5469d906c507) Importer(2089858483,0ecaa5967403d082aa24f35e1b516d23) [PhysX] Initialized MultithreadedTaskDispatcher with 20 workers.
 -> (artifact id: '3941a6159788e3014176e878e7bf1248') in 0.005975 seconds
Number of updated asset objects reloaded before import = 0
Number of asset objects unloaded after import = 1
========================================================================
Received Import Request.
  Time since last request: 0.000017 seconds.
  path: Assets/#NVJOB Boids/Example Scenes/Standard Assets/Effects/ImageEffects/Textures/color correction ramp.png
  artifactKey: Guid(d440902fad11e807d00044888d76c639) Importer(2089858483,0ecaa5967403d082aa24f35e1b516d23)
Start importing Assets/#NVJOB Boids/Example Scenes/Standard Assets/Effects/ImageEffects/Textures/color correction ramp.png using Guid(d440902fad11e807d00044888d76c639) Importer(2089858483,0ecaa5967403d082aa24f35e1b516d23) [PhysX] Initialized MultithreadedTaskDispatcher with 20 workers.
 -> (artifact id: 'ecfd9ffbd4a4596ddc6fca098f339184') in 0.008542 seconds
Number of updated asset objects reloaded before import = 0
Number of asset objects unloaded after import = 1
========================================================================
Received Import Request.
  Time since last request: 0.000016 seconds.
  path: Assets/#NVJOB Boids/Example Scenes/Standard Assets/Effects/ImageEffects/Shaders/ScreenSpaceAmbientObscurance.shader
  artifactKey: Guid(95616c020c5604dda96cf76afbbc0272) Importer(2089858483,0ecaa5967403d082aa24f35e1b516d23)
Start importing Assets/#NVJOB Boids/Example Scenes/Standard Assets/Effects/ImageEffects/Shaders/ScreenSpaceAmbientObscurance.shader using Guid(95616c020c5604dda96cf76afbbc0272) Importer(2089858483,0ecaa5967403d082aa24f35e1b516d23) [PhysX] Initialized MultithreadedTaskDispatcher with 20 workers.
 -> (artifact id: 'f0f299d4204ab5d87e655fa8f6497760') in 0.007517 seconds
Number of updated asset objects reloaded before import = 0
Number of asset objects unloaded after import = 1
========================================================================
Received Import Request.
  Time since last request: 0.000017 seconds.
  path: Assets/#NVJOB Boids/license_unity.txt
  artifactKey: Guid(ba66764ee2ab73442b80d720ecc4d9a0) Importer(2089858483,0ecaa5967403d082aa24f35e1b516d23)
Start importing Assets/#NVJOB Boids/license_unity.txt using Guid(ba66764ee2ab73442b80d720ecc4d9a0) Importer(2089858483,0ecaa5967403d082aa24f35e1b516d23) [PhysX] Initialized MultithreadedTaskDispatcher with 20 workers.
 -> (artifact id: '54e6977787977127b6be423ade4ce0be') in 0.004225 seconds
Number of updated asset objects reloaded before import = 0
Number of asset objects unloaded after import = 1
========================================================================
Received Import Request.
  Time since last request: 0.000019 seconds.
  path: Assets/#NVJOB Boids/Example Scenes/Standard Assets/Effects/ImageEffects/Shaders/ChromaticAberrationShader.shader
  artifactKey: Guid(2b4f29398d9484ccfa9fd220449f5eee) Importer(2089858483,0ecaa5967403d082aa24f35e1b516d23)
Start importing Assets/#NVJOB Boids/Example Scenes/Standard Assets/Effects/ImageEffects/Shaders/ChromaticAberrationShader.shader using Guid(2b4f29398d9484ccfa9fd220449f5eee) Importer(2089858483,0ecaa5967403d082aa24f35e1b516d23) [PhysX] Initialized MultithreadedTaskDispatcher with 20 workers.
 -> (artifact id: '695bb2e186c32cd4d0299d47e135062a') in 0.004317 seconds
Number of updated asset objects reloaded before import = 0
Number of asset objects unloaded after import = 1
========================================================================
Received Import Request.
  Time since last request: 0.000033 seconds.
  path: Assets/#NVJOB Boids/Example Scenes/NVJOB Assets/FPS Counter/FPSCounter.cs
  artifactKey: Guid(e5c523da961e7974899f54124c66ad69) Importer(2089858483,0ecaa5967403d082aa24f35e1b516d23)
Start importing Assets/#NVJOB Boids/Example Scenes/NVJOB Assets/FPS Counter/FPSCounter.cs using Guid(e5c523da961e7974899f54124c66ad69) Importer(2089858483,0ecaa5967403d082aa24f35e1b516d23) [PhysX] Initialized MultithreadedTaskDispatcher with 20 workers.
 -> (artifact id: '17a842bf84696cfd1c94926bfaa285ea') in 0.005039 seconds
Number of updated asset objects reloaded before import = 0
Number of asset objects unloaded after import = 1
========================================================================
Received Import Request.
  Time since last request: 0.000018 seconds.
  path: Assets/#NVJOB Boids/Example Scenes/Standard Assets/Effects/ImageEffects/Shaders/VignettingShader.shader
  artifactKey: Guid(627943dc7a9a74286b70a4f694a0acd5) Importer(2089858483,0ecaa5967403d082aa24f35e1b516d23)
Start importing Assets/#NVJOB Boids/Example Scenes/Standard Assets/Effects/ImageEffects/Shaders/VignettingShader.shader using Guid(627943dc7a9a74286b70a4f694a0acd5) Importer(2089858483,0ecaa5967403d082aa24f35e1b516d23) [PhysX] Initialized MultithreadedTaskDispatcher with 20 workers.
 -> (artifact id: '6d79c8f0f145bcc85f9817fc19ea0112') in 0.004667 seconds
Number of updated asset objects reloaded before import = 0
Number of asset objects unloaded after import = 1
========================================================================
Received Import Request.
  Time since last request: 0.000038 seconds.
  path: Assets/#NVJOB Boids/Example Scenes/Other/Shark/Prefabs/Shark.prefab
  artifactKey: Guid(380e869112d5086468a3a3992e91109d) Importer(2089858483,0ecaa5967403d082aa24f35e1b516d23)
Start importing Assets/#NVJOB Boids/Example Scenes/Other/Shark/Prefabs/Shark.prefab using Guid(380e869112d5086468a3a3992e91109d) Importer(2089858483,0ecaa5967403d082aa24f35e1b516d23) [PhysX] Initialized MultithreadedTaskDispatcher with 20 workers.
 -> (artifact id: '28391803baa7517ada4862488d8b708d') in 0.021600 seconds
Number of updated asset objects reloaded before import = 0
Number of asset objects unloaded after import = 10
========================================================================
Received Import Request.
  Time since last request: 0.000022 seconds.
  path: Assets/#NVJOB Boids/Example Scenes/Standard Assets/Effects/ImageEffects/Scripts/Blur.cs
  artifactKey: Guid(34382083ad114a07d000fbfb8d76c639) Importer(2089858483,0ecaa5967403d082aa24f35e1b516d23)
Start importing Assets/#NVJOB Boids/Example Scenes/Standard Assets/Effects/ImageEffects/Scripts/Blur.cs using Guid(34382083ad114a07d000fbfb8d76c639) Importer(2089858483,0ecaa5967403d082aa24f35e1b516d23) [PhysX] Initialized MultithreadedTaskDispatcher with 20 workers.
 -> (artifact id: '36e54d9ceb128fbde390522fc6e81ec3') in 0.004167 seconds
Number of updated asset objects reloaded before import = 0
Number of asset objects unloaded after import = 1
Editor requested this worker to shutdown with reason: Scaling down because of idle timeout
TcpMessagingSession - receive error
AssetImportWorkerClient::OnTransportError - code=2 error=End of file
AssetImportWorker is now disconnected from the server
Process exiting
Exiting without the bug reporter. Application will terminate with return code 0