Using pre-set license
Built from '2022.3/staging' branch; Version is '2022.3.59f1 (630718f645a5) revision 6489880'; Using compiler version '192829333'; Build Type 'Release'
OS: 'Windows 11  (10.0.26100) 64bit Professional' Language: 'en' Physical Memory: 32482 MB
BatchMode: 1, IsHumanControllingUs: 0, StartBugReporterOnCrash: 0, Is64bit: 1, IsPro: 1

COMMAND LINE ARGUMENTS:
C:\Program Files\Unity\Hub\Editor\2022.3.59f1\Editor\Unity.exe
-adb2
-batchMode
-noUpm
-name
AssetImportWorker33
-projectPath
C:/Users/Silvers/finalprojectrepo/finalproject_ls
-logFile
Logs/AssetImportWorker33.log
-srvPort
57990
Successfully changed project path to: C:/Users/Silvers/finalprojectrepo/finalproject_ls
C:/Users/Silvers/finalprojectrepo/finalproject_ls
[UnityMemory] Configuration Parameters - Can be set up in boot.config
    "memorysetup-bucket-allocator-granularity=16"
    "memorysetup-bucket-allocator-bucket-count=8"
    "memorysetup-bucket-allocator-block-size=33554432"
    "memorysetup-bucket-allocator-block-count=8"
    "memorysetup-main-allocator-block-size=16777216"
    "memorysetup-thread-allocator-block-size=16777216"
    "memorysetup-gfx-main-allocator-block-size=16777216"
    "memorysetup-gfx-thread-allocator-block-size=16777216"
    "memorysetup-cache-allocator-block-size=4194304"
    "memorysetup-typetree-allocator-block-size=2097152"
    "memorysetup-profiler-bucket-allocator-granularity=16"
    "memorysetup-profiler-bucket-allocator-bucket-count=8"
    "memorysetup-profiler-bucket-allocator-block-size=33554432"
    "memorysetup-profiler-bucket-allocator-block-count=8"
    "memorysetup-profiler-allocator-block-size=16777216"
    "memorysetup-profiler-editor-allocator-block-size=1048576"
    "memorysetup-temp-allocator-size-main=16777216"
    "memorysetup-job-temp-allocator-block-size=2097152"
    "memorysetup-job-temp-allocator-block-size-background=1048576"
    "memorysetup-job-temp-allocator-reduction-small-platforms=262144"
    "memorysetup-allocator-temp-initial-block-size-main=262144"
    "memorysetup-allocator-temp-initial-block-size-worker=262144"
    "memorysetup-temp-allocator-size-background-worker=32768"
    "memorysetup-temp-allocator-size-job-worker=262144"
    "memorysetup-temp-allocator-size-preload-manager=33554432"
    "memorysetup-temp-allocator-size-nav-mesh-worker=65536"
    "memorysetup-temp-allocator-size-audio-worker=65536"
    "memorysetup-temp-allocator-size-cloud-worker=32768"
    "memorysetup-temp-allocator-size-gi-baking-worker=262144"
    "memorysetup-temp-allocator-size-gfx=262144"
Player connection [30588]  Target information:

Player connection [30588]  * "[IP] 172.23.17.57 [Port] 0 [Flags] 2 [Guid] 3728632538 [EditorId] 3728632538 [Version] 1048832 [Id] WindowsEditor(7,916-dsg-147-02a) [Debug] 1 [PackageName] WindowsEditor [ProjectName] Editor" 

Player connection [30588] Host joined multi-casting on [225.0.0.222:54997]...
Player connection [30588] Host joined alternative multi-casting on [225.0.0.222:34997]...
Input System module state changed to: Initialized.
[PhysX] Initialized MultithreadedTaskDispatcher with 20 workers.
Refreshing native plugins compatible for Editor in 11.52 ms, found 3 plugins.
Preloading 0 native plugins for Editor in 0.00 ms.
Initialize engine version: 2022.3.59f1 (630718f645a5)
[Subsystems] Discovering subsystems at path C:/Program Files/Unity/Hub/Editor/2022.3.59f1/Editor/Data/Resources/UnitySubsystems
[Subsystems] Discovering subsystems at path C:/Users/Silvers/finalprojectrepo/finalproject_ls/Assets
GfxDevice: creating device client; threaded=0; jobified=0
Direct3D:
    Version:  Direct3D 11.0 [level 11.1]
    Renderer: NVIDIA GeForce RTX 3060 (ID=0x2504)
    Vendor:   NVIDIA
    VRAM:     12129 MB
    Driver:   31.0.15.4665
Initialize mono
Mono path[0] = 'C:/Program Files/Unity/Hub/Editor/2022.3.59f1/Editor/Data/Managed'
Mono path[1] = 'C:/Program Files/Unity/Hub/Editor/2022.3.59f1/Editor/Data/MonoBleedingEdge/lib/mono/unityjit-win32'
Mono config path = 'C:/Program Files/Unity/Hub/Editor/2022.3.59f1/Editor/Data/MonoBleedingEdge/etc'
Using monoOptions --debugger-agent=transport=dt_socket,embedding=1,server=y,suspend=n,address=127.0.0.1:56416
Begin MonoManager ReloadAssembly
Registering precompiled unity dll's ...
Register platform support module: C:/Program Files/Unity/Hub/Editor/2022.3.59f1/Editor/Data/PlaybackEngines/WindowsStandaloneSupport/UnityEditor.WindowsStandalone.Extensions.dll
Registered in 0.005984 seconds.
- Loaded All Assemblies, in  0.351 seconds
Native extension for WindowsStandalone target not found
Mono: successfully reloaded assembly
- Finished resetting the current domain, in  0.284 seconds
Domain Reload Profiling: 634ms
	BeginReloadAssembly (106ms)
		ExecutionOrderSort (0ms)
		DisableScriptedObjects (0ms)
		BackupInstance (0ms)
		ReleaseScriptingObjects (0ms)
		CreateAndSetChildDomain (1ms)
	RebuildCommonClasses (44ms)
	RebuildNativeTypeToScriptingClass (11ms)
	initialDomainReloadingComplete (51ms)
	LoadAllAssembliesAndSetupDomain (138ms)
		LoadAssemblies (104ms)
		RebuildTransferFunctionScriptingTraits (0ms)
		AnalyzeDomain (136ms)
			TypeCache.Refresh (135ms)
				TypeCache.ScanAssembly (122ms)
			ScanForSourceGeneratedMonoScriptInfo (0ms)
			ResolveRequiredComponents (0ms)
	FinalizeReload (285ms)
		ReleaseScriptCaches (0ms)
		RebuildScriptCaches (0ms)
		SetupLoadedEditorAssemblies (237ms)
			LogAssemblyErrors (0ms)
			InitializePlatformSupportModulesInManaged (11ms)
			SetLoadedEditorAssemblies (6ms)
			RefreshPlugins (0ms)
			BeforeProcessingInitializeOnLoad (2ms)
			ProcessInitializeOnLoadAttributes (154ms)
			ProcessInitializeOnLoadMethodAttributes (64ms)
			AfterProcessingInitializeOnLoad (0ms)
			EditorAssembliesLoaded (0ms)
		ExecutionOrderSort2 (0ms)
		AwakeInstancesAfterBackupRestoration (0ms)
========================================================================
Worker process is ready to serve import requests
Caller must complete domain reload
Begin MonoManager ReloadAssembly
- Loaded All Assemblies, in  0.693 seconds
Native extension for WindowsStandalone target not found
Mono: successfully reloaded assembly
- Finished resetting the current domain, in  0.521 seconds
Domain Reload Profiling: 1212ms
	BeginReloadAssembly (223ms)
		ExecutionOrderSort (0ms)
		DisableScriptedObjects (27ms)
		BackupInstance (0ms)
		ReleaseScriptingObjects (0ms)
		CreateAndSetChildDomain (37ms)
	RebuildCommonClasses (44ms)
	RebuildNativeTypeToScriptingClass (7ms)
	initialDomainReloadingComplete (36ms)
	LoadAllAssembliesAndSetupDomain (380ms)
		LoadAssemblies (324ms)
		RebuildTransferFunctionScriptingTraits (0ms)
		AnalyzeDomain (170ms)
			TypeCache.Refresh (142ms)
				TypeCache.ScanAssembly (129ms)
			ScanForSourceGeneratedMonoScriptInfo (18ms)
			ResolveRequiredComponents (8ms)
	FinalizeReload (521ms)
		ReleaseScriptCaches (0ms)
		RebuildScriptCaches (0ms)
		SetupLoadedEditorAssemblies (405ms)
			LogAssemblyErrors (0ms)
			InitializePlatformSupportModulesInManaged (6ms)
			SetLoadedEditorAssemblies (3ms)
			RefreshPlugins (0ms)
			BeforeProcessingInitializeOnLoad (61ms)
			ProcessInitializeOnLoadAttributes (267ms)
			ProcessInitializeOnLoadMethodAttributes (65ms)
			AfterProcessingInitializeOnLoad (4ms)
			EditorAssembliesLoaded (0ms)
		ExecutionOrderSort2 (0ms)
		AwakeInstancesAfterBackupRestoration (7ms)
Launched and connected shader compiler UnityShaderCompiler.exe after 0.08 seconds
Refreshing native plugins compatible for Editor in 6.26 ms, found 3 plugins.
Preloading 0 native plugins for Editor in 0.00 ms.
Unloading 5023 Unused Serialized files (Serialized files now loaded: 0)
Unloading 24 unused Assets / (347.4 KB). Loaded Objects now: 5488.
Memory consumption went from 226.6 MB to 226.3 MB.
Total: 3.983600 ms (FindLiveObjects: 0.386500 ms CreateObjectMapping: 0.340200 ms MarkObjects: 3.035100 ms  DeleteObjects: 0.220500 ms)

AssetImportParameters requested are different than current active one (requested -> active):
  custom:container-demuxer-ogg: 62fdf1f143b41e24485cea50d1cbac27 -> 
  custom:video-codec-MediaFoundation-h265: 746d11721c4dcdbdad8f713fa42b33f4 -> 
  custom:video-decoder-ogg-theora: a1e56fd34408186e4bbccfd4996cb3dc -> 
  custom:framework-win-MediaFoundation: 216162199b28c13a410421893ffa2e32 -> 
  custom:CustomObjectIndexerAttribute: 72b91833f83ae208fae7752999fa3104 -> 
  custom:container-demuxer-webm: 4f35f7cbe854078d1ac9338744f61a02 -> 
  custom:container-muxer-webm: aa71ff27fc2769a1b78a27578f13a17b -> 
  custom:video-decoder-webm-vp8: 9c59270c3fd7afecdb556c50c9e8de78 -> 
  custom:SearchIndexIgnoredProperties: e643bd26f0fe6173181afceb89e7c659 -> 
  custom:AudioImporter_EditorPlatform: d09bf68614088b80899f8185d706f6e7 -> 
  custom:scripting/monoscript/fileName/QuirkySeriesDemo.cs: f8068bd0b8200068f027dfb1007a3918 -> 
  custom:scripting/monoscript/fileName/RotateOnScroll.cs: 3ef7cf6f829c033adfcf5e1b21c9a004 -> 
  custom:video-encoder-webm-vp8: eb34c28f22e8b96e1ab97ce403110664 -> 
  custom:audio-decoder-ogg-vorbis: bf7c407c2cedff20999df2af8eb42d56 -> 
  custom:audio-encoder-webm-vorbis: bf7c407c2cedff20999df2af8eb42d56 -> 
========================================================================
Received Import Request.
  Time since last request: 8961.491470 seconds.
  path: Assets/#NVJOB Boids/Simple Boids/Materials/Fish 1/Fish 1.mat
  artifactKey: Guid(aa0b6a8130497fc49a9839ddeda9afbe) Importer(2089858483,0ecaa5967403d082aa24f35e1b516d23)
Start importing Assets/#NVJOB Boids/Simple Boids/Materials/Fish 1/Fish 1.mat using Guid(aa0b6a8130497fc49a9839ddeda9afbe) Importer(2089858483,0ecaa5967403d082aa24f35e1b516d23) [PhysX] Initialized MultithreadedTaskDispatcher with 20 workers.
 -> (artifact id: '7085c90e7f12099662b6b477338e2893') in 0.192578 seconds
Number of updated asset objects reloaded before import = 0
Number of asset objects unloaded after import = 7
========================================================================
Received Import Request.
  Time since last request: 0.000028 seconds.
  path: Assets/#NVJOB Boids/Example Scenes/Standard Assets
  artifactKey: Guid(bb50ed8812fcaeb45acd798dfd9ceb43) Importer(2089858483,0ecaa5967403d082aa24f35e1b516d23)
Start importing Assets/#NVJOB Boids/Example Scenes/Standard Assets using Guid(bb50ed8812fcaeb45acd798dfd9ceb43) Importer(2089858483,0ecaa5967403d082aa24f35e1b516d23) [PhysX] Initialized MultithreadedTaskDispatcher with 20 workers.
 -> (artifact id: '6342747c16085f04a9aa598de4ee45f8') in 0.004171 seconds
Number of updated asset objects reloaded before import = 0
Number of asset objects unloaded after import = 1
========================================================================
Received Import Request.
  Time since last request: 0.000030 seconds.
  path: Assets/#NVJOB Boids/Example Scenes/Standard Assets/Editor/ImageEffects/BloomAndFlaresEditor.cs
  artifactKey: Guid(4deca87cb459d1642ac8f734856ca84e) Importer(2089858483,0ecaa5967403d082aa24f35e1b516d23)
Start importing Assets/#NVJOB Boids/Example Scenes/Standard Assets/Editor/ImageEffects/BloomAndFlaresEditor.cs using Guid(4deca87cb459d1642ac8f734856ca84e) Importer(2089858483,0ecaa5967403d082aa24f35e1b516d23) [PhysX] Initialized MultithreadedTaskDispatcher with 20 workers.
 -> (artifact id: '66f0289c0420b86d97003ff8d743b241') in 0.011723 seconds
Number of updated asset objects reloaded before import = 0
Number of asset objects unloaded after import = 1
========================================================================
Received Import Request.
  Time since last request: 0.000017 seconds.
  path: Assets/#NVJOB Boids/Example Scenes/Other/Sand/Prefabs/Sand 0.prefab
  artifactKey: Guid(caed3e9458583244596c5bd13b33c569) Importer(2089858483,0ecaa5967403d082aa24f35e1b516d23)
Start importing Assets/#NVJOB Boids/Example Scenes/Other/Sand/Prefabs/Sand 0.prefab using Guid(caed3e9458583244596c5bd13b33c569) Importer(2089858483,0ecaa5967403d082aa24f35e1b516d23) [PhysX] Initialized MultithreadedTaskDispatcher with 20 workers.
 -> (artifact id: 'd3c7deb1f4522164933cc6a7a9b2b0d2') in 0.022574 seconds
Number of updated asset objects reloaded before import = 0
Number of asset objects unloaded after import = 7
========================================================================
Received Import Request.
  Time since last request: 0.333777 seconds.
  path: Assets/#NVJOB Boids/Example Scenes/Standard Assets/Effects/ImageEffects/Shaders/_BloomAndFlares/MobileBloom.shader
  artifactKey: Guid(68a00c837b82e4c6d92e7da765dc5f1d) Importer(2089858483,0ecaa5967403d082aa24f35e1b516d23)
Start importing Assets/#NVJOB Boids/Example Scenes/Standard Assets/Effects/ImageEffects/Shaders/_BloomAndFlares/MobileBloom.shader using Guid(68a00c837b82e4c6d92e7da765dc5f1d) Importer(2089858483,0ecaa5967403d082aa24f35e1b516d23) [PhysX] Initialized MultithreadedTaskDispatcher with 20 workers.
 -> (artifact id: 'b2e3fd233e28709a734869baf80eac1a') in 0.009693 seconds
Number of updated asset objects reloaded before import = 0
Number of asset objects unloaded after import = 1
========================================================================
Received Import Request.
  Time since last request: 0.000021 seconds.
  path: Assets/#NVJOB Boids/Example Scenes/Other/Underwater/Caustics.mat
  artifactKey: Guid(4547a613c7934e8439cf3ab8f859d175) Importer(2089858483,0ecaa5967403d082aa24f35e1b516d23)
Start importing Assets/#NVJOB Boids/Example Scenes/Other/Underwater/Caustics.mat using Guid(4547a613c7934e8439cf3ab8f859d175) Importer(2089858483,0ecaa5967403d082aa24f35e1b516d23) [PhysX] Initialized MultithreadedTaskDispatcher with 20 workers.
 -> (artifact id: '2c1e77c64710ad6670419e9e2393206e') in 0.025039 seconds
Number of updated asset objects reloaded before import = 0
Number of asset objects unloaded after import = 1
========================================================================
Received Import Request.
  Time since last request: 0.000023 seconds.
  path: Assets/#NVJOB Boids/Example Scenes/Standard Assets/Effects/ImageEffects/Shaders/_BloomAndFlares/VignetteShader.shader
  artifactKey: Guid(562f620336e024ac99992ff05725a89a) Importer(2089858483,0ecaa5967403d082aa24f35e1b516d23)
Start importing Assets/#NVJOB Boids/Example Scenes/Standard Assets/Effects/ImageEffects/Shaders/_BloomAndFlares/VignetteShader.shader using Guid(562f620336e024ac99992ff05725a89a) Importer(2089858483,0ecaa5967403d082aa24f35e1b516d23) [PhysX] Initialized MultithreadedTaskDispatcher with 20 workers.
 -> (artifact id: '1e605d9cd049d672af352be942ddf7d9') in 0.005069 seconds
Number of updated asset objects reloaded before import = 0
Number of asset objects unloaded after import = 1
========================================================================
Received Import Request.
  Time since last request: 0.000030 seconds.
  path: Assets/#NVJOB Boids/Simple Boids/Materials/Bird
  artifactKey: Guid(da5b986336d16bb4caa6e25b1b1dd219) Importer(2089858483,0ecaa5967403d082aa24f35e1b516d23)
Start importing Assets/#NVJOB Boids/Simple Boids/Materials/Bird using Guid(da5b986336d16bb4caa6e25b1b1dd219) Importer(2089858483,0ecaa5967403d082aa24f35e1b516d23) [PhysX] Initialized MultithreadedTaskDispatcher with 20 workers.
 -> (artifact id: 'cd5dd7a50396f352694c9ffd0cf4f6d0') in 0.003631 seconds
Number of updated asset objects reloaded before import = 0
Number of asset objects unloaded after import = 1
========================================================================
Received Import Request.
  Time since last request: 0.000022 seconds.
  path: Assets/#NVJOB Boids/Example Scenes/NVJOB Assets/Dynamic Sky Lite/Materials/Lens Flare.flare
  artifactKey: Guid(5e73c0500ef079d40b139e6c503d1f42) Importer(2089858483,0ecaa5967403d082aa24f35e1b516d23)
Start importing Assets/#NVJOB Boids/Example Scenes/NVJOB Assets/Dynamic Sky Lite/Materials/Lens Flare.flare using Guid(5e73c0500ef079d40b139e6c503d1f42) Importer(2089858483,0ecaa5967403d082aa24f35e1b516d23) [PhysX] Initialized MultithreadedTaskDispatcher with 20 workers.
 -> (artifact id: 'c4bf490cab9de19bfbc00f983ced33d9') in 0.006289 seconds
Number of updated asset objects reloaded before import = 0
Number of asset objects unloaded after import = 2
========================================================================
Received Import Request.
  Time since last request: 0.000022 seconds.
  path: Assets/#NVJOB Boids/Example Scenes/Other/Shark/Mesh
  artifactKey: Guid(16b634f16106a4d4fb3dfac6eecf75b9) Importer(2089858483,0ecaa5967403d082aa24f35e1b516d23)
Start importing Assets/#NVJOB Boids/Example Scenes/Other/Shark/Mesh using Guid(16b634f16106a4d4fb3dfac6eecf75b9) Importer(2089858483,0ecaa5967403d082aa24f35e1b516d23) [PhysX] Initialized MultithreadedTaskDispatcher with 20 workers.
 -> (artifact id: 'cf51b75af57abaf70751f475a7681ac2') in 0.004238 seconds
Number of updated asset objects reloaded before import = 0
Number of asset objects unloaded after import = 1
========================================================================
Received Import Request.
  Time since last request: 0.000024 seconds.
  path: Assets/#NVJOB Boids/Example Scenes/NVJOB Assets/Dynamic Sky Lite/Materials/tx 2.png
  artifactKey: Guid(f2040196b62b5444b82ba8ea2bba5ec5) Importer(2089858483,0ecaa5967403d082aa24f35e1b516d23)
Start importing Assets/#NVJOB Boids/Example Scenes/NVJOB Assets/Dynamic Sky Lite/Materials/tx 2.png using Guid(f2040196b62b5444b82ba8ea2bba5ec5) Importer(2089858483,0ecaa5967403d082aa24f35e1b516d23) [PhysX] Initialized MultithreadedTaskDispatcher with 20 workers.
 -> (artifact id: '8bb3ef1daee284f76fa3238299519fd6') in 0.032278 seconds
Number of updated asset objects reloaded before import = 0
Number of asset objects unloaded after import = 1
========================================================================
Received Import Request.
  Time since last request: 0.361196 seconds.
  path: Assets/#NVJOB Boids/Example Scenes/Other/Arena/Prefabs
  artifactKey: Guid(8fb84db0e0efd1144968be7bcf773fc7) Importer(2089858483,0ecaa5967403d082aa24f35e1b516d23)
Start importing Assets/#NVJOB Boids/Example Scenes/Other/Arena/Prefabs using Guid(8fb84db0e0efd1144968be7bcf773fc7) Importer(2089858483,0ecaa5967403d082aa24f35e1b516d23) [PhysX] Initialized MultithreadedTaskDispatcher with 20 workers.
 -> (artifact id: '08add08cc023882760ab095e6d8f3a04') in 0.003427 seconds
Number of updated asset objects reloaded before import = 0
Number of asset objects unloaded after import = 1
========================================================================
Received Import Request.
  Time since last request: 0.000042 seconds.
  path: Assets/#NVJOB Boids/Example Scenes/Standard Assets/Effects/ImageEffects/Scripts/Bloom.cs
  artifactKey: Guid(7fceaeb339b971b429c4cc600acabd13) Importer(2089858483,0ecaa5967403d082aa24f35e1b516d23)
Start importing Assets/#NVJOB Boids/Example Scenes/Standard Assets/Effects/ImageEffects/Scripts/Bloom.cs using Guid(7fceaeb339b971b429c4cc600acabd13) Importer(2089858483,0ecaa5967403d082aa24f35e1b516d23) [PhysX] Initialized MultithreadedTaskDispatcher with 20 workers.
 -> (artifact id: 'bf0ee357f5dad178458cad61fc4d0cc3') in 0.004793 seconds
Number of updated asset objects reloaded before import = 0
Number of asset objects unloaded after import = 1
========================================================================
Received Import Request.
  Time since last request: 0.000029 seconds.
  path: Assets/#NVJOB Boids/Simple Boids/Materials/Fish 2/Fish 2.mat
  artifactKey: Guid(54915b3d4079a534e83f7a633f0536a1) Importer(2089858483,0ecaa5967403d082aa24f35e1b516d23)
Start importing Assets/#NVJOB Boids/Simple Boids/Materials/Fish 2/Fish 2.mat using Guid(54915b3d4079a534e83f7a633f0536a1) Importer(2089858483,0ecaa5967403d082aa24f35e1b516d23) [PhysX] Initialized MultithreadedTaskDispatcher with 20 workers.
 -> (artifact id: '8721a0ea1c25d05adb1852acf0665b87') in 0.009337 seconds
Number of updated asset objects reloaded before import = 0
Number of asset objects unloaded after import = 7
========================================================================
Received Import Request.
  Time since last request: 0.000022 seconds.
  path: Assets/#NVJOB Boids/Example Scenes/Color Profile
  artifactKey: Guid(15d923707685e644ea1a98a116460638) Importer(2089858483,0ecaa5967403d082aa24f35e1b516d23)
Start importing Assets/#NVJOB Boids/Example Scenes/Color Profile using Guid(15d923707685e644ea1a98a116460638) Importer(2089858483,0ecaa5967403d082aa24f35e1b516d23) [PhysX] Initialized MultithreadedTaskDispatcher with 20 workers.
 -> (artifact id: 'ff6950dfb1f4e0c9477317f2b674925d') in 0.004848 seconds
Number of updated asset objects reloaded before import = 0
Number of asset objects unloaded after import = 1
========================================================================
Received Import Request.
  Time since last request: 0.000019 seconds.
  path: Assets/#NVJOB Boids/Example Scenes/Scenes/Bird Boids/LightingData.asset
  artifactKey: Guid(fa9f450434982bd42a700bd6f21a0b7d) Importer(2089858483,0ecaa5967403d082aa24f35e1b516d23)
Start importing Assets/#NVJOB Boids/Example Scenes/Scenes/Bird Boids/LightingData.asset using Guid(fa9f450434982bd42a700bd6f21a0b7d) Importer(2089858483,0ecaa5967403d082aa24f35e1b516d23) [PhysX] Initialized MultithreadedTaskDispatcher with 20 workers.
 -> (artifact id: '932b33afb3c53f2cbb8d6cf7ec9cc67d') in 0.005464 seconds
Number of updated asset objects reloaded before import = 0
Number of asset objects unloaded after import = 2
========================================================================
Received Import Request.
  Time since last request: 0.000019 seconds.
  path: Assets/#NVJOB Boids/Example Scenes/Standard Assets/Effects/ImageEffects/Scripts/CameraMotionBlur.cs
  artifactKey: Guid(97e9b95cf609d96409b6c40519432957) Importer(2089858483,0ecaa5967403d082aa24f35e1b516d23)
Start importing Assets/#NVJOB Boids/Example Scenes/Standard Assets/Effects/ImageEffects/Scripts/CameraMotionBlur.cs using Guid(97e9b95cf609d96409b6c40519432957) Importer(2089858483,0ecaa5967403d082aa24f35e1b516d23) [PhysX] Initialized MultithreadedTaskDispatcher with 20 workers.
 -> (artifact id: 'ef86a9194a8dfc846595887b1c860d5d') in 0.005776 seconds
Number of updated asset objects reloaded before import = 0
Number of asset objects unloaded after import = 1
========================================================================
Received Import Request.
  Time since last request: 0.000019 seconds.
  path: Assets/#NVJOB Boids/Simple Boids/Materials/Fish 1/Fish 1 E.png
  artifactKey: Guid(5dcf9399b2eb65c41a2df9e6b5f8f1db) Importer(2089858483,0ecaa5967403d082aa24f35e1b516d23)
Start importing Assets/#NVJOB Boids/Simple Boids/Materials/Fish 1/Fish 1 E.png using Guid(5dcf9399b2eb65c41a2df9e6b5f8f1db) Importer(2089858483,0ecaa5967403d082aa24f35e1b516d23) [PhysX] Initialized MultithreadedTaskDispatcher with 20 workers.
 -> (artifact id: 'cfdd2c80d849fda0e93d5feac9c0ebab') in 0.009406 seconds
Number of updated asset objects reloaded before import = 0
Number of asset objects unloaded after import = 1
========================================================================
Received Import Request.
  Time since last request: 0.000020 seconds.
  path: Assets/#NVJOB Boids/Simple Boids/Prefabs/Bird/Bird Pref B.prefab
  artifactKey: Guid(2f5f5731eb36efb4ead612880acc102e) Importer(2089858483,0ecaa5967403d082aa24f35e1b516d23)
Start importing Assets/#NVJOB Boids/Simple Boids/Prefabs/Bird/Bird Pref B.prefab using Guid(2f5f5731eb36efb4ead612880acc102e) Importer(2089858483,0ecaa5967403d082aa24f35e1b516d23) [PhysX] Initialized MultithreadedTaskDispatcher with 20 workers.
 -> (artifact id: '5f3b95941ad0a988374afbfbdac8bc27') in 0.006564 seconds
Number of updated asset objects reloaded before import = 0
Number of asset objects unloaded after import = 7
========================================================================
Received Import Request.
  Time since last request: 0.000018 seconds.
  path: Assets/#NVJOB Boids/Simple Boids/Materials/Butterfly/Butterfly n.png
  artifactKey: Guid(82371b44f2e803046ab6bc43a1efb5e7) Importer(2089858483,0ecaa5967403d082aa24f35e1b516d23)
Start importing Assets/#NVJOB Boids/Simple Boids/Materials/Butterfly/Butterfly n.png using Guid(82371b44f2e803046ab6bc43a1efb5e7) Importer(2089858483,0ecaa5967403d082aa24f35e1b516d23) [PhysX] Initialized MultithreadedTaskDispatcher with 20 workers.
 -> (artifact id: '45cc295a979a974e3b1e8b8e065559db') in 0.010571 seconds
Number of updated asset objects reloaded before import = 0
Number of asset objects unloaded after import = 1
========================================================================
Received Import Request.
  Time since last request: 0.376074 seconds.
  path: Assets/#NVJOB Boids/Example Scenes/Standard Assets/Effects/ImageEffects/Shaders/ScreenSpaceRaytrace.cginc
  artifactKey: Guid(26c67b7245085cf438e3d42d50d94f55) Importer(2089858483,0ecaa5967403d082aa24f35e1b516d23)
Start importing Assets/#NVJOB Boids/Example Scenes/Standard Assets/Effects/ImageEffects/Shaders/ScreenSpaceRaytrace.cginc using Guid(26c67b7245085cf438e3d42d50d94f55) Importer(2089858483,0ecaa5967403d082aa24f35e1b516d23) [PhysX] Initialized MultithreadedTaskDispatcher with 20 workers.
 -> (artifact id: 'e428fe806ff67439fa5c846d020727d5') in 0.004262 seconds
Number of updated asset objects reloaded before import = 0
Number of asset objects unloaded after import = 1
========================================================================
Received Import Request.
  Time since last request: 0.000026 seconds.
  path: Assets/#NVJOB Boids/Example Scenes/Other/Shark/Prefabs
  artifactKey: Guid(9a671c4985bdfa9499ad542323242325) Importer(2089858483,0ecaa5967403d082aa24f35e1b516d23)
Start importing Assets/#NVJOB Boids/Example Scenes/Other/Shark/Prefabs using Guid(9a671c4985bdfa9499ad542323242325) Importer(2089858483,0ecaa5967403d082aa24f35e1b516d23) [PhysX] Initialized MultithreadedTaskDispatcher with 20 workers.
 -> (artifact id: '1d7237fafb957ad4217fb9b437e8c611') in 0.003598 seconds
Number of updated asset objects reloaded before import = 0
Number of asset objects unloaded after import = 1
========================================================================
Received Import Request.
  Time since last request: 0.000018 seconds.
  path: Assets/#NVJOB Boids/Simple Boids/Prefabs/Fish/Fish 1 Pref.prefab
  artifactKey: Guid(164abfb7de0eb2440a88935c1d0c9d70) Importer(2089858483,0ecaa5967403d082aa24f35e1b516d23)
Start importing Assets/#NVJOB Boids/Simple Boids/Prefabs/Fish/Fish 1 Pref.prefab using Guid(164abfb7de0eb2440a88935c1d0c9d70) Importer(2089858483,0ecaa5967403d082aa24f35e1b516d23) [PhysX] Initialized MultithreadedTaskDispatcher with 20 workers.
 -> (artifact id: '99d724eee352d9019bbd1922e7ac15bd') in 0.006415 seconds
Number of updated asset objects reloaded before import = 0
Number of asset objects unloaded after import = 7
========================================================================
Received Import Request.
  Time since last request: 0.000019 seconds.
  path: Assets/#NVJOB Boids/Example Scenes/Standard Assets/Effects/ImageEffects/Scripts/GlobalFog.cs
  artifactKey: Guid(76b5ec6153a1d55438228df10fe66844) Importer(2089858483,0ecaa5967403d082aa24f35e1b516d23)
Start importing Assets/#NVJOB Boids/Example Scenes/Standard Assets/Effects/ImageEffects/Scripts/GlobalFog.cs using Guid(76b5ec6153a1d55438228df10fe66844) Importer(2089858483,0ecaa5967403d082aa24f35e1b516d23) [PhysX] Initialized MultithreadedTaskDispatcher with 20 workers.
 -> (artifact id: '46bcfc6987fc778a946a4ed41cd9eee1') in 0.004245 seconds
Number of updated asset objects reloaded before import = 0
Number of asset objects unloaded after import = 1
========================================================================
Received Import Request.
  Time since last request: 0.000020 seconds.
  path: Assets/#NVJOB Boids/Example Scenes/Standard Assets/Editor/ImageEffects/NoiseAndGrainEditor.cs
  artifactKey: Guid(abd63abcc46fbcb4588164b671b52d3b) Importer(2089858483,0ecaa5967403d082aa24f35e1b516d23)
Start importing Assets/#NVJOB Boids/Example Scenes/Standard Assets/Editor/ImageEffects/NoiseAndGrainEditor.cs using Guid(abd63abcc46fbcb4588164b671b52d3b) Importer(2089858483,0ecaa5967403d082aa24f35e1b516d23) [PhysX] Initialized MultithreadedTaskDispatcher with 20 workers.
 -> (artifact id: '54d8e824dc29ff473766015088e633ee') in 0.004913 seconds
Number of updated asset objects reloaded before import = 0
Number of asset objects unloaded after import = 1
========================================================================
Received Import Request.
  Time since last request: 0.000025 seconds.
  path: Assets/#NVJOB Boids/Example Scenes/Other/Shark
  artifactKey: Guid(8b76f28285c29004a8dd69726486ca48) Importer(2089858483,0ecaa5967403d082aa24f35e1b516d23)
Start importing Assets/#NVJOB Boids/Example Scenes/Other/Shark using Guid(8b76f28285c29004a8dd69726486ca48) Importer(2089858483,0ecaa5967403d082aa24f35e1b516d23) [PhysX] Initialized MultithreadedTaskDispatcher with 20 workers.
 -> (artifact id: 'c29eda1ea2e461df710a1e194220557f') in 0.003714 seconds
Number of updated asset objects reloaded before import = 0
Number of asset objects unloaded after import = 1
========================================================================
Received Import Request.
  Time since last request: 0.000023 seconds.
  path: Assets/#NVJOB Boids/Example Scenes/Standard Assets/Effects/ImageEffects/Shaders/_DepthOfField/SeparableBlur.shader
  artifactKey: Guid(e97c14fbb5ea04c3a902cc533d7fc5d1) Importer(2089858483,0ecaa5967403d082aa24f35e1b516d23)
Start importing Assets/#NVJOB Boids/Example Scenes/Standard Assets/Effects/ImageEffects/Shaders/_DepthOfField/SeparableBlur.shader using Guid(e97c14fbb5ea04c3a902cc533d7fc5d1) Importer(2089858483,0ecaa5967403d082aa24f35e1b516d23) [PhysX] Initialized MultithreadedTaskDispatcher with 20 workers.
 -> (artifact id: '79efd790aebab96b0770bcee2c533188') in 0.005988 seconds
Number of updated asset objects reloaded before import = 0
Number of asset objects unloaded after import = 1
========================================================================
Received Import Request.
  Time since last request: 0.000031 seconds.
  path: Assets/#NVJOB Boids/Example Scenes/Standard Assets/Effects/ImageEffects/Scripts/NoiseAndGrain.cs
  artifactKey: Guid(9191284b058eef549b7108b5f04e1117) Importer(2089858483,0ecaa5967403d082aa24f35e1b516d23)
Start importing Assets/#NVJOB Boids/Example Scenes/Standard Assets/Effects/ImageEffects/Scripts/NoiseAndGrain.cs using Guid(9191284b058eef549b7108b5f04e1117) Importer(2089858483,0ecaa5967403d082aa24f35e1b516d23) [PhysX] Initialized MultithreadedTaskDispatcher with 20 workers.
 -> (artifact id: '4dbcb5f431f4772b90773a0e402e4699') in 0.004751 seconds
Number of updated asset objects reloaded before import = 0
Number of asset objects unloaded after import = 1
========================================================================
Received Import Request.
  Time since last request: 0.000122 seconds.
  path: Assets/#NVJOB Boids/Example Scenes/Standard Assets/Effects/ImageEffects/Shaders/_Antialiasing
  artifactKey: Guid(6d55b5e91b95c41739cdf4f804dd383d) Importer(2089858483,0ecaa5967403d082aa24f35e1b516d23)
Start importing Assets/#NVJOB Boids/Example Scenes/Standard Assets/Effects/ImageEffects/Shaders/_Antialiasing using Guid(6d55b5e91b95c41739cdf4f804dd383d) Importer(2089858483,0ecaa5967403d082aa24f35e1b516d23) [PhysX] Initialized MultithreadedTaskDispatcher with 20 workers.
 -> (artifact id: '2aa1afb706d63882f144d6ab369c0f65') in 0.003588 seconds
Number of updated asset objects reloaded before import = 0
Number of asset objects unloaded after import = 1
========================================================================
Received Import Request.
  Time since last request: 0.390294 seconds.
  path: Assets/#NVJOB Boids/Example Scenes/Other/Arena/Mesh/Arena.fbx
  artifactKey: Guid(a19e5a981886ffd4a85dececf127e545) Importer(2089858483,0ecaa5967403d082aa24f35e1b516d23)
Start importing Assets/#NVJOB Boids/Example Scenes/Other/Arena/Mesh/Arena.fbx using Guid(a19e5a981886ffd4a85dececf127e545) Importer(2089858483,0ecaa5967403d082aa24f35e1b516d23) [PhysX] Initialized MultithreadedTaskDispatcher with 20 workers.
 -> (artifact id: 'f9246a37d4b52cade067b0891af058ba') in 0.033114 seconds
Number of updated asset objects reloaded before import = 0
Number of asset objects unloaded after import = 19
========================================================================
Received Import Request.
  Time since last request: 0.000020 seconds.
  path: Assets/#NVJOB Boids/Example Scenes/NVJOB Assets/Dynamic Sky Lite/Materials/tx 1.png
  artifactKey: Guid(cd782d67462f0d7428ba7695c522bb68) Importer(2089858483,0ecaa5967403d082aa24f35e1b516d23)
Start importing Assets/#NVJOB Boids/Example Scenes/NVJOB Assets/Dynamic Sky Lite/Materials/tx 1.png using Guid(cd782d67462f0d7428ba7695c522bb68) Importer(2089858483,0ecaa5967403d082aa24f35e1b516d23) [PhysX] Initialized MultithreadedTaskDispatcher with 20 workers.
 -> (artifact id: 'c18793190f5d6e112c773806925f2c33') in 0.010444 seconds
Number of updated asset objects reloaded before import = 0
Number of asset objects unloaded after import = 1
========================================================================
Received Import Request.
  Time since last request: 0.000078 seconds.
  path: Assets/#NVJOB Boids/Example Scenes/Standard Assets/Effects/ImageEffects/Shaders/ContrastComposite.shader
  artifactKey: Guid(273404942eede4ea1883ca1fb2942507) Importer(2089858483,0ecaa5967403d082aa24f35e1b516d23)
Start importing Assets/#NVJOB Boids/Example Scenes/Standard Assets/Effects/ImageEffects/Shaders/ContrastComposite.shader using Guid(273404942eede4ea1883ca1fb2942507) Importer(2089858483,0ecaa5967403d082aa24f35e1b516d23) [PhysX] Initialized MultithreadedTaskDispatcher with 20 workers.
 -> (artifact id: '8d9e6902821a18610f058565d7640788') in 0.005312 seconds
Number of updated asset objects reloaded before import = 0
Number of asset objects unloaded after import = 1
========================================================================
Received Import Request.
  Time since last request: 0.000023 seconds.
  path: Assets/#NVJOB Boids/Example Scenes/NVJOB Assets/Dynamic Sky Lite/Mesh
  artifactKey: Guid(25d1d413e3d88f541ab400253e7a238f) Importer(2089858483,0ecaa5967403d082aa24f35e1b516d23)
Start importing Assets/#NVJOB Boids/Example Scenes/NVJOB Assets/Dynamic Sky Lite/Mesh using Guid(25d1d413e3d88f541ab400253e7a238f) Importer(2089858483,0ecaa5967403d082aa24f35e1b516d23) [PhysX] Initialized MultithreadedTaskDispatcher with 20 workers.
 -> (artifact id: 'd12590b497b4a017833111616cd3528c') in 0.003889 seconds
Number of updated asset objects reloaded before import = 0
Number of asset objects unloaded after import = 1
========================================================================
Received Import Request.
  Time since last request: 0.000023 seconds.
  path: Assets/#NVJOB Boids/Example Scenes/Other/Sand/Materials/Caustics tex.png
  artifactKey: Guid(4d6d9811e9a572949a0adb61004f9909) Importer(2089858483,0ecaa5967403d082aa24f35e1b516d23)
Start importing Assets/#NVJOB Boids/Example Scenes/Other/Sand/Materials/Caustics tex.png using Guid(4d6d9811e9a572949a0adb61004f9909) Importer(2089858483,0ecaa5967403d082aa24f35e1b516d23) [PhysX] Initialized MultithreadedTaskDispatcher with 20 workers.
 -> (artifact id: '01146526b2a82694fe84ccc04a285f8e') in 0.008783 seconds
Number of updated asset objects reloaded before import = 0
Number of asset objects unloaded after import = 1
========================================================================
Received Import Request.
  Time since last request: 0.000019 seconds.
  path: Assets/#NVJOB Boids/Simple Boids/Prefabs/Fish/Fish 2a Pref.prefab
  artifactKey: Guid(d9e5ebbbbe4e59a4791eee801255a76a) Importer(2089858483,0ecaa5967403d082aa24f35e1b516d23)
Start importing Assets/#NVJOB Boids/Simple Boids/Prefabs/Fish/Fish 2a Pref.prefab using Guid(d9e5ebbbbe4e59a4791eee801255a76a) Importer(2089858483,0ecaa5967403d082aa24f35e1b516d23) [PhysX] Initialized MultithreadedTaskDispatcher with 20 workers.
 -> (artifact id: '25a4c4ab2ec18117fef43a9f56ac8448') in 0.006785 seconds
Number of updated asset objects reloaded before import = 0
Number of asset objects unloaded after import = 7
========================================================================
Received Import Request.
  Time since last request: 0.000021 seconds.
  path: Assets/#NVJOB Boids/Example Scenes/Standard Assets/Effects/ImageEffects/Scripts/PostEffectsHelper.cs
  artifactKey: Guid(50b03df8f04b5c441aaac5b7fccb4734) Importer(2089858483,0ecaa5967403d082aa24f35e1b516d23)
Start importing Assets/#NVJOB Boids/Example Scenes/Standard Assets/Effects/ImageEffects/Scripts/PostEffectsHelper.cs using Guid(50b03df8f04b5c441aaac5b7fccb4734) Importer(2089858483,0ecaa5967403d082aa24f35e1b516d23) [PhysX] Initialized MultithreadedTaskDispatcher with 20 workers.
 -> (artifact id: '461be878bd78bcad5d038a843348babb') in 0.004640 seconds
Number of updated asset objects reloaded before import = 0
Number of asset objects unloaded after import = 1
========================================================================
Received Import Request.
  Time since last request: 0.000019 seconds.
  path: Assets/#NVJOB Boids/Example Scenes/NVJOB Assets/Dynamic Sky Lite/Prefabs/Dynamic Sky.prefab
  artifactKey: Guid(8a12c745772ba924e85f705bd8ba1b74) Importer(2089858483,0ecaa5967403d082aa24f35e1b516d23)
Start importing Assets/#NVJOB Boids/Example Scenes/NVJOB Assets/Dynamic Sky Lite/Prefabs/Dynamic Sky.prefab using Guid(8a12c745772ba924e85f705bd8ba1b74) Importer(2089858483,0ecaa5967403d082aa24f35e1b516d23) [PhysX] Initialized MultithreadedTaskDispatcher with 20 workers.
 -> (artifact id: '03b113f24f41e8fd7b1cc2a3131e8da7') in 0.020154 seconds
Number of updated asset objects reloaded before import = 0
Number of asset objects unloaded after import = 18
========================================================================
Received Import Request.
  Time since last request: 0.351284 seconds.
  path: Assets/#NVJOB Boids/Example Scenes/Other/Sand/Prefabs/Sand 1.prefab
  artifactKey: Guid(68c5b749a9aa2f9428a406881fc6d481) Importer(2089858483,0ecaa5967403d082aa24f35e1b516d23)
Start importing Assets/#NVJOB Boids/Example Scenes/Other/Sand/Prefabs/Sand 1.prefab using Guid(68c5b749a9aa2f9428a406881fc6d481) Importer(2089858483,0ecaa5967403d082aa24f35e1b516d23) [PhysX] Initialized MultithreadedTaskDispatcher with 20 workers.
 -> (artifact id: '28614158346ec606f975b7a97d5f3b6d') in 0.006440 seconds
Number of updated asset objects reloaded before import = 0
Number of asset objects unloaded after import = 7
========================================================================
Received Import Request.
  Time since last request: 0.000018 seconds.
  path: Assets/#NVJOB Boids/Example Scenes/Standard Assets/Effects/ImageEffects/Shaders/_DepthOfField/DepthOfField34.shader
  artifactKey: Guid(987fb0677d01f43ce8a9dbf12271e668) Importer(2089858483,0ecaa5967403d082aa24f35e1b516d23)
Start importing Assets/#NVJOB Boids/Example Scenes/Standard Assets/Effects/ImageEffects/Shaders/_DepthOfField/DepthOfField34.shader using Guid(987fb0677d01f43ce8a9dbf12271e668) Importer(2089858483,0ecaa5967403d082aa24f35e1b516d23) [PhysX] Initialized MultithreadedTaskDispatcher with 20 workers.
 -> (artifact id: '69b464dbc4b8a9f45d86c736432f9366') in 0.005524 seconds
Number of updated asset objects reloaded before import = 0
Number of asset objects unloaded after import = 1
========================================================================
Received Import Request.
  Time since last request: 0.000026 seconds.
  path: Assets/#NVJOB Boids/Example Scenes/Standard Assets/Editor/ImageEffects/ColorCorrectionCurvesEditor.cs
  artifactKey: Guid(a4a9489f73e4f0344ab3fc97bdf5170b) Importer(2089858483,0ecaa5967403d082aa24f35e1b516d23)
Start importing Assets/#NVJOB Boids/Example Scenes/Standard Assets/Editor/ImageEffects/ColorCorrectionCurvesEditor.cs using Guid(a4a9489f73e4f0344ab3fc97bdf5170b) Importer(2089858483,0ecaa5967403d082aa24f35e1b516d23) [PhysX] Initialized MultithreadedTaskDispatcher with 20 workers.
 -> (artifact id: 'adcc46f8f1339570581808e039f70fff') in 0.006249 seconds
Number of updated asset objects reloaded before import = 0
Number of asset objects unloaded after import = 1
========================================================================
Received Import Request.
  Time since last request: 0.000018 seconds.
  path: Assets/#NVJOB Boids/Example Scenes/Other/Sand/Materials
  artifactKey: Guid(38abc242ebffc934785d1b82172afbf4) Importer(2089858483,0ecaa5967403d082aa24f35e1b516d23)
Start importing Assets/#NVJOB Boids/Example Scenes/Other/Sand/Materials using Guid(38abc242ebffc934785d1b82172afbf4) Importer(2089858483,0ecaa5967403d082aa24f35e1b516d23) [PhysX] Initialized MultithreadedTaskDispatcher with 20 workers.
 -> (artifact id: '75ffa5c6d411e64b67007e9b47ba4247') in 0.003427 seconds
Number of updated asset objects reloaded before import = 0
Number of asset objects unloaded after import = 1
========================================================================
Received Import Request.
  Time since last request: 0.000064 seconds.
  path: Assets/#NVJOB Boids/Example Scenes/Standard Assets/Effects/ImageEffects/Shaders/_BloomAndFlares/MultiPassHollywoodFlares.shader
  artifactKey: Guid(e2baf3cae8edc4daf94c9adc2154be00) Importer(2089858483,0ecaa5967403d082aa24f35e1b516d23)
Start importing Assets/#NVJOB Boids/Example Scenes/Standard Assets/Effects/ImageEffects/Shaders/_BloomAndFlares/MultiPassHollywoodFlares.shader using Guid(e2baf3cae8edc4daf94c9adc2154be00) Importer(2089858483,0ecaa5967403d082aa24f35e1b516d23) [PhysX] Initialized MultithreadedTaskDispatcher with 20 workers.
 -> (artifact id: '5d58184313795a8dc29dd1939d0a8d4c') in 0.004891 seconds
Number of updated asset objects reloaded before import = 0
Number of asset objects unloaded after import = 1
========================================================================
Received Import Request.
  Time since last request: 0.000017 seconds.
  path: Assets/#NVJOB Boids/Example Scenes/Standard Assets/Editor/ImageEffects/VignetteAndChromaticAberrationEditor.cs
  artifactKey: Guid(08126bf2baa528c4cb9c60340a24e5d6) Importer(2089858483,0ecaa5967403d082aa24f35e1b516d23)
Start importing Assets/#NVJOB Boids/Example Scenes/Standard Assets/Editor/ImageEffects/VignetteAndChromaticAberrationEditor.cs using Guid(08126bf2baa528c4cb9c60340a24e5d6) Importer(2089858483,0ecaa5967403d082aa24f35e1b516d23) [PhysX] Initialized MultithreadedTaskDispatcher with 20 workers.
 -> (artifact id: '5872b1031f3f3e0a5483066327260843') in 0.005731 seconds
Number of updated asset objects reloaded before import = 0
Number of asset objects unloaded after import = 1
========================================================================
Received Import Request.
  Time since last request: 0.000025 seconds.
  path: Assets/#NVJOB Boids/Example Scenes/Scenes/Fish Boids.unity
  artifactKey: Guid(32a17a59e28be644cbfabd316e9d3fe3) Importer(2089858483,0ecaa5967403d082aa24f35e1b516d23)
Start importing Assets/#NVJOB Boids/Example Scenes/Scenes/Fish Boids.unity using Guid(32a17a59e28be644cbfabd316e9d3fe3) Importer(2089858483,0ecaa5967403d082aa24f35e1b516d23) [PhysX] Initialized MultithreadedTaskDispatcher with 20 workers.
 -> (artifact id: 'a710cf2f02f49a9003fc10d662fc77d0') in 0.003453 seconds
Number of updated asset objects reloaded before import = 0
Number of asset objects unloaded after import = 1
========================================================================
Received Import Request.
  Time since last request: 0.413307 seconds.
  path: Assets/#NVJOB Boids/Example Scenes/Standard Assets/Effects/ImageEffects/Shaders/_BloomAndFlares/MobileBlur.shader
  artifactKey: Guid(f9d5fa183cd6b45eeb1491f74863cd91) Importer(2089858483,0ecaa5967403d082aa24f35e1b516d23)
Start importing Assets/#NVJOB Boids/Example Scenes/Standard Assets/Effects/ImageEffects/Shaders/_BloomAndFlares/MobileBlur.shader using Guid(f9d5fa183cd6b45eeb1491f74863cd91) Importer(2089858483,0ecaa5967403d082aa24f35e1b516d23) [PhysX] Initialized MultithreadedTaskDispatcher with 20 workers.
 -> (artifact id: 'efa0c853082770f8a6726fc4900c4980') in 0.004425 seconds
Number of updated asset objects reloaded before import = 0
Number of asset objects unloaded after import = 1
========================================================================
Received Import Request.
  Time since last request: 0.000019 seconds.
  path: Assets/#NVJOB Boids/Example Scenes/Standard Assets/Effects/ImageEffects/Shaders/_BloomAndFlares/LensFlareCreate.shader
  artifactKey: Guid(459fe69d2f6d74ddb92f04dbf45a866b) Importer(2089858483,0ecaa5967403d082aa24f35e1b516d23)
Start importing Assets/#NVJOB Boids/Example Scenes/Standard Assets/Effects/ImageEffects/Shaders/_BloomAndFlares/LensFlareCreate.shader using Guid(459fe69d2f6d74ddb92f04dbf45a866b) Importer(2089858483,0ecaa5967403d082aa24f35e1b516d23) [PhysX] Initialized MultithreadedTaskDispatcher with 20 workers.
 -> (artifact id: '31e0e753e13a40e37dab08a6aa219b20') in 0.004946 seconds
Number of updated asset objects reloaded before import = 0
Number of asset objects unloaded after import = 1
========================================================================
Received Import Request.
  Time since last request: 0.000021 seconds.
  path: Assets/#NVJOB Boids/Simple Boids/Mesh/Butterfly.fbx
  artifactKey: Guid(6c40a6e4f0d029d488833b90cf56c8ff) Importer(2089858483,0ecaa5967403d082aa24f35e1b516d23)
Start importing Assets/#NVJOB Boids/Simple Boids/Mesh/Butterfly.fbx using Guid(6c40a6e4f0d029d488833b90cf56c8ff) Importer(2089858483,0ecaa5967403d082aa24f35e1b516d23) [PhysX] Initialized MultithreadedTaskDispatcher with 20 workers.
 -> (artifact id: '88dcd68db1b5bec70a5dfad4803ecaf5') in 0.014463 seconds
Number of updated asset objects reloaded before import = 0
Number of asset objects unloaded after import = 7
========================================================================
Received Import Request.
  Time since last request: 0.000025 seconds.
  path: Assets/#NVJOB Boids/Example Scenes/Standard Assets/Effects/ImageEffects/Shaders/_Antialiasing/FXAA3Console.shader
  artifactKey: Guid(c547503fff0e8482ea5793727057041c) Importer(2089858483,0ecaa5967403d082aa24f35e1b516d23)
Start importing Assets/#NVJOB Boids/Example Scenes/Standard Assets/Effects/ImageEffects/Shaders/_Antialiasing/FXAA3Console.shader using Guid(c547503fff0e8482ea5793727057041c) Importer(2089858483,0ecaa5967403d082aa24f35e1b516d23) [PhysX] Initialized MultithreadedTaskDispatcher with 20 workers.
 -> (artifact id: '3b74bb5090da0bf1983c41540fd661ab') in 0.005201 seconds
Number of updated asset objects reloaded before import = 0
Number of asset objects unloaded after import = 1
========================================================================
Received Import Request.
  Time since last request: 0.000018 seconds.
  path: Assets/#NVJOB Boids/Simple Boids/Materials/Fish 1/Fish 1 A1.png
  artifactKey: Guid(507ed840cfeadef4ebe97bcabc7e9a6a) Importer(2089858483,0ecaa5967403d082aa24f35e1b516d23)
Start importing Assets/#NVJOB Boids/Simple Boids/Materials/Fish 1/Fish 1 A1.png using Guid(507ed840cfeadef4ebe97bcabc7e9a6a) Importer(2089858483,0ecaa5967403d082aa24f35e1b516d23) [PhysX] Initialized MultithreadedTaskDispatcher with 20 workers.
 -> (artifact id: '71e913c14ffeae9006ff9f25db8f8e50') in 0.009395 seconds
Number of updated asset objects reloaded before import = 0
Number of asset objects unloaded after import = 1
========================================================================
Received Import Request.
  Time since last request: 0.000021 seconds.
  path: Assets/#NVJOB Boids/Example Scenes/Standard Assets/Effects/ImageEffects/Shaders/_Antialiasing/NFAA.shader
  artifactKey: Guid(ce0cb2621f6d84e21a87414e471a3cce) Importer(2089858483,0ecaa5967403d082aa24f35e1b516d23)
Start importing Assets/#NVJOB Boids/Example Scenes/Standard Assets/Effects/ImageEffects/Shaders/_Antialiasing/NFAA.shader using Guid(ce0cb2621f6d84e21a87414e471a3cce) Importer(2089858483,0ecaa5967403d082aa24f35e1b516d23) [PhysX] Initialized MultithreadedTaskDispatcher with 20 workers.
 -> (artifact id: 'dd4da2c0d8fc43e14529726644d9c6fc') in 0.004975 seconds
Number of updated asset objects reloaded before import = 0
Number of asset objects unloaded after import = 1
========================================================================
Received Import Request.
  Time since last request: 0.000084 seconds.
  path: Assets/#NVJOB Boids/Example Scenes/Standard Assets/Effects/ImageEffects/Scripts/NoiseAndScratches.cs
  artifactKey: Guid(a88a26a276b4e47619ce2c5adad33fab) Importer(2089858483,0ecaa5967403d082aa24f35e1b516d23)
Start importing Assets/#NVJOB Boids/Example Scenes/Standard Assets/Effects/ImageEffects/Scripts/NoiseAndScratches.cs using Guid(a88a26a276b4e47619ce2c5adad33fab) Importer(2089858483,0ecaa5967403d082aa24f35e1b516d23) [PhysX] Initialized MultithreadedTaskDispatcher with 20 workers.
 -> (artifact id: '8878dde05a0e88782387a31c565d16fa') in 0.005155 seconds
Number of updated asset objects reloaded before import = 0
Number of asset objects unloaded after import = 1
========================================================================
Received Import Request.
  Time since last request: 0.000017 seconds.
  path: Assets/#NVJOB Boids/Example Scenes/Standard Assets/Editor/ImageEffects/BloomEditor.cs
  artifactKey: Guid(43fcc28c40e404d4eabfc88b1dbda7b5) Importer(2089858483,0ecaa5967403d082aa24f35e1b516d23)
Start importing Assets/#NVJOB Boids/Example Scenes/Standard Assets/Editor/ImageEffects/BloomEditor.cs using Guid(43fcc28c40e404d4eabfc88b1dbda7b5) Importer(2089858483,0ecaa5967403d082aa24f35e1b516d23) [PhysX] Initialized MultithreadedTaskDispatcher with 20 workers.
 -> (artifact id: 'fb336d85f9650dde307baf196064a7e9') in 0.006908 seconds
Number of updated asset objects reloaded before import = 0
Number of asset objects unloaded after import = 1
========================================================================
Received Import Request.
  Time since last request: 0.000022 seconds.
  path: Assets/#NVJOB Boids/Example Scenes/Other/Shark/Mesh/Shark.fbx
  artifactKey: Guid(5772bcb6de9b6824b9e82880f54ac269) Importer(2089858483,0ecaa5967403d082aa24f35e1b516d23)
Start importing Assets/#NVJOB Boids/Example Scenes/Other/Shark/Mesh/Shark.fbx using Guid(5772bcb6de9b6824b9e82880f54ac269) Importer(2089858483,0ecaa5967403d082aa24f35e1b516d23) [PhysX] Initialized MultithreadedTaskDispatcher with 20 workers.
 -> (artifact id: '2a1574fc9b8f61c3ee68f22912bcf605') in 0.010743 seconds
Number of updated asset objects reloaded before import = 0
Number of asset objects unloaded after import = 7
========================================================================
Received Import Request.
  Time since last request: 0.000020 seconds.
  path: Assets/#NVJOB Boids/Example Scenes/Standard Assets/Effects/ImageEffects/Scripts/ScreenOverlay.cs
  artifactKey: Guid(6f19108706fdce9469603d07980eb8ad) Importer(2089858483,0ecaa5967403d082aa24f35e1b516d23)
Start importing Assets/#NVJOB Boids/Example Scenes/Standard Assets/Effects/ImageEffects/Scripts/ScreenOverlay.cs using Guid(6f19108706fdce9469603d07980eb8ad) Importer(2089858483,0ecaa5967403d082aa24f35e1b516d23) [PhysX] Initialized MultithreadedTaskDispatcher with 20 workers.
 -> (artifact id: 'f606309726c86520cddbc9f33a9930b8') in 0.004498 seconds
Number of updated asset objects reloaded before import = 0
Number of asset objects unloaded after import = 1
========================================================================
Received Import Request.
  Time since last request: 9.251254 seconds.
  path: Assets/#NVJOB Boids/Example Scenes/Color Profile
  artifactKey: Guid(15d923707685e644ea1a98a116460638) Importer(815301076,1909f56bfc062723c751e8b465ee728b)
Start importing Assets/#NVJOB Boids/Example Scenes/Color Profile using Guid(15d923707685e644ea1a98a116460638) Importer(815301076,1909f56bfc062723c751e8b465ee728b) [PhysX] Initialized MultithreadedTaskDispatcher with 20 workers.
 -> (artifact id: '46b943ec341687207e55ed4349f19c03') in 0.000517 seconds
Number of updated asset objects reloaded before import = 0
Number of asset objects unloaded after import = 0
========================================================================
Received Import Request.
  Time since last request: 0.115201 seconds.
  path: Assets/#NVJOB Boids/Example Scenes/Color Profile/Bird.png
  artifactKey: Guid(b11e273987cffbc47a3c8e77b587560b) Importer(815301076,1909f56bfc062723c751e8b465ee728b)
Start importing Assets/#NVJOB Boids/Example Scenes/Color Profile/Bird.png using Guid(b11e273987cffbc47a3c8e77b587560b) Importer(815301076,1909f56bfc062723c751e8b465ee728b) [PhysX] Initialized MultithreadedTaskDispatcher with 20 workers.
[PhysX] Initialized MultithreadedTaskDispatcher with 20 workers.
 -> (artifact id: '5c12ecab8117c46cd0e326a478af8b2c') in 0.029986 seconds
Number of updated asset objects reloaded before import = 0
Number of asset objects unloaded after import = 2
========================================================================
Received Import Request.
  Time since last request: 5.707553 seconds.
  path: Assets/#NVJOB Boids/Example Scenes/NVJOB Assets/Jelly Sprite
  artifactKey: Guid(07de18a68e303154f9cbfcc5e7594095) Importer(815301076,1909f56bfc062723c751e8b465ee728b)
Start importing Assets/#NVJOB Boids/Example Scenes/NVJOB Assets/Jelly Sprite using Guid(07de18a68e303154f9cbfcc5e7594095) Importer(815301076,1909f56bfc062723c751e8b465ee728b) [PhysX] Initialized MultithreadedTaskDispatcher with 20 workers.
 -> (artifact id: '3dd9b9bcac16cbd34dbc34fd578ad2dd') in 0.000638 seconds
Number of updated asset objects reloaded before import = 0
Number of asset objects unloaded after import = 0
========================================================================
Received Import Request.
  Time since last request: 7.034751 seconds.
  path: Assets/#NVJOB Boids/Example Scenes/NVJOB Assets/FPS Counter/FPS Counter.prefab
  artifactKey: Guid(fc243675728653a4093f82ccb2e59921) Importer(815301076,1909f56bfc062723c751e8b465ee728b)
Start importing Assets/#NVJOB Boids/Example Scenes/NVJOB Assets/FPS Counter/FPS Counter.prefab using Guid(fc243675728653a4093f82ccb2e59921) Importer(815301076,1909f56bfc062723c751e8b465ee728b) [PhysX] Initialized MultithreadedTaskDispatcher with 20 workers.
 -> (artifact id: '6f0c9fb6cece479559138decf8bf92e3') in 0.016113 seconds
Number of updated asset objects reloaded before import = 0
Number of asset objects unloaded after import = 34
========================================================================
Received Import Request.
  Time since last request: 5.245667 seconds.
  path: Assets/#NVJOB Boids/Example Scenes/NVJOB Assets/Water Shader SAF
  artifactKey: Guid(df1f12f5764aa524a831c183c9d5a6c4) Importer(815301076,1909f56bfc062723c751e8b465ee728b)
Start importing Assets/#NVJOB Boids/Example Scenes/NVJOB Assets/Water Shader SAF using Guid(df1f12f5764aa524a831c183c9d5a6c4) Importer(815301076,1909f56bfc062723c751e8b465ee728b) [PhysX] Initialized MultithreadedTaskDispatcher with 20 workers.
 -> (artifact id: '595ab5fda5f9b2a599120362722355a2') in 0.000578 seconds
Number of updated asset objects reloaded before import = 0
Number of asset objects unloaded after import = 0
========================================================================
Received Import Request.
  Time since last request: 3.733954 seconds.
  path: Assets/#NVJOB Boids/Example Scenes/NVJOB Assets/Water Shader SAF/Prefabs
  artifactKey: Guid(66932479215cf8c419a3395324f3c17c) Importer(815301076,1909f56bfc062723c751e8b465ee728b)
Start importing Assets/#NVJOB Boids/Example Scenes/NVJOB Assets/Water Shader SAF/Prefabs using Guid(66932479215cf8c419a3395324f3c17c) Importer(815301076,1909f56bfc062723c751e8b465ee728b) [PhysX] Initialized MultithreadedTaskDispatcher with 20 workers.
 -> (artifact id: 'ee5d7c1c3eba2220c28076e48c90bfcc') in 0.000487 seconds
Number of updated asset objects reloaded before import = 0
Number of asset objects unloaded after import = 0
========================================================================
Received Import Request.
  Time since last request: 0.086076 seconds.
  path: Assets/#NVJOB Boids/Example Scenes/NVJOB Assets/Water Shader SAF/Prefabs/Water.prefab
  artifactKey: Guid(00a8346fcb0e22442b8bad5f0dcf0048) Importer(815301076,1909f56bfc062723c751e8b465ee728b)
Start importing Assets/#NVJOB Boids/Example Scenes/NVJOB Assets/Water Shader SAF/Prefabs/Water.prefab using Guid(00a8346fcb0e22442b8bad5f0dcf0048) Importer(815301076,1909f56bfc062723c751e8b465ee728b) [PhysX] Initialized MultithreadedTaskDispatcher with 20 workers.
[PhysX] Initialized MultithreadedTaskDispatcher with 20 workers.
 -> (artifact id: '85049522a6dd54cf124c6d54acecb3e4') in 0.182079 seconds
Number of updated asset objects reloaded before import = 0
Number of asset objects unloaded after import = 33
========================================================================
Received Prepare
Caller must complete domain reload
Begin MonoManager ReloadAssembly
- Loaded All Assemblies, in  0.395 seconds
Native extension for WindowsStandalone target not found
Mono: successfully reloaded assembly
- Finished resetting the current domain, in  1.163 seconds
Domain Reload Profiling: 1556ms
	BeginReloadAssembly (144ms)
		ExecutionOrderSort (0ms)
		DisableScriptedObjects (7ms)
		BackupInstance (0ms)
		ReleaseScriptingObjects (0ms)
		CreateAndSetChildDomain (39ms)
	RebuildCommonClasses (22ms)
	RebuildNativeTypeToScriptingClass (8ms)
	initialDomainReloadingComplete (23ms)
	LoadAllAssembliesAndSetupDomain (195ms)
		LoadAssemblies (236ms)
		RebuildTransferFunctionScriptingTraits (0ms)
		AnalyzeDomain (30ms)
			TypeCache.Refresh (7ms)
				TypeCache.ScanAssembly (0ms)
			ScanForSourceGeneratedMonoScriptInfo (14ms)
			ResolveRequiredComponents (7ms)
	FinalizeReload (1163ms)
		ReleaseScriptCaches (0ms)
		RebuildScriptCaches (0ms)
		SetupLoadedEditorAssemblies (337ms)
			LogAssemblyErrors (0ms)
			InitializePlatformSupportModulesInManaged (4ms)
			SetLoadedEditorAssemblies (2ms)
			RefreshPlugins (0ms)
			BeforeProcessingInitializeOnLoad (48ms)
			ProcessInitializeOnLoadAttributes (229ms)
			ProcessInitializeOnLoadMethodAttributes (49ms)
			AfterProcessingInitializeOnLoad (4ms)
			EditorAssembliesLoaded (0ms)
		ExecutionOrderSort2 (0ms)
		AwakeInstancesAfterBackupRestoration (17ms)
Refreshing native plugins compatible for Editor in 4.26 ms, found 3 plugins.
Preloading 0 native plugins for Editor in 0.00 ms.
Unloading 4733 Unused Serialized files (Serialized files now loaded: 0)
Unloading 65 unused Assets / (339.7 KB). Loaded Objects now: 5498.
Memory consumption went from 184.2 MB to 183.8 MB.
Total: 2.517300 ms (FindLiveObjects: 0.279200 ms CreateObjectMapping: 0.164300 ms MarkObjects: 1.966400 ms  DeleteObjects: 0.106600 ms)

Prepare: number of updated asset objects reloaded= 78
AssetImportParameters requested are different than current active one (requested -> active):
  custom:container-demuxer-ogg: 62fdf1f143b41e24485cea50d1cbac27 -> 
  custom:video-codec-MediaFoundation-h265: 746d11721c4dcdbdad8f713fa42b33f4 -> 
  custom:video-decoder-ogg-theora: a1e56fd34408186e4bbccfd4996cb3dc -> 
  custom:framework-win-MediaFoundation: 216162199b28c13a410421893ffa2e32 -> 
  custom:CustomObjectIndexerAttribute: 72b91833f83ae208fae7752999fa3104 -> 
  custom:container-demuxer-webm: 4f35f7cbe854078d1ac9338744f61a02 -> 
  custom:container-muxer-webm: aa71ff27fc2769a1b78a27578f13a17b -> 
  custom:video-decoder-webm-vp8: 9c59270c3fd7afecdb556c50c9e8de78 -> 
  custom:SearchIndexIgnoredProperties: e643bd26f0fe6173181afceb89e7c659 -> 
  custom:AudioImporter_EditorPlatform: d09bf68614088b80899f8185d706f6e7 -> 
  custom:scripting/monoscript/fileName/QuirkySeriesDemo.cs: f8068bd0b8200068f027dfb1007a3918 -> 
  custom:scripting/monoscript/fileName/RotateOnScroll.cs: 3ef7cf6f829c033adfcf5e1b21c9a004 -> 
  custom:video-encoder-webm-vp8: eb34c28f22e8b96e1ab97ce403110664 -> 
  custom:audio-decoder-ogg-vorbis: bf7c407c2cedff20999df2af8eb42d56 -> 
  custom:audio-encoder-webm-vorbis: bf7c407c2cedff20999df2af8eb42d56 -> 
  custom:scripting/precompiled-assembly-types:Assembly-CSharp-Editor: aca7125a3389c5f4127a11b74e5e93cb -> ad05dede46220d909c7351d9315a3489
  custom:scripting/precompiled-assembly-types:Assembly-CSharp: 20cdaaa988618e7c32f4baf96f88c255 -> 1c4670024369f7464554302e24b03338
Editor requested this worker to shutdown with reason: Scaling down because of idle timeout
TcpMessagingSession - receive error: operation aborted. errorcode: 995, details: The I/O operation has been aborted because of either a thread exit or an application request.
AssetImportWorker is now disconnected from the server
Process exiting
Exiting without the bug reporter. Application will terminate with return code 0